Log started: 8/9/2010 2:27:33 PM
Game 0.852
Info: Operating System: Microsoft Windows NT 6.1.7600.0 (32-bit)
Info: Runtime Framework: Net 2.0.50727.4927
Info: Engine SDK: Non-Commercial SDK
Info: Engine 32-bit version
Info: Physics system is initialized (Driver: ODE 0.11.1)
Info: OGRE: Added resource location 'C:\NeoAxis\NeoAxis Engine Non-Commercial SDK 0.852\Game - Copy (2)\Bin\Data' of type 'VirtualFileSystem' to resource group 'General' with recursive option
Info: OGRE: Loading library RenderSystem_Direct3D9.dll
Info: OGRE: Installing plugin: D3D9 RenderSystem
Info: OGRE: D3D9 : Direct3D9 Rendering Subsystem created.
Info: OGRE: D3D9: Driver Detection Starts
Info: OGRE: D3D9: Driver Detection Ends
Info: OGRE: Plugin successfully installed
Info: OGRE: CPU Identifier & Features
Info: OGRE: -------------------------
Info: OGRE:  *   CPU ID: GenuineIntel: Intel(R) Core(TM)2 Duo CPU     T7700  @ 2.40GHz
Info: OGRE:  *      SSE: yes
Info: OGRE:  *     SSE2: yes
Info: OGRE:  *     SSE3: yes
Info: OGRE:  *      MMX: yes
Info: OGRE:  *   MMXEXT: yes
Info: OGRE:  *    3DNOW: no
Info: OGRE:  * 3DNOWEXT: no
Info: OGRE:  *     CMOV: yes
Info: OGRE:  *      TSC: yes
Info: OGRE:  *      FPU: yes
Info: OGRE:  *      PRO: yes
Info: OGRE:  *       HT: no
Info: OGRE: -------------------------
Info: OGRE: D3D9 : Subsystem Initialising
Info: OGRE: Driver name: nvd3dum.dll
Info: OGRE: Driver description: NVIDIA GeForce 8600M GT
Info: OGRE: ***************************************
Info: OGRE: *** D3D9 : Subsystem Initialised OK ***
Info: OGRE: ***************************************
Info: OGRE: D3D9RenderSystem::_createRenderWindow "MainWindow", 640x480 fullscreen  miscParams: colourDepth=32 externalWindowHandle=1180538 
Info: OGRE: D3D9 : Created D3D9 Rendering Window 'MainWindow' : 1440x900, 32bpp
Info: OGRE: Registering ResourceManager for type Texture
Info: OGRE: Registering ResourceManager for type GpuProgram
Info: OGRE: D3D9: Vertex texture format supported - PF_FLOAT16_RGB
Info: OGRE: D3D9: Vertex texture format supported - PF_FLOAT16_RGBA
Info: OGRE: D3D9: Vertex texture format supported - PF_FLOAT32_RGB
Info: OGRE: D3D9: Vertex texture format supported - PF_FLOAT32_RGBA
Info: OGRE: D3D9: Vertex texture format supported - PF_FLOAT16_R
Info: OGRE: D3D9: Vertex texture format supported - PF_FLOAT32_R
Info: OGRE: D3D9: Vertex texture format supported - PF_FLOAT16_GR
Info: OGRE: D3D9: Vertex texture format supported - PF_FLOAT32_GR
Info: OGRE: RenderSystem capabilities
Info: OGRE: -------------------------
Info: OGRE: RenderSystem Name: Direct3D9 Rendering Subsystem
Info: OGRE: GPU Vendor: nvidia
Info: OGRE: Device Name: NVIDIA GeForce 8600M GT
Info: OGRE: Driver Version: 8.16.11.8861
Info: OGRE:  * Fixed function pipeline: yes
Info: OGRE:  * Hardware generation of mipmaps: yes
Info: OGRE:  * Texture blending: yes
Info: OGRE:  * Anisotropic texture filtering: yes
Info: OGRE:  * Dot product texture operation: yes
Info: OGRE:  * Cube mapping: yes
Info: OGRE:  * Hardware stencil buffer: yes
Info: OGRE:    - Stencil depth: 8
Info: OGRE:    - Two sided stencil support: yes
Info: OGRE:    - Wrap stencil values: yes
Info: OGRE:  * Hardware vertex / index buffers: yes
Info: OGRE:  * Vertex programs: yes
Info: OGRE:  * Fragment programs: yes
Info: OGRE:  * Geometry programs: no
Info: OGRE:  * Supported Shader Profiles: hlsl ps_1_1 ps_1_2 ps_1_3 ps_1_4 ps_2_0 ps_2_a ps_2_b ps_2_x ps_3_0 vs_1_1 vs_2_0 vs_2_a vs_2_x vs_3_0
Info: OGRE:  * Texture Compression: yes
Info: OGRE:    - DXT: yes
Info: OGRE:    - VTC: no
Info: OGRE:    - 3Dc: yes
Info: OGRE:  * Scissor Rectangle: yes
Info: OGRE:  * Hardware Occlusion Query: yes
Info: OGRE:  * User clip planes: yes
Info: OGRE:  * VET_UBYTE4 vertex element type: yes
Info: OGRE:  * Infinite far plane projection: yes
Info: OGRE:  * Hardware render-to-texture: yes
Info: OGRE:  * Floating point textures: yes
Info: OGRE:  * Non-power-of-two textures: yes
Info: OGRE:  * Volume textures: yes
Info: OGRE:  * Multiple Render Targets: 4
Info: OGRE:    - With different bit depths: yes
Info: OGRE:  * Point Sprites: yes
Info: OGRE:  * Extended point parameters: yes
Info: OGRE:  * Max Point Size: 8192
Info: OGRE:  * Vertex texture fetch: yes
Info: OGRE:    - Max vertex textures: 4
Info: OGRE:    - Vertex textures shared: no
Info: OGRE:  * Render to Vertex Buffer : no
Info: OGRE:  * Alpha to coverage: yes
Info: OGRE:  * Fetch4: no
Info: OGRE:  * Hardware Instancing: yes
Info: OGRE:  * DirectX per stage constants: yes
Info: OGRE:  * Max texture size: 8192
Info: OGRE: ResourceBackgroundQueue - threading disabled
Info: OGRE: Particle Renderer Type 'billboard' registered
Info: Renderer: GPU description: NVIDIA GeForce 8600M GT
Info: Renderer: GPU codename: GeForce_G80
Info: Renderer: Shader model 2.0: yes
Info: Renderer: Shader model 3.0: yes
Info: 2D texture render target pixel formats: ByteL ByteL R5G6B5 A8R8G8B8 A2R10G10B10 A2B10G10R10 Float16RGBA Float32RGBA X8R8G8B8 Depth24 ShortRGBA Float16R Float32R ShortGR Float16GR Float32GR
Info: OGRE: Parsing scripts for resource group Autodetect
Info: OGRE: Finished parsing scripts for resource group Autodetect
Info: OGRE: Parsing scripts for resource group General
Info: OGRE: Parsing script Materials\Common\AmbientOneTexture.program
Info: OGRE: Parsing script Materials\Common\GuiRendering.program
Info: OGRE: Parsing script Materials\Common\StdQuad_vp.program
Info: OGRE: Parsing script Materials\Common\DepthShadowmapDefaultCaster.material
Info: OGRE: Parsing script Materials\Common\DepthShadowmapDefaultCaster_ATI.material
Info: OGRE: Parsing script Materials\Common\DepthShadowmapDefaultCaster_nVidia.material
Info: OGRE: Parsing script Materials\PostEffects\Blur\Blur.material
Info: OGRE: Parsing script Materials\PostEffects\Glass\Glass.material
Info: OGRE: Parsing script Materials\PostEffects\Grayscale\Grayscale.material
Info: OGRE: Parsing script Materials\PostEffects\HDR\hdr_Bloom.material
Info: OGRE: Parsing script Materials\PostEffects\HDR\hdr_BrightPass.material
Info: OGRE: Parsing script Materials\PostEffects\HDR\hdr_CalculateAdaptedLuminance.material
Info: OGRE: Parsing script Materials\PostEffects\HDR\hdr_CopyLastAdaptedLuminance.material
Info: OGRE: Parsing script Materials\PostEffects\HDR\hdr_FinalToneMapping.material
Info: OGRE: Parsing script Materials\PostEffects\HDR\hdr_GaussianBlur5x5.material
Info: OGRE: Parsing script Materials\PostEffects\HDR\hdr_SampleLuminanceFinal.material
Info: OGRE: Parsing script Materials\PostEffects\HDR\hdr_SampleLuminanceInitial.material
Info: OGRE: Parsing script Materials\PostEffects\HDR\hdr_SampleLuminanceIterative.material
Info: OGRE: Parsing script Materials\PostEffects\HeatVision\HaatVision_LightToHeat.material
Info: OGRE: Parsing script Materials\PostEffects\HeatVision\HeatVision_Blur.material
Info: OGRE: Parsing script Materials\PostEffects\Invert\Invert.material
Info: OGRE: Parsing script Materials\PostEffects\LDRBloom\LDRBloom_Bloom.material
Info: OGRE: Parsing script Materials\PostEffects\LDRBloom\LDRBloom_BrightPass.material
Info: OGRE: Parsing script Materials\PostEffects\LDRBloom\LDRBloom_Final.material
Info: OGRE: Parsing script Materials\PostEffects\LDRBloom\LDRBloom_GaussianBlur5x5.material
Info: OGRE: Parsing script Materials\PostEffects\MotionBlur\MotionBlur_Combine.material
Info: OGRE: Parsing script Materials\PostEffects\MotionBlur\MotionBlur_Copyback.material
Info: OGRE: Parsing script Materials\PostEffects\MotionBlur\MotionBlur_Display.material
Info: OGRE: Parsing script Materials\PostEffects\OldTV\OldTV.material
Info: OGRE: Parsing script Materials\PostEffects\RadialBlur\RadialBlur.material
Info: OGRE: Parsing script Materials\PostEffects\Tiling\Tiling.material
Info: OGRE: Parsing script Materials\PostEffects\Blur\Blur.compositor
Info: OGRE: Parsing script Materials\PostEffects\Glass\Glass.compositor
Info: OGRE: Parsing script Materials\PostEffects\Grayscale\Grayscale.compositor
Info: OGRE: Parsing script Materials\PostEffects\HDR\hdr.compositor
Info: OGRE: Parsing script Materials\PostEffects\HeatVision\HeatVision.compositor
Info: OGRE: Parsing script Materials\PostEffects\Invert\Invert.compositor
Info: OGRE: Parsing script Materials\PostEffects\LDRBloom\LDRBloom.compositor
Info: OGRE: Parsing script Materials\PostEffects\MotionBlur\MotionBlur.compositor
Info: OGRE: Parsing script Materials\PostEffects\OldTV\OldTV.compositor
Info: OGRE: Parsing script Materials\PostEffects\RadialBlur\RadialBlur.compositor
Info: OGRE: Parsing script Materials\PostEffects\Tiling\Tiling.compositor
Info: OGRE: Parsing script _Tests\ParticleSystem\EmittersTest.particle
Info: OGRE: Parsing script Effects\ExplosionParticle\ExplosionParticle.particle
Info: OGRE: Parsing script Effects\FireParticle\BigFireParticle.particle
Info: OGRE: Parsing script Effects\FireParticle\FireParticle.particle
Info: OGRE: Parsing script Effects\GreenyNimbusParticle\GreenyNimbusParticle.particle
Info: OGRE: Parsing script Effects\ItemParticle\ItemParticle.particle
Info: OGRE: Parsing script Effects\SmallSmokeParticle\SmallSmokeParticle.particle
Info: OGRE: Parsing script Effects\SmallSmokeParticle2\SmallSmokeParticle2.particle
Info: OGRE: Parsing script Effects\SmokeParticle\SmokeParticle.particle
Info: OGRE: Parsing script Types\Bullets\ShotgunBullet\ShotgunBullet.particle
Info: OGRE: Parsing script Types\Bullets\ShotgunBullet\ShotgunBulletHit.particle
Info: OGRE: Parsing script Types\Bullets\SubmachineGunBullet\SubmachineGunBulletHit.particle
Info: OGRE: Parsing script Types\Bullets\SubmachineGunGrenade\SubmachineGunGrenadeParticle.particle
Info: OGRE: Parsing script Types\Dynamic\DestructibleHouse\DestructibleHouseFileParticle.particle
Info: OGRE: Parsing script Types\Dynamic\Fan\FanParticle\FanParticle.particle
Info: OGRE: Parsing script Types\Dynamic\Firework\FireworkBullet\FireworkBulletHit.particle
Info: OGRE: Parsing script Types\Dynamic\GasFlamePipe\GasFlamePipeParticle\GasFlamePipe.particle
Info: OGRE: Parsing script Types\Dynamic\Pipe\PipeLeak\PipeLeakFlameParticle\PipeLeakFlame.particle
Info: OGRE: Parsing script Types\Dynamic\Pipe\PipeLeak\PipeLeakSteamParticle\PipeLeakSteam.particle
Info: OGRE: Parsing script Types\RTSSpecific\Dynamic\RTSGeyser\RTSGeyserParticle.particle
Info: OGRE: Parsing script Types\RTSSpecific\Units\RTSConstructor\RTSConstructorBullet\RTSConstructorBulletHit.particle
Info: OGRE: Parsing script Types\RTSSpecific\Units\RTSRobot\RTSRobotBullet\RTSRobotBulletHit.particle
Info: OGRE: Parsing script Types\Special\WaterPlane\WaterSplash\WaterSplash.particle
Info: OGRE: Parsing script Types\Special\WaterPlane\WaterSplashWave\WaterSplashWave.particle
Info: OGRE: Parsing script Types\Units\Robot\RobotBullet\RobotBulletHit.particle
Info: OGRE: Parsing script Types\Units\Turret\TurretBullet\TurretBulletHit.particle
Info: OGRE: Parsing script Types\Units\Zombie\ZombieBullet\ZombieBulletHit.particle
Info: OGRE: Finished parsing scripts for resource group General
Info: OGRE: Parsing scripts for resource group Internal
Info: OGRE: Finished parsing scripts for resource group Internal
Info: Initializing high level material: _Tests\ParticleSystem\TestPointParticle.highMaterial
Info: Initializing high level material: Effects\DefaultFlare\DefaultFlare.highMaterial
Info: Initializing high level material: Effects\ExplosionParticle\ExplosionParticle.highMaterial
Info: Initializing high level material: Effects\FireParticle\FireParticle.highMaterial
Info: Initializing high level material: Effects\ItemParticle\ItemParticle.highMaterial
Info: Initializing high level material: Effects\SmokeParticle\SmokeParticle.highMaterial
Info: Initializing high level material: JigsawPuzzleGame\JigsawPuzzleImage.highMaterial
Info: Initializing high level material: JigsawPuzzleGame\JigsawPuzzleImageBackground.highMaterial
Info: Initializing high level material: Maps\PortalSystemDemo\StaticGeometry\Garage\FpsDemoGarage_Celling.highMaterial
Info: Initializing high level material: Maps\PortalSystemDemo\StaticGeometry\Garage\FpsDemoGarage_Floor.highMaterial
Info: Initializing high level material: Maps\PortalSystemDemo\StaticGeometry\Garage\FpsDemoGarage_OuterWall.highMaterial
Info: Initializing high level material: Maps\PortalSystemDemo\StaticGeometry\Garage\FpsDemoGarage_Roof.highMaterial
Info: Initializing high level material: Maps\PortalSystemDemo\StaticGeometry\Garage\FpsDemoGarage_Wall.highMaterial
Info: Initializing high level material: Maps\PortalSystemDemo\StaticGeometry\House\FpsDemoHouse_BrickWall.highMaterial
Info: Initializing high level material: Maps\PortalSystemDemo\StaticGeometry\House\FpsDemoHouse_Celling.highMaterial
Info: Initializing high level material: Maps\PortalSystemDemo\StaticGeometry\House\FpsDemoHouse_Floor.highMaterial
Info: Initializing high level material: Maps\PortalSystemDemo\StaticGeometry\House\FpsDemoHouse_LargeBricks.highMaterial
Info: Initializing high level material: Maps\PortalSystemDemo\StaticGeometry\House\FpsDemoHouse_WallMetal.highMaterial
Info: Initializing high level material: Maps\PortalSystemDemo\StaticGeometry\House\FpsDemoHouse_WallPainted.highMaterial
Info: Initializing high level material: Maps\RenderDemo\Materials\RenderDemoCelling.highMaterial
Info: Initializing high level material: Maps\RenderDemo\Materials\RenderDemoCorridorFloor.highMaterial
Info: Initializing high level material: Maps\RenderDemo\Materials\RenderDemoDoor.highMaterial
Info: Initializing high level material: Maps\RenderDemo\Materials\RenderDemoLamp.highMaterial
Info: Initializing high level material: Maps\RenderDemo\Materials\RenderDemoRoomFloor.highMaterial
Info: Initializing high level material: Maps\RenderDemo\Materials\RenderDemoTrims.highMaterial
Info: Initializing high level material: Maps\RenderDemo\Materials\RenderDemoWall.highMaterial
Info: Initializing high level material: Maps\RTSDemo\Models\RTSConcreteBlock\RTSConcreteBlock.highMaterial
Info: Initializing high level material: Maps\TankDemo\Resources\Meshes\FakeTrees\TankDemoFakeTrees.highMaterial
Info: Initializing high level material: Maps\TankDemo\Resources\Meshes\Stone\TankDemoStone.highMaterial
Info: Initializing high level material: Maps\TankDemo\Resources\Meshes\Trees\TankDemoTree_Bark.highMaterial
Info: Initializing high level material: Maps\TankDemo\Resources\Meshes\Trees\TankDemoTree_Leafs.highMaterial
Info: Initializing high level material: Maps\TPSArcadeDemo\Resources\Models\TPSDemoRock.highMaterial
Info: Initializing high level material: Maps\TPSArcadeDemo\Resources\Models\TPSDemoRockStone.highMaterial
Info: Initializing high level material: Maps\TurretDemo\Resources\Models\TurretDemoRock.highMaterial
Info: Initializing high level material: Maps\TurretDemo\Resources\Models\TurretDemoRockStone.highMaterial
Info: Initializing high level material: Maps\TurretDemo\Resources\Models\TurretDemoRockStone2.highMaterial
Info: Initializing high level material: Materials\Simple\Black.highMaterial
Info: Initializing high level material: Materials\Simple\Blue.highMaterial
Info: Initializing high level material: Materials\Simple\DarkBlue.highMaterial
Info: Initializing high level material: Materials\Simple\DarkGray.highMaterial
Info: Initializing high level material: Materials\Simple\DarkGreen.highMaterial
Info: Initializing high level material: Materials\Simple\DarkRed.highMaterial
Info: Initializing high level material: Materials\Simple\DarkYellow.highMaterial
Info: Initializing high level material: Materials\Simple\Gray.highMaterial
Info: Initializing high level material: Materials\Simple\Green.highMaterial
Info: Initializing high level material: Materials\Simple\Red.highMaterial
Info: Initializing high level material: Materials\Simple\White.highMaterial
Info: Initializing high level material: Materials\Simple\Yellow.highMaterial
Info: Initializing high level material: Models\Beam\Beam.highMaterial
Info: Initializing high level material: Models\RockBig\RockBig.highMaterial
Info: Initializing high level material: Models\Rooms\Rooms_Celling.highMaterial
Info: Initializing high level material: Models\Rooms\Rooms_Cells.highMaterial
Info: Initializing high level material: Models\Rooms\Rooms_ConcreteWall.highMaterial
Info: Initializing high level material: Models\Rooms\Rooms_FloorHall.highMaterial
Info: Initializing high level material: Models\Rooms\Rooms_PassageWall.highMaterial
Info: Initializing high level material: Models\SandBags\SandBags.highMaterial
Info: Initializing high level material: Types\Base\Light\LightFlare.highMaterial
Info: Initializing high level material: Types\Bullets\ShotgunBullet\ShotgunBulletHitParticle.highMaterial
Info: Initializing high level material: Types\Bullets\ShotgunBullet\ShotgunBulletRibbonTrail.highMaterial
Info: Initializing high level material: Types\Bullets\SubmachineGunBullet\SubmachineGunBulletHit.highMaterial
Info: Initializing high level material: Types\Decals\DefaultBulletDecal\DefaultBulletDecal.highMaterial
Info: Initializing high level material: Types\Decals\DefaultExplosionDecal\DefaultExplosionDecal.highMaterial
Info: Initializing high level material: Types\Decals\ZombieBulletDecal\ZombieBulletDecal.highMaterial
Info: Initializing high level material: Types\DecorativeObjects\DecorativeStones\DecorativeStones.highMaterial
Info: Initializing high level material: Types\DecorativeObjects\Ear\Ear.highMaterial
Info: Initializing high level material: Types\DecorativeObjects\FlowerWhite\FlowerWhite.highMaterial
Info: Initializing high level material: Types\DecorativeObjects\FlowerYellow\FlowerYellow.highMaterial
Info: Initializing high level material: Types\DecorativeObjects\GrassBrown\GrassBrown.highMaterial
Info: Initializing high level material: Types\DecorativeObjects\GrassGreen\GrassGreen.highMaterial
Info: Initializing high level material: Types\Dynamic\Ball\Ball.highMaterial
Info: Initializing high level material: Types\Dynamic\BooleanSwitch\BooleanSwitch.highMaterial
Info: Initializing high level material: Types\Dynamic\BooleanSwitch\BooleanSwitchOff.highMaterial
Info: Initializing high level material: Types\Dynamic\BooleanSwitch\BooleanSwitchOn.highMaterial
Info: Initializing high level material: Types\Dynamic\Box\Box.highMaterial
Info: Initializing high level material: Types\Dynamic\CubemapReflectedBall\CubemapReflectedBall.highMaterial
Info: Initializing high level material: Types\Dynamic\DestructibleHouse\DestructibleHouse.highMaterial
Info: Initializing high level material: Types\Dynamic\DestructibleHouse\DestructibleHouseWinDoor.highMaterial
Info: Initializing high level material: Types\Dynamic\Door\Door.highMaterial
Info: Initializing high level material: Types\Dynamic\ExampleMagicBall\ExampleMagicBallBlinkMaterial.highMaterial
Info: Initializing high level material: Types\Dynamic\ExplosionBarrel\ExplosionBarrel.highMaterial
Info: Initializing high level material: Types\Dynamic\Fan\Fan.highMaterial
Info: Initializing high level material: Types\Dynamic\Fan\FanParticle\FanParticle.highMaterial
Info: Initializing high level material: Types\Dynamic\Firework\FireworkBullet\FireworkBulletRibbonTrail.highMaterial
Info: Initializing high level material: Types\Dynamic\FlareTest\FlareTest.highMaterial
Info: Initializing high level material: Types\Dynamic\GasFlamePipe\GasFlamePipeParticle\GasFlamePipeParticle.highMaterial
Info: Initializing high level material: Types\Dynamic\HangingCable\HangingCable.highMaterial
Info: Initializing high level material: Types\Dynamic\HangingLamp\HangingLampBase.highMaterial
Info: Initializing high level material: Types\Dynamic\HangingLamp\HangingLampLamps.highMaterial
Info: Initializing high level material: Types\Dynamic\LightBall\LightBall.highMaterial
Info: Initializing high level material: Types\Dynamic\Pipe\PipeLeak\PipeLeakFlameParticle\PipeLeakFlameParticle.highMaterial
Info: Initializing high level material: Types\Dynamic\Pipe\PipeLeak\PipeLeakSteamParticle\PipeLeakSteamParticle.highMaterial
Info: Initializing high level material: Types\Dynamic\Pipe\PipeSwitch\PipeSwitch.highMaterial
Info: Initializing high level material: Types\Dynamic\Placard\Placard.highMaterial
Info: Initializing high level material: Types\Dynamic\Placard\Placard_Holders.highMaterial
Info: Initializing high level material: Types\Dynamic\Teleporter\Teleporter.highMaterial
Info: Initializing high level material: Types\Dynamic\Terminal\Terminal.highMaterial
Info: Initializing high level material: Types\Dynamic\Terminal\TerminalClientNotSupportedInfo.highMaterial
Info: Initializing high level material: Types\Dynamic\WindMill\WindMill.highMaterial
Info: Initializing high level material: Types\Dynamic\WindMill\WindMillFan.highMaterial
Info: Initializing high level material: Types\Dynamic\WoodBox\WoodBox.highMaterial
Info: Initializing high level material: Types\Dynamic\YellowBlinkGridObject\BlueBlinkGrid.highMaterial
Info: Initializing high level material: Types\Items\AccessCard\AccessCard.highMaterial
Info: Initializing high level material: Types\Items\BulletItems\ShotgunBulletsItem\ShotgunBulletsItem.highMaterial
Info: Initializing high level material: Types\Items\BulletItems\SubmachineGunBulletsItem\SubmachineGunBulletsItem.highMaterial
Info: Initializing high level material: Types\Items\Dynamite\Dynamite.highMaterial
Info: Initializing high level material: Types\Items\HealthItems\SmallHealthItem\SmallHealthItem.highMaterial
Info: Initializing high level material: Types\RTSSpecific\Special\RTSBuildMaterial\RTSBuildMaterial.highMaterial
Info: Initializing high level material: Types\RTSSpecific\Units\RTSConstructor\RTSConstructorBullet\RTSConstructorBulletHit.highMaterial
Info: Initializing high level material: Types\RTSSpecific\Units\RTSFactory\RTSFactory.highMaterial
Info: Initializing high level material: Types\RTSSpecific\Units\RTSFactory\RTSFactory2.highMaterial
Info: Initializing high level material: Types\RTSSpecific\Units\RTSFactory\RTSFactoryGlass.highMaterial
Info: Initializing high level material: Types\RTSSpecific\Units\RTSHeadquaters\RTSHeadquaters.highMaterial
Info: Initializing high level material: Types\RTSSpecific\Units\RTSHeadquaters\RTSHeadquaters2.highMaterial
Info: Initializing high level material: Types\RTSSpecific\Units\RTSMine\RTSMine.highMaterial
Info: Initializing high level material: Types\RTSSpecific\Units\RTSMine\RTSMine2.highMaterial
Info: Initializing high level material: Types\RTSSpecific\Units\RTSRobot\RTSRobotBullet\RTSRobotBulletHit.highMaterial
Info: Initializing high level material: Types\Sky\BlueDaySky\BlueDaySky.highMaterial
Info: Initializing high level material: Types\Special\WaterPlane\WaterSplash\WaterSplash.highMaterial
Info: Initializing high level material: Types\Special\WaterPlane\WaterSplashWave\WaterSplashWave.highMaterial
Info: Initializing high level material: Types\StaticObjects\EngineLogoPlacard\EngineLogoPlacard.highMaterial
Info: Initializing high level material: Types\StaticObjects\Eyes\Eyes.highMaterial
Info: Initializing high level material: Types\StaticObjects\Fir\Fir.highMaterial
Info: Initializing high level material: Types\StaticObjects\Maple\Maple.highMaterial
Info: Initializing high level material: Types\StaticObjects\Maple\MapleLOD1.highMaterial
Info: Initializing high level material: Types\StaticObjects\MineBoard\MineBoard.highMaterial
Info: Initializing high level material: Types\StaticObjects\OgreHead\BumpMappingExample\BumpMappingExample.highMaterial
Info: Initializing high level material: Types\StaticObjects\OgreHead\OgreHead.highMaterial
Info: Initializing high level material: Types\StaticObjects\OgreHead\OgreHeadAnimated.highMaterial
Info: Initializing high level material: Types\StaticObjects\OgreHead\OgreHeadDynamicDiffuseScale.highMaterial
Info: Initializing high level material: Types\StaticObjects\OgreHead\OgreHeadEyes.highMaterial
Info: Initializing high level material: Types\StaticObjects\OgreHead\OgreHeadFangs.highMaterial
Info: Initializing high level material: Types\StaticObjects\OgreHead\OgreHeadTransparentExample\OgreHeadTransparentExample.highMaterial
Info: Initializing high level material: Types\StaticObjects\OgreHead\PerPixelLightingExample\PerPixelLightingExample.highMaterial
Info: Initializing high level material: Types\StaticObjects\Palette\Palette.highMaterial
Info: Initializing high level material: Types\StaticObjects\Palm\Palm.highMaterial
Info: Initializing high level material: Types\StaticObjects\ParkingBarrier\ParkingBarrier.highMaterial
Info: Initializing high level material: Types\StaticObjects\Pipe\Pipe.highMaterial
Info: Initializing high level material: Types\StaticObjects\RabbitHead\RabbitHead.highMaterial
Info: Initializing high level material: Types\StaticObjects\StaticBox\StaticBox.highMaterial
Info: Initializing high level material: Types\StaticObjects\Stone\Stone.highMaterial
Info: Initializing high level material: Types\StaticObjects\StopSign\StopSign.highMaterial
Info: Initializing high level material: Types\StaticObjects\SwitchBox\SwitchBox.highMaterial
Info: Initializing high level material: Types\StaticObjects\WallLamp\WallLamp.highMaterial
Info: Initializing high level material: Types\Units\AwesomeAircraft\AircraftMat_Mat01.highMaterial
Info: Initializing high level material: Types\Units\AwesomeAircraft\AircraftMat_Mat02.highMaterial
Info: Initializing high level material: Types\Units\AwesomeAircraft\AircraftMat_Mat03.highMaterial
Info: Initializing high level material: Types\Units\AwesomeAircraft\AircraftMat_Mat04.highMaterial
Info: Initializing high level material: Types\Units\AwesomeAircraft\AircraftMat_Mat05.highMaterial
Info: Initializing high level material: Types\Units\AwesomeAircraft\AircraftMat_Mat06.highMaterial
Info: Initializing high level material: Types\Units\AwesomeAircraft\AircraftMat_Mat07.highMaterial
Info: Initializing high level material: Types\Units\AwesomeAircraft\AircraftMat_Mat08.highMaterial
Info: Initializing high level material: Types\Units\AwesomeAircraft\AircraftMat_Mat09.highMaterial
Info: Initializing high level material: Types\Units\AwesomeAircraft\AircraftMat_Mat10.highMaterial
Info: Initializing high level material: Types\Units\AwesomeAircraft\AircraftMat_Mat11.highMaterial
Info: Initializing high level material: Types\Units\AwesomeAircraft\AircraftMat_Mat12.highMaterial
Info: Initializing high level material: Types\Units\AwesomeAircraft\AwesomeAircraftWheelMat.highMaterial
Info: Initializing high level material: Types\Units\Bug\Bug.highMaterial
Info: Initializing high level material: Types\Units\Crane\CraneBase\CraneBase_ConcreteCleanColor.highMaterial
Info: Initializing high level material: Types\Units\Crane\CraneBase\CraneBase_MetalPaintedColor.highMaterial
Info: Initializing high level material: Types\Units\Crane\CraneBase\CraneBase_MetalPatern01Color.highMaterial
Info: Initializing high level material: Types\Units\Crane\CraneBase\CraneBase_MetalPatern02Color.highMaterial
Info: Initializing high level material: Types\Units\Crane\CraneGibbet\CraneGibbet_MetalPattern01Color.highMaterial
Info: Initializing high level material: Types\Units\Crane\CraneMagnet\CraneMagnet_MetalPatern02Color.highMaterial
Info: Initializing high level material: Types\Units\Crane\CraneTower\CraneTower_ConcreteBlockColor.highMaterial
Info: Initializing high level material: Types\Units\Crane\CraneTower\CraneTower_MetalPaintedColor.highMaterial
Info: Initializing high level material: Types\Units\Crane\CraneTower\CraneTower_MetalPatern_01Color.highMaterial
Info: Initializing high level material: Types\Units\Crane\CraneTower\CraneTower_MetalPatern02Color.highMaterial
Info: Initializing high level material: Types\Units\Crane\CraneTower\CraneTower_ObjectColor.highMaterial
Info: Initializing high level material: Types\Units\Girl\GirlBody.highMaterial
Info: Initializing high level material: Types\Units\Girl\GirlHairs.highMaterial
Info: Initializing high level material: Types\Units\Helicopter\Helicopter.highMaterial
Info: Initializing high level material: Types\Units\Rabbit\Rabbit.highMaterial
Info: Initializing high level material: Types\Units\Robot\Robot.highMaterial
Info: Initializing high level material: Types\Units\Robot\Robot2.highMaterial
Info: Initializing high level material: Types\Units\Robot\RobotBullet\RobotBulletHit.highMaterial
Info: Initializing high level material: Types\Units\TigerTank\TigerTank_Base.highMaterial
Info: Initializing high level material: Types\Units\TigerTank\TigerTank_LeftTrack.highMaterial
Info: Initializing high level material: Types\Units\TigerTank\TigerTank_RightTrack.highMaterial
Info: Initializing high level material: Types\Units\Turret\Turret.highMaterial
Info: Initializing high level material: Types\Units\Turret\TurretBullet\TurretBulletHit.highMaterial
Info: Initializing high level material: Types\Units\Zombie\Zombie.highMaterial
Info: Initializing high level material: Types\Units\Zombie\ZombieBullet\ZombieBullet.highMaterial
Info: Initializing high level material: Types\Units\Zombie\ZombieBullet\ZombieBulletHitParticle.highMaterial
Info: Initializing high level material: Types\Weapons\Hammer\Hammer.highMaterial
Info: Initializing high level material: Types\Weapons\Shotgun\Shotgun.highMaterial
Info: Initializing high level material: Types\Weapons\Shotgun\Shotgun_FPS.highMaterial
Info: Initializing high level material: Types\Weapons\SubmachineGun\SubmachineGun.highMaterial
Info: Initializing high level material: Types\Weapons\SubmachineGun\SubmachineGun_FPS.highMaterial
Info: Initializing high level material: Types\Weapons\SubmachineGun\SubmachineGunFire.highMaterial
Info: Initializing high level material: Utils\ResourceEditorGrid\ResourceEditorGrid_1.highMaterial
Info: Initializing high level material: Utils\ResourceEditorGrid\ResourceEditorGrid_2.highMaterial
Info: Sound system is initialized (Driver: DirectSound8)
Info: OGRE: Texture: Gui\Textures\MenuWindowBorder.png: Loading 1 faces(PF_A8R8G8B8,16x16x1) with  hardware generated mipmaps from Image. Internal format is PF_A8R8G8B8,16x16x1.
Info: OGRE: Texture: Gui\Textures\MenuWindowBackground.png: Loading 1 faces(PF_A8R8G8B8,32x32x1) with  hardware generated mipmaps from Image. Internal format is PF_A8R8G8B8,32x32x1.
Info: OGRE: Texture: Cursors\Default.png: Loading 1 faces(PF_A8R8G8B8,64x64x1) with 0 generated mipmaps from Image. Internal format is PF_A8R8G8B8,64x64x1.
Info: OGRE: Texture: __internal_w__.png: Loading 1 faces(PF_A8R8G8B8,128x128x1) with 0 generated mipmaps from Image. Internal format is PF_A8R8G8B8,128x128x1.
Info: OGRE: Texture: Gui\Various\Engine.png: Loading 1 faces(PF_R8G8B8,512x215x1) with 9 generated mipmaps from Image. Internal format is PF_X8R8G8B8,512x215x1.
Info: OGRE: Texture: Gui\Textures\MenuTitleBackground.png: Loading 1 faces(PF_A8R8G8B8,473x31x1) with 8 generated mipmaps from Image. Internal format is PF_A8R8G8B8,473x31x1.
Info: OGRE: D3D9 : Loading 2D Texture, image name : 'Maps\TankDemo\Description\preview.dds' with 2147483647 mip map levels
Info: OGRE: D3D9 : Loading 2D Texture, image name : 'Maps\TPSArcadeDemo\Description\preview.dds' with 2147483647 mip map levels
Info: OGRE: D3D9 : Loading 2D Texture, image name : 'Maps\RTSDemo\Description\preview.dds' with 2147483647 mip map levels
Info: OGRE: D3D9 : Loading 2D Texture, image name : 'Maps\TurretDemo\Description\preview.dds' with 2147483647 mip map levels
Info: OGRE: D3D9 : Loading 2D Texture, image name : 'Maps\ConstructionsDemo\Description\preview.dds' with 2147483647 mip map levels
Info: OGRE: D3D9 : Loading 2D Texture, image name : 'Maps\RenderDemo\Description\preview.dds' with 2147483647 mip map levels
Info: OGRE: D3D9 : Loading 2D Texture, image name : 'Maps\CutSceneDemo\Description\preview.dds' with 2147483647 mip map levels
Info: OGRE: Texture: Gui\Textures\MenuButton.png: Loading 1 faces(PF_A8R8G8B8,230x160x1) with 7 generated mipmaps from Image. Internal format is PF_A8R8G8B8,230x160x1.
Info: OGRE: Mesh: Loading Types\Dynamic\Ball\Ball.mesh.
Info: OGRE: D3D9 : Loading 2D Texture, image name : 'Types\Dynamic\Ball\Ball.dds' with 2147483647 mip map levels
Info: OGRE: D3D9 : Loading 2D Texture, image name : 'Maps\RenderDemo\Textures\FloorNormals.dds' with 2147483647 mip map levels
Info: OGRE: Mesh: Loading Maps\MainMenu\StaticGeometry\Data.mesh.
Info: OGRE: Texture: Types\Base\Light\LightFlare.jpg: Loading 1 faces(PF_R8G8B8,256x256x1) with  hardware generated mipmaps from Image. Internal format is PF_X8R8G8B8,256x256x1.
Info: OGRE: Texture: Materials\Common\RibbonBand.png: Loading 1 faces(PF_R8G8B8,128x128x1) with  hardware generated mipmaps from Image. Internal format is PF_X8R8G8B8,128x128x1.
Info: OGRE: Texture: Effects\DefaultFlare\DefaultFlare.jpg: Loading 1 faces(PF_R8G8B8,256x256x1) with  hardware generated mipmaps from Image. Internal format is PF_X8R8G8B8,256x256x1.
Info: OGRE: Texture: Effects/ItemParticle/Object.tga: Loading 1 faces(PF_R8G8B8,64x64x1) with  hardware generated mipmaps from Image. Internal format is PF_X8R8G8B8,64x64x1.
Info: OGRE: Texture: Materials\Common\White.jpg: Loading 1 faces(PF_R8G8B8,32x32x1) with  hardware generated mipmaps from Image. Internal format is PF_X8R8G8B8,32x32x1.
Info: OGRE: Texture: Types\Bullets\ShotgunBullet\ShotgunBulletHit.tga: Loading 1 faces(PF_R8G8B8,64x64x1) with  hardware generated mipmaps from Image. Internal format is PF_X8R8G8B8,64x64x1.
Info: OGRE: Mesh: Loading Types\Items\BulletItems\ShotgunBulletsItem\ShotgunBulletsItem.mesh.
Info: OGRE: D3D9 : Loading 2D Texture, image name : 'Types\Items\BulletItems\ShotgunBulletsItem\ShotgunBulletsItem.dds' with 2147483647 mip map levels
Info: OGRE: Texture: Gui\Textures\SignboardBackground.png: Loading 1 faces(PF_A8R8G8B8,512x64x1) with  hardware generated mipmaps from Image. Internal format is PF_A8R8G8B8,512x64x1.
Info: OGRE: Mesh: Loading Types\Dynamic\Door\Door.mesh.
Info: OGRE: D3D9 : Loading 2D Texture, image name : 'Types\Dynamic\Door\Door.dds' with 2147483647 mip map levels
Info: OGRE: Mesh: Loading Types\Weapons\Shotgun\Shotgun.mesh.
Info: OGRE: D3D9 : Loading 2D Texture, image name : 'Types\Weapons\Shotgun\Shotgun.dds' with 2147483647 mip map levels
Info: OGRE: Texture: Types\Weapons\Shotgun\ShotgunEmission.png: Loading 1 faces(PF_R8G8B8,128x128x1) with  hardware generated mipmaps from Image. Internal format is PF_X8R8G8B8,128x128x1.
Info: OGRE: Mesh: Loading Types\Dynamic\Terminal\Terminal.mesh.
Info: OGRE: D3D9 : Loading 2D Texture, image name : 'Types\Dynamic\Terminal\Terminal.dds' with 2147483647 mip map levels
Info: OGRE: Mesh: Loading Types\Dynamic\Terminal\TerminalBack.mesh.
Info: OGRE: Mesh: Loading Types\Dynamic\Terminal\TerminalClientNotSupportedInfo.mesh.
Info: OGRE: Texture: Types\Dynamic\Terminal\TerminalClientNotSupportedInfo.jpg: Loading 1 faces(PF_R8G8B8,256x256x1) with  hardware generated mipmaps from Image. Internal format is PF_X8R8G8B8,256x256x1.
Info: OGRE: D3D9 : Loading 2D Texture, image name : 'Maps\PhysicsDemo\Description\preview.dds' with 2147483647 mip map levels
Info: OGRE: D3D9 : Loading 2D Texture, image name : 'Maps\RagdollDemo\Description\preview.dds' with 2147483647 mip map levels
Info: OGRE: D3D9 : Loading 2D Texture, image name : 'Maps\SkirmishDemo\Description\preview.dds' with 2147483647 mip map levels
Info: OGRE: D3D9 : Loading 2D Texture, image name : 'Maps\SoundDemo\Description\preview.dds' with 2147483647 mip map levels
Info: OGRE: D3D9 : Loading 2D Texture, image name : 'Maps\PortalSystemDemo\Description\preview.dds' with 2147483647 mip map levels
Info: OGRE: D3D9 : Loading 2D Texture, image name : 'Maps\StaticLightingDemo\Description\preview.dds' with 2147483647 mip map levels
Info: OGRE: Mesh: Loading Types\Weapons\SubmachineGun\SubmachineGun.mesh.
Info: OGRE: D3D9 : Loading 2D Texture, image name : 'Types\Weapons\SubmachineGun\SubmachineGun.dds' with 2147483647 mip map levels
Info: OGRE: Mesh: Loading Types\Items\HealthItems\SmallHealthItem\SmallHealthItem.mesh.
Info: OGRE: D3D9 : Loading 2D Texture, image name : 'Types\Items\HealthItems\SmallHealthItem\SmallHealthItem.dds' with 2147483647 mip map levels
Info: OGRE: D3D9 : Loading 2D Texture, image name : 'Types\Items\HealthItems\SmallHealthItem\SmallHealthItem_Normals.dds' with 2147483647 mip map levels
Info: OGRE: Mesh: Loading Types\Items\BulletItems\SubmachineGunBulletsItem\SubmachineGunBulletsItem.mesh.
Info: OGRE: D3D9 : Loading 2D Texture, image name : 'Types\Items\BulletItems\SubmachineGunBulletsItem\SubmachineGunBulletsItem.dds' with 2147483647 mip map levels
Info: OGRE: D3D9 : Loading 2D Texture, image name : 'Types\Items\BulletItems\SubmachineGunBulletsItem\SubmachineGunBulletsItem_Normals.dds' with 2147483647 mip map levels
Info: OGRE: Mesh: Loading Types\Dynamic\Placard\PlacardHolders.mesh.
Info: OGRE: Mesh: Loading Types\Dynamic\Placard\Placard.mesh.
Info: OGRE: D3D9 : Loading 2D Texture, image name : 'Models\Rooms\CellingDiffuse.dds' with 2147483647 mip map levels
Info: OGRE: Mesh: Loading Types\StaticObjects\Pipe\PipeCorner\PipeCorner.mesh.
Info: OGRE: D3D9 : Loading 2D Texture, image name : 'Types\StaticObjects\Pipe\Pipe.dds' with 2147483647 mip map levels
Info: OGRE: Mesh: Loading Types\Dynamic\HangingLamp\HangingLamp.mesh.
Info: OGRE: D3D9 : Loading 2D Texture, image name : 'Types\Dynamic\HangingLamp\HangingLamp.dds' with 2147483647 mip map levels
Info: OGRE: Mesh: Loading Types\Dynamic\Fan\Base.mesh.
Info: OGRE: D3D9 : Loading 2D Texture, image name : 'Types\Dynamic\Fan\Fan.dds' with 2147483647 mip map levels
Info: OGRE: Mesh: Loading Types\Dynamic\Fan\Fan.mesh.
Info: OGRE: Mesh: Loading Types\Units\Zombie\Zombie.mesh.
Info: OGRE: Skeleton: Loading Types\Units\Zombie\Zombie.skeleton
Info: OGRE: D3D9 : Loading 2D Texture, image name : 'Types\Units\Zombie\Zombie1.dds' with 2147483647 mip map levels
Info: OGRE: D3D9 : Loading 2D Texture, image name : 'Models\Rooms\ConcreteWall.dds' with 2147483647 mip map levels
Info: OGRE: Mesh: Loading Maps\MainDemo\StaticGeometry\Data.mesh.
Info: OGRE: Mesh: Loading user:Caches\Maps\MainDemo\StaticMeshCache\TileItem00000.mesh.
Info: OGRE: Mesh: Loading user:Caches\Maps\MainDemo\StaticMeshCache\TileItem00001.mesh.
Info: OGRE: Mesh: Loading user:Caches\Maps\MainDemo\StaticMeshCache\TileItem00002.mesh.
Info: OGRE: Mesh: Loading user:Caches\Maps\MainDemo\StaticMeshCache\TileItem00003.mesh.
Info: OGRE: Mesh: Loading user:Caches\Maps\MainDemo\StaticMeshCache\TileItem00004.mesh.
Info: OGRE: Mesh: Loading user:Caches\Maps\MainDemo\StaticMeshCache\TileItem00005.mesh.
Info: OGRE: Mesh: Loading user:Caches\Maps\MainDemo\StaticMeshCache\TileItem00006.mesh.
Info: OGRE: Mesh: Loading user:Caches\Maps\MainDemo\StaticMeshCache\TileItem00007.mesh.
Info: OGRE: Mesh: Loading user:Caches\Maps\MainDemo\StaticMeshCache\TileItem00008.mesh.
Info: OGRE: Mesh: Loading user:Caches\Maps\MainDemo\StaticMeshCache\TileItem00009.mesh.
Info: OGRE: Mesh: Loading user:Caches\Maps\MainDemo\StaticMeshCache\TileItem00010.mesh.
Info: OGRE: Mesh: Loading user:Caches\Maps\MainDemo\StaticMeshCache\TileItem00011.mesh.
Info: OGRE: Mesh: Loading user:Caches\Maps\MainDemo\StaticMeshCache\TileItem00012.mesh.
Info: OGRE: Mesh: Loading user:Caches\Maps\MainDemo\StaticMeshCache\TileItem00013.mesh.
Info: OGRE: Mesh: Loading user:Caches\Maps\MainDemo\StaticMeshCache\TileItem00014.mesh.
Info: OGRE: Mesh: Loading user:Caches\Maps\MainDemo\StaticMeshCache\TileItem00015.mesh.
Info: OGRE: Mesh: Loading user:Caches\Maps\MainDemo\StaticMeshCache\TileItem00016.mesh.
Info: OGRE: Mesh: Loading user:Caches\Maps\MainDemo\StaticMeshCache\TileItem00017.mesh.
Info: OGRE: Mesh: Loading user:Caches\Maps\MainDemo\StaticMeshCache\TileItem00018.mesh.
Info: OGRE: Mesh: Loading user:Caches\Maps\MainDemo\StaticMeshCache\TileItem00019.mesh.
Info: OGRE: Mesh: Loading user:Caches\Maps\MainDemo\StaticMeshCache\TileItem00020.mesh.
Info: OGRE: Mesh: Loading user:Caches\Maps\MainDemo\StaticMeshCache\TileItem00021.mesh.
Info: OGRE: Mesh: Loading user:Caches\Maps\MainDemo\StaticMeshCache\TileItem00022.mesh.
Info: OGRE: Mesh: Loading user:Caches\Maps\MainDemo\StaticMeshCache\TileItem00023.mesh.
Info: OGRE: Mesh: Loading user:Caches\Maps\MainDemo\StaticMeshCache\TileItem00024.mesh.
Info: OGRE: Mesh: Loading user:Caches\Maps\MainDemo\StaticMeshCache\TileItem00025.mesh.
Info: OGRE: Mesh: Loading user:Caches\Maps\MainDemo\StaticMeshCache\TileItem00026.mesh.
Info: OGRE: Mesh: Loading user:Caches\Maps\MainDemo\StaticMeshCache\TileItem00027.mesh.
Info: OGRE: Mesh: Loading user:Caches\Maps\MainDemo\StaticMeshCache\TileItem00028.mesh.
Info: OGRE: Mesh: Loading user:Caches\Maps\MainDemo\StaticMeshCache\TileItem00029.mesh.
Info: OGRE: Mesh: Loading user:Caches\Maps\MainDemo\StaticMeshCache\TileItem00030.mesh.
Info: OGRE: Mesh: Loading user:Caches\Maps\MainDemo\StaticMeshCache\TileItem00031.mesh.
Info: OGRE: Mesh: Loading user:Caches\Maps\MainDemo\StaticMeshCache\TileItem00032.mesh.
Info: OGRE: Mesh: Loading user:Caches\Maps\MainDemo\StaticMeshCache\TileItem00033.mesh.
Info: OGRE: Mesh: Loading user:Caches\Maps\MainDemo\StaticMeshCache\TileItem00034.mesh.
Info: OGRE: Mesh: Loading user:Caches\Maps\MainDemo\StaticMeshCache\TileItem00035.mesh.
Info: OGRE: Mesh: Loading user:Caches\Maps\MainDemo\StaticMeshCache\TileItem00036.mesh.
Info: OGRE: Mesh: Loading user:Caches\Maps\MainDemo\StaticMeshCache\TileItem00037.mesh.
Info: OGRE: Mesh: Loading user:Caches\Maps\MainDemo\StaticMeshCache\TileItem00038.mesh.
Info: OGRE: Mesh: Loading user:Caches\Maps\MainDemo\StaticMeshCache\TileItem00039.mesh.
Info: OGRE: Mesh: Loading user:Caches\Maps\MainDemo\StaticMeshCache\TileItem00040.mesh.
Info: OGRE: Mesh: Loading user:Caches\Maps\MainDemo\StaticMeshCache\TileItem00041.mesh.
Info: OGRE: Mesh: Loading user:Caches\Maps\MainDemo\StaticMeshCache\TileItem00042.mesh.
Info: OGRE: Mesh: Loading user:Caches\Maps\MainDemo\StaticMeshCache\TileItem00043.mesh.
Info: OGRE: Mesh: Loading user:Caches\Maps\MainDemo\StaticMeshCache\TileItem00044.mesh.
Info: OGRE: Mesh: Loading user:Caches\Maps\MainDemo\StaticMeshCache\TileItem00045.mesh.
Info: OGRE: Mesh: Loading user:Caches\Maps\MainDemo\StaticMeshCache\TileItem00046.mesh.
Info: OGRE: Mesh: Loading user:Caches\Maps\MainDemo\StaticMeshCache\TileItem00047.mesh.
Info: OGRE: Mesh: Loading user:Caches\Maps\MainDemo\StaticMeshCache\TileItem00048.mesh.
Info: OGRE: Mesh: Loading user:Caches\Maps\MainDemo\StaticMeshCache\TileItem00049.mesh.
Info: OGRE: Mesh: Loading user:Caches\Maps\MainDemo\StaticMeshCache\TileItem00050.mesh.
Info: OGRE: Mesh: Loading user:Caches\Maps\MainDemo\StaticMeshCache\TileItem00051.mesh.
Info: OGRE: Mesh: Loading user:Caches\Maps\MainDemo\StaticMeshCache\TileItem00052.mesh.
Info: OGRE: Mesh: Loading user:Caches\Maps\MainDemo\StaticMeshCache\TileItem00053.mesh.
Info: OGRE: Mesh: Loading user:Caches\Maps\MainDemo\StaticMeshCache\TileItem00054.mesh.
Info: OGRE: Mesh: Loading user:Caches\Maps\MainDemo\StaticMeshCache\TileItem00055.mesh.
Info: OGRE: Mesh: Loading user:Caches\Maps\MainDemo\StaticMeshCache\TileItem00056.mesh.
Info: OGRE: Mesh: Loading user:Caches\Maps\MainDemo\StaticMeshCache\TileItem00057.mesh.
Info: OGRE: Mesh: Loading user:Caches\Maps\MainDemo\StaticMeshCache\TileItem00058.mesh.
Info: OGRE: Mesh: Loading user:Caches\Maps\MainDemo\StaticMeshCache\TileItem00059.mesh.
Info: OGRE: Mesh: Loading user:Caches\Maps\MainDemo\StaticMeshCache\TileItem00060.mesh.
Info: OGRE: Mesh: Loading user:Caches\Maps\MainDemo\StaticMeshCache\TileItem00061.mesh.
Info: OGRE: Mesh: Loading user:Caches\Maps\MainDemo\StaticMeshCache\TileItem00062.mesh.
Info: OGRE: Mesh: Loading user:Caches\Maps\MainDemo\StaticMeshCache\TileItem00063.mesh.
Info: OGRE: Mesh: Loading user:Caches\Maps\MainDemo\StaticMeshCache\TileItem00064.mesh.
Info: OGRE: Mesh: Loading user:Caches\Maps\MainDemo\StaticMeshCache\TileItem00065.mesh.
Info: OGRE: Mesh: Loading user:Caches\Maps\MainDemo\StaticMeshCache\TileItem00066.mesh.
Info: OGRE: Mesh: Loading user:Caches\Maps\MainDemo\StaticMeshCache\TileItem00067.mesh.
Info: OGRE: Mesh: Loading user:Caches\Maps\MainDemo\StaticMeshCache\TileItem00068.mesh.
Info: OGRE: Mesh: Loading user:Caches\Maps\MainDemo\StaticMeshCache\TileItem00069.mesh.
Info: OGRE: Mesh: Loading user:Caches\Maps\MainDemo\StaticMeshCache\TileItem00070.mesh.
Info: OGRE: Mesh: Loading user:Caches\Maps\MainDemo\StaticMeshCache\TileItem00071.mesh.
Info: OGRE: Mesh: Loading user:Caches\Maps\MainDemo\StaticMeshCache\TileItem00072.mesh.
Info: OGRE: Mesh: Loading user:Caches\Maps\MainDemo\StaticMeshCache\TileItem00073.mesh.
Info: OGRE: Mesh: Loading user:Caches\Maps\MainDemo\StaticMeshCache\TileItem00074.mesh.
Info: OGRE: Mesh: Loading user:Caches\Maps\MainDemo\StaticMeshCache\TileItem00075.mesh.
Info: OGRE: Mesh: Loading user:Caches\Maps\MainDemo\StaticMeshCache\TileItem00076.mesh.
Info: OGRE: Mesh: Loading user:Caches\Maps\MainDemo\StaticMeshCache\TileItem00077.mesh.
Info: OGRE: Mesh: Loading user:Caches\Maps\MainDemo\StaticMeshCache\TileItem00078.mesh.
Info: OGRE: Mesh: Loading user:Caches\Maps\MainDemo\StaticMeshCache\TileItem00079.mesh.
Info: OGRE: Mesh: Loading user:Caches\Maps\MainDemo\StaticMeshCache\TileItem00080.mesh.
Info: OGRE: Mesh: Loading user:Caches\Maps\MainDemo\StaticMeshCache\TileItem00081.mesh.
Info: OGRE: Mesh: Loading user:Caches\Maps\MainDemo\StaticMeshCache\TileItem00082.mesh.
Info: OGRE: Mesh: Loading user:Caches\Maps\MainDemo\StaticMeshCache\TileItem00083.mesh.
Info: OGRE: Mesh: Loading user:Caches\Maps\MainDemo\StaticMeshCache\TileItem00084.mesh.
Info: OGRE: Mesh: Loading user:Caches\Maps\MainDemo\StaticMeshCache\TileItem00085.mesh.
Info: OGRE: Mesh: Loading user:Caches\Maps\MainDemo\StaticMeshCache\TileItem00086.mesh.
Info: OGRE: Mesh: Loading user:Caches\Maps\MainDemo\StaticMeshCache\TileItem00087.mesh.
Info: OGRE: Mesh: Loading user:Caches\Maps\MainDemo\StaticMeshCache\TileItem00088.mesh.
Info: OGRE: Mesh: Loading user:Caches\Maps\MainDemo\StaticMeshCache\TileItem00089.mesh.
Info: OGRE: Mesh: Loading user:Caches\Maps\MainDemo\StaticMeshCache\TileItem00090.mesh.
Info: OGRE: Mesh: Loading user:Caches\Maps\MainDemo\StaticMeshCache\TileItem00091.mesh.
Info: OGRE: Mesh: Loading user:Caches\Maps\MainDemo\StaticMeshCache\TileItem00092.mesh.
Info: OGRE: Mesh: Loading user:Caches\Maps\MainDemo\StaticMeshCache\TileItem00093.mesh.
Info: OGRE: Mesh: Loading user:Caches\Maps\MainDemo\StaticMeshCache\TileItem00094.mesh.
Info: OGRE: Mesh: Loading user:Caches\Maps\MainDemo\StaticMeshCache\TileItem00095.mesh.
Info: OGRE: Mesh: Loading user:Caches\Maps\MainDemo\StaticMeshCache\TileItem00096.mesh.
Info: OGRE: Mesh: Loading user:Caches\Maps\MainDemo\StaticMeshCache\TileItem00097.mesh.
Info: OGRE: Mesh: Loading user:Caches\Maps\MainDemo\StaticMeshCache\TileItem00098.mesh.
Info: OGRE: Mesh: Loading user:Caches\Maps\MainDemo\StaticMeshCache\TileItem00099.mesh.
Info: OGRE: Mesh: Loading user:Caches\Maps\MainDemo\StaticMeshCache\TileItem00100.mesh.
Info: OGRE: Mesh: Loading user:Caches\Maps\MainDemo\StaticMeshCache\TileItem00101.mesh.
Info: OGRE: Mesh: Loading user:Caches\Maps\MainDemo\StaticMeshCache\TileItem00102.mesh.
Info: OGRE: Mesh: Loading user:Caches\Maps\MainDemo\StaticMeshCache\TileItem00103.mesh.
Info: OGRE: Mesh: Loading user:Caches\Maps\MainDemo\StaticMeshCache\TileItem00104.mesh.
Info: OGRE: Mesh: Loading user:Caches\Maps\MainDemo\StaticMeshCache\TileItem00105.mesh.
Info: OGRE: Mesh: Loading user:Caches\Maps\MainDemo\StaticMeshCache\TileItem00106.mesh.
Info: OGRE: Mesh: Loading user:Caches\Maps\MainDemo\StaticMeshCache\TileItem00107.mesh.
Info: OGRE: Mesh: Loading user:Caches\Maps\MainDemo\StaticMeshCache\TileItem00108.mesh.
Info: OGRE: Mesh: Loading user:Caches\Maps\MainDemo\StaticMeshCache\TileItem00109.mesh.
Info: OGRE: Mesh: Loading user:Caches\Maps\MainDemo\StaticMeshCache\TileItem00110.mesh.
Info: OGRE: Mesh: Loading user:Caches\Maps\MainDemo\StaticMeshCache\TileItem00111.mesh.
Info: OGRE: Mesh: Loading user:Caches\Maps\MainDemo\StaticMeshCache\TileItem00112.mesh.
Info: OGRE: Mesh: Loading user:Caches\Maps\MainDemo\StaticMeshCache\TileItem00113.mesh.
Info: OGRE: Mesh: Loading user:Caches\Maps\MainDemo\StaticMeshCache\TileItem00114.mesh.
Info: OGRE: Mesh: Loading user:Caches\Maps\MainDemo\StaticMeshCache\TileItem00115.mesh.
Info: OGRE: Mesh: Loading user:Caches\Maps\MainDemo\StaticMeshCache\TileItem00116.mesh.
Info: OGRE: Mesh: Loading user:Caches\Maps\MainDemo\StaticMeshCache\TileItem00117.mesh.
Info: OGRE: Mesh: Loading user:Caches\Maps\MainDemo\StaticMeshCache\TileItem00118.mesh.
Info: OGRE: Mesh: Loading user:Caches\Maps\MainDemo\StaticMeshCache\TileItem00119.mesh.
Info: OGRE: Mesh: Loading user:Caches\Maps\MainDemo\StaticMeshCache\TileItem00120.mesh.
Info: OGRE: Mesh: Loading user:Caches\Maps\MainDemo\StaticMeshCache\TileItem00121.mesh.
Info: OGRE: Mesh: Loading user:Caches\Maps\MainDemo\StaticMeshCache\TileItem00122.mesh.
Info: OGRE: Mesh: Loading user:Caches\Maps\MainDemo\StaticMeshCache\TileItem00123.mesh.
Info: OGRE: Mesh: Loading user:Caches\Maps\MainDemo\StaticMeshCache\TileItem00124.mesh.
Info: OGRE: Mesh: Loading user:Caches\Maps\MainDemo\StaticMeshCache\TileItem00125.mesh.
Info: OGRE: Mesh: Loading user:Caches\Maps\MainDemo\StaticMeshCache\TileItem00126.mesh.
Info: OGRE: Mesh: Loading user:Caches\Maps\MainDemo\StaticMeshCache\TileItem00127.mesh.
Info: OGRE: Mesh: Loading user:Caches\Maps\MainDemo\StaticMeshCache\TileItem00128.mesh.
Info: OGRE: Mesh: Loading user:Caches\Maps\MainDemo\StaticMeshCache\TileItem00129.mesh.
Info: OGRE: Mesh: Loading user:Caches\Maps\MainDemo\StaticMeshCache\TileItem00130.mesh.
Info: OGRE: Mesh: Loading user:Caches\Maps\MainDemo\StaticMeshCache\TileItem00131.mesh.
Info: OGRE: Mesh: Loading user:Caches\Maps\MainDemo\StaticMeshCache\TileItem00132.mesh.
Info: OGRE: Mesh: Loading user:Caches\Maps\MainDemo\StaticMeshCache\TileItem00133.mesh.
Info: OGRE: Mesh: Loading user:Caches\Maps\MainDemo\StaticMeshCache\TileItem00134.mesh.
Info: OGRE: Mesh: Loading user:Caches\Maps\MainDemo\StaticMeshCache\TileItem00135.mesh.
Info: OGRE: Mesh: Loading user:Caches\Maps\MainDemo\StaticMeshCache\TileItem00136.mesh.
Info: OGRE: Mesh: Loading user:Caches\Maps\MainDemo\StaticMeshCache\TileItem00137.mesh.
Info: OGRE: Mesh: Loading user:Caches\Maps\MainDemo\StaticMeshCache\TileItem00138.mesh.
Info: OGRE: Mesh: Loading user:Caches\Maps\MainDemo\StaticMeshCache\TileItem00139.mesh.
Info: OGRE: Mesh: Loading user:Caches\Maps\MainDemo\StaticMeshCache\TileItem00140.mesh.
Info: OGRE: Mesh: Loading user:Caches\Maps\MainDemo\StaticMeshCache\TileItem00141.mesh.
Info: OGRE: Mesh: Loading user:Caches\Maps\MainDemo\StaticMeshCache\TileItem00142.mesh.
Info: OGRE: Mesh: Loading user:Caches\Maps\MainDemo\StaticMeshCache\TileItem00143.mesh.
Info: OGRE: Mesh: Loading user:Caches\Maps\MainDemo\StaticMeshCache\TileItem00144.mesh.
Info: OGRE: Mesh: Loading user:Caches\Maps\MainDemo\StaticMeshCache\TileItem00145.mesh.
Info: OGRE: Mesh: Loading user:Caches\Maps\MainDemo\StaticMeshCache\TileItem00146.mesh.
Info: OGRE: Mesh: Loading user:Caches\Maps\MainDemo\StaticMeshCache\TileItem00147.mesh.
Info: OGRE: Mesh: Loading user:Caches\Maps\MainDemo\StaticMeshCache\TileItem00148.mesh.
Info: OGRE: Mesh: Loading user:Caches\Maps\MainDemo\StaticMeshCache\TileItem00149.mesh.
Info: OGRE: Mesh: Loading user:Caches\Maps\MainDemo\StaticMeshCache\TileItem00150.mesh.
Info: OGRE: Mesh: Loading user:Caches\Maps\MainDemo\StaticMeshCache\TileItem00151.mesh.
Info: OGRE: Mesh: Loading user:Caches\Maps\MainDemo\StaticMeshCache\TileItem00152.mesh.
Info: OGRE: Mesh: Loading user:Caches\Maps\MainDemo\StaticMeshCache\TileItem00153.mesh.
Info: OGRE: Mesh: Loading user:Caches\Maps\MainDemo\StaticMeshCache\TileItem00154.mesh.
Info: OGRE: Mesh: Loading user:Caches\Maps\MainDemo\StaticMeshCache\TileItem00155.mesh.
Info: OGRE: Mesh: Loading user:Caches\Maps\MainDemo\StaticMeshCache\TileItem00156.mesh.
Info: OGRE: Mesh: Loading user:Caches\Maps\MainDemo\StaticMeshCache\TileItem00157.mesh.
Info: OGRE: Mesh: Loading user:Caches\Maps\MainDemo\StaticMeshCache\TileItem00158.mesh.
Info: OGRE: Mesh: Loading user:Caches\Maps\MainDemo\StaticMeshCache\TileItem00159.mesh.
Info: OGRE: Mesh: Loading user:Caches\Maps\MainDemo\StaticMeshCache\TileItem00160.mesh.
Info: OGRE: Mesh: Loading user:Caches\Maps\MainDemo\StaticMeshCache\TileItem00161.mesh.
Info: OGRE: Mesh: Loading user:Caches\Maps\MainDemo\StaticMeshCache\TileItem00162.mesh.
Info: OGRE: Mesh: Loading user:Caches\Maps\MainDemo\StaticMeshCache\TileItem00163.mesh.
Info: OGRE: Mesh: Loading user:Caches\Maps\MainDemo\StaticMeshCache\TileItem00164.mesh.
Info: OGRE: Mesh: Loading user:Caches\Maps\MainDemo\StaticMeshCache\TileItem00165.mesh.
Info: OGRE: Mesh: Loading user:Caches\Maps\MainDemo\StaticMeshCache\TileItem00166.mesh.
Info: OGRE: Mesh: Loading user:Caches\Maps\MainDemo\StaticMeshCache\TileItem00167.mesh.
Info: OGRE: Mesh: Loading user:Caches\Maps\MainDemo\StaticMeshCache\TileItem00168.mesh.
Info: OGRE: Mesh: Loading user:Caches\Maps\MainDemo\StaticMeshCache\TileItem00169.mesh.
Info: OGRE: Mesh: Loading user:Caches\Maps\MainDemo\StaticMeshCache\TileItem00170.mesh.
Info: OGRE: Mesh: Loading user:Caches\Maps\MainDemo\StaticMeshCache\TileItem00171.mesh.
Info: OGRE: Mesh: Loading user:Caches\Maps\MainDemo\StaticMeshCache\TileItem00172.mesh.
Info: OGRE: Mesh: Loading user:Caches\Maps\MainDemo\StaticMeshCache\TileItem00173.mesh.
Info: OGRE: Mesh: Loading user:Caches\Maps\MainDemo\StaticMeshCache\TileItem00174.mesh.
Info: OGRE: Mesh: Loading user:Caches\Maps\MainDemo\StaticMeshCache\TileItem00175.mesh.
Info: OGRE: Mesh: Loading user:Caches\Maps\MainDemo\StaticMeshCache\TileItem00176.mesh.
Info: OGRE: Mesh: Loading user:Caches\Maps\MainDemo\StaticMeshCache\TileItem00177.mesh.
Info: OGRE: Mesh: Loading user:Caches\Maps\MainDemo\StaticMeshCache\TileItem00178.mesh.
Info: OGRE: Mesh: Loading user:Caches\Maps\MainDemo\StaticMeshCache\TileItem00179.mesh.
Info: OGRE: Mesh: Loading user:Caches\Maps\MainDemo\StaticMeshCache\TileItem00180.mesh.
Info: OGRE: Mesh: Loading user:Caches\Maps\MainDemo\StaticMeshCache\TileItem00181.mesh.
Info: OGRE: Mesh: Loading user:Caches\Maps\MainDemo\StaticMeshCache\TileItem00182.mesh.
Info: OGRE: Mesh: Loading user:Caches\Maps\MainDemo\StaticMeshCache\TileItem00183.mesh.
Info: OGRE: Mesh: Loading user:Caches\Maps\MainDemo\StaticMeshCache\TileItem00184.mesh.
Info: OGRE: Mesh: Loading user:Caches\Maps\MainDemo\StaticMeshCache\TileItem00185.mesh.
Info: OGRE: Mesh: Loading user:Caches\Maps\MainDemo\StaticMeshCache\TileItem00186.mesh.
Info: OGRE: Mesh: Loading user:Caches\Maps\MainDemo\StaticMeshCache\TileItem00187.mesh.
Info: OGRE: Mesh: Loading user:Caches\Maps\MainDemo\StaticMeshCache\TileItem00188.mesh.
Info: OGRE: Mesh: Loading user:Caches\Maps\MainDemo\StaticMeshCache\TileItem00189.mesh.
Info: OGRE: Mesh: Loading user:Caches\Maps\MainDemo\StaticMeshCache\TileItem00190.mesh.
Info: OGRE: Mesh: Loading user:Caches\Maps\MainDemo\StaticMeshCache\TileItem00191.mesh.
Info: OGRE: Mesh: Loading user:Caches\Maps\MainDemo\StaticMeshCache\TileItem00192.mesh.
Info: OGRE: Mesh: Loading user:Caches\Maps\MainDemo\StaticMeshCache\TileItem00193.mesh.
Info: OGRE: Mesh: Loading user:Caches\Maps\MainDemo\StaticMeshCache\TileItem00194.mesh.
Info: OGRE: Mesh: Loading user:Caches\Maps\MainDemo\StaticMeshCache\TileItem00195.mesh.
Info: OGRE: Mesh: Loading user:Caches\Maps\MainDemo\StaticMeshCache\TileItem00196.mesh.
Info: OGRE: Mesh: Loading user:Caches\Maps\MainDemo\StaticMeshCache\TileItem00197.mesh.
Info: OGRE: Mesh: Loading user:Caches\Maps\MainDemo\StaticMeshCache\TileItem00198.mesh.
Info: OGRE: Mesh: Loading user:Caches\Maps\MainDemo\StaticMeshCache\TileItem00199.mesh.
Info: OGRE: Mesh: Loading user:Caches\Maps\MainDemo\StaticMeshCache\TileItem00200.mesh.
Info: OGRE: Mesh: Loading user:Caches\Maps\MainDemo\StaticMeshCache\TileItem00201.mesh.
Info: OGRE: Mesh: Loading user:Caches\Maps\MainDemo\StaticMeshCache\TileItem00202.mesh.
Info: OGRE: Mesh: Loading user:Caches\Maps\MainDemo\StaticMeshCache\TileItem00203.mesh.
Info: OGRE: Mesh: Loading user:Caches\Maps\MainDemo\StaticMeshCache\TileItem00204.mesh.
Info: OGRE: Mesh: Loading user:Caches\Maps\MainDemo\StaticMeshCache\TileItem00205.mesh.
Info: OGRE: Mesh: Loading user:Caches\Maps\MainDemo\StaticMeshCache\TileItem00206.mesh.
Info: OGRE: Mesh: Loading user:Caches\Maps\MainDemo\StaticMeshCache\TileItem00207.mesh.
Info: OGRE: Mesh: Loading user:Caches\Maps\MainDemo\StaticMeshCache\TileItem00208.mesh.
Info: OGRE: Mesh: Loading user:Caches\Maps\MainDemo\StaticMeshCache\TileItem00209.mesh.
Info: OGRE: Mesh: Loading user:Caches\Maps\MainDemo\StaticMeshCache\TileItem00210.mesh.
Info: OGRE: Mesh: Loading user:Caches\Maps\MainDemo\StaticMeshCache\TileItem00211.mesh.
Info: OGRE: Mesh: Loading user:Caches\Maps\MainDemo\StaticMeshCache\TileItem00212.mesh.
Info: OGRE: Mesh: Loading user:Caches\Maps\MainDemo\StaticMeshCache\TileItem00213.mesh.
Info: OGRE: Mesh: Loading user:Caches\Maps\MainDemo\StaticMeshCache\TileItem00214.mesh.
Info: OGRE: Mesh: Loading user:Caches\Maps\MainDemo\StaticMeshCache\TileItem00215.mesh.
Info: OGRE: Mesh: Loading user:Caches\Maps\MainDemo\StaticMeshCache\TileItem00216.mesh.
Info: OGRE: Mesh: Loading user:Caches\Maps\MainDemo\StaticMeshCache\TileItem00217.mesh.
Info: OGRE: Mesh: Loading user:Caches\Maps\MainDemo\StaticMeshCache\TileItem00218.mesh.
Info: OGRE: Mesh: Loading user:Caches\Maps\MainDemo\StaticMeshCache\TileItem00219.mesh.
Info: OGRE: Mesh: Loading user:Caches\Maps\MainDemo\StaticMeshCache\TileItem00220.mesh.
Info: OGRE: Mesh: Loading user:Caches\Maps\MainDemo\StaticMeshCache\TileItem00221.mesh.
Info: OGRE: Mesh: Loading user:Caches\Maps\MainDemo\StaticMeshCache\TileItem00222.mesh.
Info: OGRE: Mesh: Loading user:Caches\Maps\MainDemo\StaticMeshCache\TileItem00223.mesh.
Info: OGRE: Mesh: Loading user:Caches\Maps\MainDemo\StaticMeshCache\TileItem00224.mesh.
Info: OGRE: Mesh: Loading user:Caches\Maps\MainDemo\StaticMeshCache\TileItem00225.mesh.
Info: OGRE: Mesh: Loading user:Caches\Maps\MainDemo\StaticMeshCache\TileItem00226.mesh.
Info: OGRE: Mesh: Loading user:Caches\Maps\MainDemo\StaticMeshCache\TileItem00227.mesh.
Info: OGRE: Mesh: Loading user:Caches\Maps\MainDemo\StaticMeshCache\TileItem00228.mesh.
Info: OGRE: Mesh: Loading user:Caches\Maps\MainDemo\StaticMeshCache\TileItem00229.mesh.
Info: OGRE: Mesh: Loading user:Caches\Maps\MainDemo\StaticMeshCache\TileItem00230.mesh.
Info: OGRE: Mesh: Loading user:Caches\Maps\MainDemo\StaticMeshCache\TileItem00231.mesh.
Info: OGRE: Mesh: Loading user:Caches\Maps\MainDemo\StaticMeshCache\TileItem00232.mesh.
Info: OGRE: Mesh: Loading user:Caches\Maps\MainDemo\StaticMeshCache\TileItem00233.mesh.
Info: OGRE: Mesh: Loading user:Caches\Maps\MainDemo\StaticMeshCache\TileItem00234.mesh.
Info: OGRE: Mesh: Loading user:Caches\Maps\MainDemo\StaticMeshCache\TileItem00235.mesh.
Info: OGRE: Mesh: Loading user:Caches\Maps\MainDemo\StaticMeshCache\TileItem00236.mesh.
Info: OGRE: Mesh: Loading user:Caches\Maps\MainDemo\StaticMeshCache\TileItem00237.mesh.
Info: OGRE: Mesh: Loading user:Caches\Maps\MainDemo\StaticMeshCache\TileItem00238.mesh.
Info: OGRE: Mesh: Loading user:Caches\Maps\MainDemo\StaticMeshCache\TileItem00239.mesh.
Info: OGRE: Mesh: Loading user:Caches\Maps\MainDemo\StaticMeshCache\TileItem00240.mesh.
Info: OGRE: Mesh: Loading user:Caches\Maps\MainDemo\StaticMeshCache\TileItem00241.mesh.
Info: OGRE: Mesh: Loading user:Caches\Maps\MainDemo\StaticMeshCache\TileItem00242.mesh.
Info: OGRE: Mesh: Loading user:Caches\Maps\MainDemo\StaticMeshCache\TileItem00243.mesh.
Info: OGRE: Mesh: Loading user:Caches\Maps\MainDemo\StaticMeshCache\TileItem00244.mesh.
Info: OGRE: Mesh: Loading user:Caches\Maps\MainDemo\StaticMeshCache\TileItem00245.mesh.
Info: OGRE: Mesh: Loading user:Caches\Maps\MainDemo\StaticMeshCache\TileItem00246.mesh.
Info: OGRE: Mesh: Loading user:Caches\Maps\MainDemo\StaticMeshCache\TileItem00247.mesh.
Info: OGRE: Mesh: Loading user:Caches\Maps\MainDemo\StaticMeshCache\TileItem00248.mesh.
Info: OGRE: Mesh: Loading Types\Dynamic\Box\Box.mesh.
Info: OGRE: D3D9 : Loading 2D Texture, image name : 'Types\Dynamic\Box\BoxDiffuse.dds' with 2147483647 mip map levels
Info: OGRE: D3D9 : Loading 2D Texture, image name : 'Types\Dynamic\Box\BoxEmission.dds' with 2147483647 mip map levels
Info: OGRE: D3D9 : Loading 2D Texture, image name : 'Types\Dynamic\Box\BoxNormal.dds' with 2147483647 mip map levels
Info: OGRE: D3D9 : Loading 2D Texture, image name : 'Types\Dynamic\Box\BoxSpecular.dds' with 2147483647 mip map levels
Info: OGRE: Mesh: Loading Types\Dynamic\Ball\Ball.mesh.
Info: OGRE: Mesh: Loading Types\Dynamic\Signboard\Signboard.mesh.
Info: OGRE: Mesh: Loading Types\Base\InvisiblePoint.mesh.
Info: OGRE: D3D9 : Loading 2D Texture, image name : 'Types\Items\BulletItems\SubmachineGunBulletsItem\SubmachineGunBulletsItem_Specular.dds' with 2147483647 mip map levels
Info: OGRE: Mesh: Loading Models\DefaultBox\DefaultBox.mesh.
Info: OGRE: Texture: Types/Dynamic/Fan/FanParticle/fire.png: Loading 1 faces(PF_R8G8B8,64x64x1) with  hardware generated mipmaps from Image. Internal format is PF_X8R8G8B8,64x64x1.
Info: OGRE: D3D9 : Loading 2D Texture, image name : 'Models\Rooms\FloorHall.dds' with 2147483647 mip map levels
Info: OGRE: D3D9 : Loading 2D Texture, image name : 'Models\Rooms\CellsDiffuse.dds' with 2147483647 mip map levels
Info: OGRE: D3D9 : Loading 2D Texture, image name : 'Models\Rooms\CellsSpecular.dds' with 2147483647 mip map levels
Info: OGRE: Texture: Models\Rooms\CellsNormals.jpg: Loading 1 faces(PF_R8G8B8,512x512x1) with  hardware generated mipmaps from Image. Internal format is PF_X8R8G8B8,512x512x1.
Info: OGRE: D3D9 : Loading 2D Texture, image name : 'Models\Rooms\PassageWall.dds' with 2147483647 mip map levels
Info: OGRE: D3D9 : Loading 2D Texture, image name : 'Models\Rooms\CellingSpecular.dds' with 2147483647 mip map levels
Info: OGRE: D3D9 : Loading 2D Texture, image name : 'Models\Rooms\CellingNormals.dds' with 2147483647 mip map levels
Info: OGRE: Mesh: Loading Types\Units\Rabbit\Rabbit.mesh.
Info: OGRE: Skeleton: Loading Types\Units\Rabbit\Rabbit.skeleton
Info: OGRE: Texture: Gui/HUD/PlayerUnitCirclePortrait.png: Loading 1 faces(PF_A8R8G8B8,128x128x1) with  hardware generated mipmaps from Image. Internal format is PF_A8R8G8B8,128x128x1.
Info: OGRE: Texture: Gui/HUD/PlayerUnitCircle.png: Loading 1 faces(PF_A8R8G8B8,128x128x1) with  hardware generated mipmaps from Image. Internal format is PF_A8R8G8B8,128x128x1.
Info: OGRE: Texture: Gui/HUD/HealthEnergyPanel.png: Loading 1 faces(PF_A8R8G8B8,256x64x1) with  hardware generated mipmaps from Image. Internal format is PF_A8R8G8B8,256x64x1.
Info: OGRE: Texture: Gui/HUD/HealthBar.png: Loading 1 faces(PF_A8R8G8B8,256x32x1) with  hardware generated mipmaps from Image. Internal format is PF_A8R8G8B8,256x32x1.
Info: OGRE: Texture: Gui/HUD/EnergyBar.png: Loading 1 faces(PF_A8R8G8B8,256x32x1) with  hardware generated mipmaps from Image. Internal format is PF_A8R8G8B8,256x32x1.
Info: OGRE: Texture: Gui/HUD/WeaponsCircle.png: Loading 1 faces(PF_A8R8G8B8,128x128x1) with  hardware generated mipmaps from Image. Internal format is PF_A8R8G8B8,128x128x1.
Info: OGRE: Texture: Gui/HUD/ItemsPanel.png: Loading 1 faces(PF_A8R8G8B8,256x64x1) with  hardware generated mipmaps from Image. Internal format is PF_A8R8G8B8,256x64x1.
Info: OGRE: Texture: Gui\HUD\Icons\Rabbit.png: Loading 1 faces(PF_A8R8G8B8,128x128x1) with 0 generated mipmaps from Image. Internal format is PF_A8R8G8B8,128x128x1.
Info: Initializing high level material: _Tests\ParticleSystem\TestPointParticle.highMaterial
Info: Initializing high level material: Effects\DefaultFlare\DefaultFlare.highMaterial
Info: Initializing high level material: Effects\ExplosionParticle\ExplosionParticle.highMaterial
Info: Initializing high level material: Effects\FireParticle\FireParticle.highMaterial
Info: Initializing high level material: Effects\ItemParticle\ItemParticle.highMaterial
Info: Initializing high level material: Effects\SmokeParticle\SmokeParticle.highMaterial
Info: Initializing high level material: JigsawPuzzleGame\JigsawPuzzleImage.highMaterial
Info: Initializing high level material: JigsawPuzzleGame\JigsawPuzzleImageBackground.highMaterial
Info: Initializing high level material: Maps\PortalSystemDemo\StaticGeometry\Garage\FpsDemoGarage_Celling.highMaterial
Info: Initializing high level material: Maps\PortalSystemDemo\StaticGeometry\Garage\FpsDemoGarage_Floor.highMaterial
Info: Initializing high level material: Maps\PortalSystemDemo\StaticGeometry\Garage\FpsDemoGarage_OuterWall.highMaterial
Info: Initializing high level material: Maps\PortalSystemDemo\StaticGeometry\Garage\FpsDemoGarage_Roof.highMaterial
Info: Initializing high level material: Maps\PortalSystemDemo\StaticGeometry\Garage\FpsDemoGarage_Wall.highMaterial
Info: Initializing high level material: Maps\PortalSystemDemo\StaticGeometry\House\FpsDemoHouse_BrickWall.highMaterial
Info: Initializing high level material: Maps\PortalSystemDemo\StaticGeometry\House\FpsDemoHouse_Celling.highMaterial
Info: Initializing high level material: Maps\PortalSystemDemo\StaticGeometry\House\FpsDemoHouse_Floor.highMaterial
Info: Initializing high level material: Maps\PortalSystemDemo\StaticGeometry\House\FpsDemoHouse_LargeBricks.highMaterial
Info: Initializing high level material: Maps\PortalSystemDemo\StaticGeometry\House\FpsDemoHouse_WallMetal.highMaterial
Info: Initializing high level material: Maps\PortalSystemDemo\StaticGeometry\House\FpsDemoHouse_WallPainted.highMaterial
Info: Initializing high level material: Maps\RenderDemo\Materials\RenderDemoCelling.highMaterial
Info: Initializing high level material: Maps\RenderDemo\Materials\RenderDemoCorridorFloor.highMaterial
Info: Initializing high level material: Maps\RenderDemo\Materials\RenderDemoDoor.highMaterial
Info: Initializing high level material: Maps\RenderDemo\Materials\RenderDemoLamp.highMaterial
Info: Initializing high level material: Maps\RenderDemo\Materials\RenderDemoRoomFloor.highMaterial
Info: Initializing high level material: Maps\RenderDemo\Materials\RenderDemoTrims.highMaterial
Info: Initializing high level material: Maps\RenderDemo\Materials\RenderDemoWall.highMaterial
Info: Initializing high level material: Maps\RTSDemo\Models\RTSConcreteBlock\RTSConcreteBlock.highMaterial
Info: Initializing high level material: Maps\TankDemo\Resources\Meshes\FakeTrees\TankDemoFakeTrees.highMaterial
Info: Initializing high level material: Maps\TankDemo\Resources\Meshes\Stone\TankDemoStone.highMaterial
Info: Initializing high level material: Maps\TankDemo\Resources\Meshes\Trees\TankDemoTree_Bark.highMaterial
Info: Initializing high level material: Maps\TankDemo\Resources\Meshes\Trees\TankDemoTree_Leafs.highMaterial
Info: Initializing high level material: Maps\TPSArcadeDemo\Resources\Models\TPSDemoRock.highMaterial
Info: Initializing high level material: Maps\TPSArcadeDemo\Resources\Models\TPSDemoRockStone.highMaterial
Info: Initializing high level material: Maps\TurretDemo\Resources\Models\TurretDemoRock.highMaterial
Info: Initializing high level material: Maps\TurretDemo\Resources\Models\TurretDemoRockStone.highMaterial
Info: Initializing high level material: Maps\TurretDemo\Resources\Models\TurretDemoRockStone2.highMaterial
Info: Initializing high level material: Materials\Simple\Black.highMaterial
Info: Initializing high level material: Materials\Simple\Blue.highMaterial
Info: Initializing high level material: Materials\Simple\DarkBlue.highMaterial
Info: Initializing high level material: Materials\Simple\DarkGray.highMaterial
Info: Initializing high level material: Materials\Simple\DarkGreen.highMaterial
Info: Initializing high level material: Materials\Simple\DarkRed.highMaterial
Info: Initializing high level material: Materials\Simple\DarkYellow.highMaterial
Info: Initializing high level material: Materials\Simple\Gray.highMaterial
Info: Initializing high level material: Materials\Simple\Green.highMaterial
Info: Initializing high level material: Materials\Simple\Red.highMaterial
Info: Initializing high level material: Materials\Simple\White.highMaterial
Info: Initializing high level material: Materials\Simple\Yellow.highMaterial
Info: Initializing high level material: Models\Beam\Beam.highMaterial
Info: Initializing high level material: Models\RockBig\RockBig.highMaterial
Info: Initializing high level material: Models\Rooms\Rooms_Celling.highMaterial
Info: Initializing high level material: Models\Rooms\Rooms_Cells.highMaterial
Info: Initializing high level material: Models\Rooms\Rooms_ConcreteWall.highMaterial
Info: Initializing high level material: Models\Rooms\Rooms_FloorHall.highMaterial
Info: Initializing high level material: Models\Rooms\Rooms_PassageWall.highMaterial
Info: Initializing high level material: Models\SandBags\SandBags.highMaterial
Info: Initializing high level material: Types\Base\Light\LightFlare.highMaterial
Info: Initializing high level material: Types\Bullets\ShotgunBullet\ShotgunBulletHitParticle.highMaterial
Info: Initializing high level material: Types\Bullets\ShotgunBullet\ShotgunBulletRibbonTrail.highMaterial
Info: Initializing high level material: Types\Bullets\SubmachineGunBullet\SubmachineGunBulletHit.highMaterial
Info: Initializing high level material: Types\Decals\DefaultBulletDecal\DefaultBulletDecal.highMaterial
Info: Initializing high level material: Types\Decals\DefaultExplosionDecal\DefaultExplosionDecal.highMaterial
Info: Initializing high level material: Types\Decals\ZombieBulletDecal\ZombieBulletDecal.highMaterial
Info: Initializing high level material: Types\DecorativeObjects\DecorativeStones\DecorativeStones.highMaterial
Info: Initializing high level material: Types\DecorativeObjects\Ear\Ear.highMaterial
Info: Initializing high level material: Types\DecorativeObjects\FlowerWhite\FlowerWhite.highMaterial
Info: Initializing high level material: Types\DecorativeObjects\FlowerYellow\FlowerYellow.highMaterial
Info: Initializing high level material: Types\DecorativeObjects\GrassBrown\GrassBrown.highMaterial
Info: Initializing high level material: Types\DecorativeObjects\GrassGreen\GrassGreen.highMaterial
Info: Initializing high level material: Types\Dynamic\Ball\Ball.highMaterial
Info: Initializing high level material: Types\Dynamic\BooleanSwitch\BooleanSwitch.highMaterial
Info: Initializing high level material: Types\Dynamic\BooleanSwitch\BooleanSwitchOff.highMaterial
Info: Initializing high level material: Types\Dynamic\BooleanSwitch\BooleanSwitchOn.highMaterial
Info: Initializing high level material: Types\Dynamic\Box\Box.highMaterial
Info: Initializing high level material: Types\Dynamic\CubemapReflectedBall\CubemapReflectedBall.highMaterial
Info: Initializing high level material: Types\Dynamic\DestructibleHouse\DestructibleHouse.highMaterial
Info: Initializing high level material: Types\Dynamic\DestructibleHouse\DestructibleHouseWinDoor.highMaterial
Info: Initializing high level material: Types\Dynamic\Door\Door.highMaterial
Info: Initializing high level material: Types\Dynamic\ExampleMagicBall\ExampleMagicBallBlinkMaterial.highMaterial
Info: Initializing high level material: Types\Dynamic\ExplosionBarrel\ExplosionBarrel.highMaterial
Info: Initializing high level material: Types\Dynamic\Fan\Fan.highMaterial
Info: Initializing high level material: Types\Dynamic\Fan\FanParticle\FanParticle.highMaterial
Info: Initializing high level material: Types\Dynamic\Firework\FireworkBullet\FireworkBulletRibbonTrail.highMaterial
Info: Initializing high level material: Types\Dynamic\FlareTest\FlareTest.highMaterial
Info: Initializing high level material: Types\Dynamic\GasFlamePipe\GasFlamePipeParticle\GasFlamePipeParticle.highMaterial
Info: Initializing high level material: Types\Dynamic\HangingCable\HangingCable.highMaterial
Info: Initializing high level material: Types\Dynamic\HangingLamp\HangingLampBase.highMaterial
Info: Initializing high level material: Types\Dynamic\HangingLamp\HangingLampLamps.highMaterial
Info: Initializing high level material: Types\Dynamic\LightBall\LightBall.highMaterial
Info: Initializing high level material: Types\Dynamic\Pipe\PipeLeak\PipeLeakFlameParticle\PipeLeakFlameParticle.highMaterial
Info: Initializing high level material: Types\Dynamic\Pipe\PipeLeak\PipeLeakSteamParticle\PipeLeakSteamParticle.highMaterial
Info: Initializing high level material: Types\Dynamic\Pipe\PipeSwitch\PipeSwitch.highMaterial
Info: Initializing high level material: Types\Dynamic\Placard\Placard.highMaterial
Info: Initializing high level material: Types\Dynamic\Placard\Placard_Holders.highMaterial
Info: Initializing high level material: Types\Dynamic\Teleporter\Teleporter.highMaterial
Info: Initializing high level material: Types\Dynamic\Terminal\Terminal.highMaterial
Info: Initializing high level material: Types\Dynamic\Terminal\TerminalClientNotSupportedInfo.highMaterial
Info: Initializing high level material: Types\Dynamic\WindMill\WindMill.highMaterial
Info: Initializing high level material: Types\Dynamic\WindMill\WindMillFan.highMaterial
Info: Initializing high level material: Types\Dynamic\WoodBox\WoodBox.highMaterial
Info: Initializing high level material: Types\Dynamic\YellowBlinkGridObject\BlueBlinkGrid.highMaterial
Info: Initializing high level material: Types\Items\AccessCard\AccessCard.highMaterial
Info: Initializing high level material: Types\Items\BulletItems\ShotgunBulletsItem\ShotgunBulletsItem.highMaterial
Info: Initializing high level material: Types\Items\BulletItems\SubmachineGunBulletsItem\SubmachineGunBulletsItem.highMaterial
Info: Initializing high level material: Types\Items\Dynamite\Dynamite.highMaterial
Info: Initializing high level material: Types\Items\HealthItems\SmallHealthItem\SmallHealthItem.highMaterial
Info: Initializing high level material: Types\RTSSpecific\Special\RTSBuildMaterial\RTSBuildMaterial.highMaterial
Info: Initializing high level material: Types\RTSSpecific\Units\RTSConstructor\RTSConstructorBullet\RTSConstructorBulletHit.highMaterial
Info: Initializing high level material: Types\RTSSpecific\Units\RTSFactory\RTSFactory.highMaterial
Info: Initializing high level material: Types\RTSSpecific\Units\RTSFactory\RTSFactory2.highMaterial
Info: Initializing high level material: Types\RTSSpecific\Units\RTSFactory\RTSFactoryGlass.highMaterial
Info: Initializing high level material: Types\RTSSpecific\Units\RTSHeadquaters\RTSHeadquaters.highMaterial
Info: Initializing high level material: Types\RTSSpecific\Units\RTSHeadquaters\RTSHeadquaters2.highMaterial
Info: Initializing high level material: Types\RTSSpecific\Units\RTSMine\RTSMine.highMaterial
Info: Initializing high level material: Types\RTSSpecific\Units\RTSMine\RTSMine2.highMaterial
Info: Initializing high level material: Types\RTSSpecific\Units\RTSRobot\RTSRobotBullet\RTSRobotBulletHit.highMaterial
Info: Initializing high level material: Types\Sky\BlueDaySky\BlueDaySky.highMaterial
Info: Initializing high level material: Types\Special\WaterPlane\WaterSplash\WaterSplash.highMaterial
Info: Initializing high level material: Types\Special\WaterPlane\WaterSplashWave\WaterSplashWave.highMaterial
Info: Initializing high level material: Types\StaticObjects\EngineLogoPlacard\EngineLogoPlacard.highMaterial
Info: Initializing high level material: Types\StaticObjects\Eyes\Eyes.highMaterial
Info: Initializing high level material: Types\StaticObjects\Fir\Fir.highMaterial
Info: Initializing high level material: Types\StaticObjects\Maple\Maple.highMaterial
Info: Initializing high level material: Types\StaticObjects\Maple\MapleLOD1.highMaterial
Info: Initializing high level material: Types\StaticObjects\MineBoard\MineBoard.highMaterial
Info: Initializing high level material: Types\StaticObjects\OgreHead\BumpMappingExample\BumpMappingExample.highMaterial
Info: Initializing high level material: Types\StaticObjects\OgreHead\OgreHead.highMaterial
Info: Initializing high level material: Types\StaticObjects\OgreHead\OgreHeadAnimated.highMaterial
Info: Initializing high level material: Types\StaticObjects\OgreHead\OgreHeadDynamicDiffuseScale.highMaterial
Info: Initializing high level material: Types\StaticObjects\OgreHead\OgreHeadEyes.highMaterial
Info: Initializing high level material: Types\StaticObjects\OgreHead\OgreHeadFangs.highMaterial
Info: Initializing high level material: Types\StaticObjects\OgreHead\OgreHeadTransparentExample\OgreHeadTransparentExample.highMaterial
Info: Initializing high level material: Types\StaticObjects\OgreHead\PerPixelLightingExample\PerPixelLightingExample.highMaterial
Info: Initializing high level material: Types\StaticObjects\Palette\Palette.highMaterial
Info: Initializing high level material: Types\StaticObjects\Palm\Palm.highMaterial
Info: Initializing high level material: Types\StaticObjects\ParkingBarrier\ParkingBarrier.highMaterial
Info: Initializing high level material: Types\StaticObjects\Pipe\Pipe.highMaterial
Info: Initializing high level material: Types\StaticObjects\RabbitHead\RabbitHead.highMaterial
Info: Initializing high level material: Types\StaticObjects\StaticBox\StaticBox.highMaterial
Info: Initializing high level material: Types\StaticObjects\Stone\Stone.highMaterial
Info: Initializing high level material: Types\StaticObjects\StopSign\StopSign.highMaterial
Info: Initializing high level material: Types\StaticObjects\SwitchBox\SwitchBox.highMaterial
Info: Initializing high level material: Types\StaticObjects\WallLamp\WallLamp.highMaterial
Info: Initializing high level material: Types\Units\AwesomeAircraft\AircraftMat_Mat01.highMaterial
Info: Initializing high level material: Types\Units\AwesomeAircraft\AircraftMat_Mat02.highMaterial
Info: Initializing high level material: Types\Units\AwesomeAircraft\AircraftMat_Mat03.highMaterial
Info: Initializing high level material: Types\Units\AwesomeAircraft\AircraftMat_Mat04.highMaterial
Info: Initializing high level material: Types\Units\AwesomeAircraft\AircraftMat_Mat05.highMaterial
Info: Initializing high level material: Types\Units\AwesomeAircraft\AircraftMat_Mat06.highMaterial
Info: Initializing high level material: Types\Units\AwesomeAircraft\AircraftMat_Mat07.highMaterial
Info: Initializing high level material: Types\Units\AwesomeAircraft\AircraftMat_Mat08.highMaterial
Info: Initializing high level material: Types\Units\AwesomeAircraft\AircraftMat_Mat09.highMaterial
Info: Initializing high level material: Types\Units\AwesomeAircraft\AircraftMat_Mat10.highMaterial
Info: Initializing high level material: Types\Units\AwesomeAircraft\AircraftMat_Mat11.highMaterial
Info: Initializing high level material: Types\Units\AwesomeAircraft\AircraftMat_Mat12.highMaterial
Info: Initializing high level material: Types\Units\AwesomeAircraft\AwesomeAircraftWheelMat.highMaterial
Info: Initializing high level material: Types\Units\Bug\Bug.highMaterial
Info: Initializing high level material: Types\Units\Crane\CraneBase\CraneBase_ConcreteCleanColor.highMaterial
Info: Initializing high level material: Types\Units\Crane\CraneBase\CraneBase_MetalPaintedColor.highMaterial
Info: Initializing high level material: Types\Units\Crane\CraneBase\CraneBase_MetalPatern01Color.highMaterial
Info: Initializing high level material: Types\Units\Crane\CraneBase\CraneBase_MetalPatern02Color.highMaterial
Info: Initializing high level material: Types\Units\Crane\CraneGibbet\CraneGibbet_MetalPattern01Color.highMaterial
Info: Initializing high level material: Types\Units\Crane\CraneMagnet\CraneMagnet_MetalPatern02Color.highMaterial
Info: Initializing high level material: Types\Units\Crane\CraneTower\CraneTower_ConcreteBlockColor.highMaterial
Info: Initializing high level material: Types\Units\Crane\CraneTower\CraneTower_MetalPaintedColor.highMaterial
Info: Initializing high level material: Types\Units\Crane\CraneTower\CraneTower_MetalPatern_01Color.highMaterial
Info: Initializing high level material: Types\Units\Crane\CraneTower\CraneTower_MetalPatern02Color.highMaterial
Info: Initializing high level material: Types\Units\Crane\CraneTower\CraneTower_ObjectColor.highMaterial
Info: Initializing high level material: Types\Units\Girl\GirlBody.highMaterial
Info: Initializing high level material: Types\Units\Girl\GirlHairs.highMaterial
Info: Initializing high level material: Types\Units\Helicopter\Helicopter.highMaterial
Info: Initializing high level material: Types\Units\Rabbit\Rabbit.highMaterial
Info: Initializing high level material: Types\Units\Robot\Robot.highMaterial
Info: Initializing high level material: Types\Units\Robot\Robot2.highMaterial
Info: Initializing high level material: Types\Units\Robot\RobotBullet\RobotBulletHit.highMaterial
Info: Initializing high level material: Types\Units\TigerTank\TigerTank_Base.highMaterial
Info: Initializing high level material: Types\Units\TigerTank\TigerTank_LeftTrack.highMaterial
Info: Initializing high level material: Types\Units\TigerTank\TigerTank_RightTrack.highMaterial
Info: Initializing high level material: Types\Units\Turret\Turret.highMaterial
Info: Initializing high level material: Types\Units\Turret\TurretBullet\TurretBulletHit.highMaterial
Info: Initializing high level material: Types\Units\Zombie\Zombie.highMaterial
Info: Initializing high level material: Types\Units\Zombie\ZombieBullet\ZombieBullet.highMaterial
Info: Initializing high level material: Types\Units\Zombie\ZombieBullet\ZombieBulletHitParticle.highMaterial
Info: Initializing high level material: Types\Weapons\Hammer\Hammer.highMaterial
Info: Initializing high level material: Types\Weapons\Shotgun\Shotgun.highMaterial
Info: Initializing high level material: Types\Weapons\Shotgun\Shotgun_FPS.highMaterial
Info: Initializing high level material: Types\Weapons\SubmachineGun\SubmachineGun.highMaterial
Info: Initializing high level material: Types\Weapons\SubmachineGun\SubmachineGun_FPS.highMaterial
Info: Initializing high level material: Types\Weapons\SubmachineGun\SubmachineGunFire.highMaterial
Info: Initializing high level material: Utils\ResourceEditorGrid\ResourceEditorGrid_1.highMaterial
Info: Initializing high level material: Utils\ResourceEditorGrid\ResourceEditorGrid_2.highMaterial
Info: OGRE: Texture: spot_shadow_fade.png: Loading 1 faces(PF_R8G8B8,128x128x1) with  hardware generated mipmaps from Image. Internal format is PF_X8R8G8B8,128x128x1.
Info: OGRE: Texture: Cursors/Target.png: Loading 1 faces(PF_A8R8G8B8,64x64x1) with  hardware generated mipmaps from Image. Internal format is PF_A8R8G8B8,64x64x1.
Info: OGRE: Texture: Gui\HUD\Icons\SubmachineGun.png: Loading 1 faces(PF_A8R8G8B8,256x256x1) with 0 generated mipmaps from Image. Internal format is PF_A8R8G8B8,256x256x1.
Fatal: Entities: AddToSystem: Internal error: entitiesUINDictionary.ContainsKey( entity.UIN ).
   at System.Environment.GetStackTrace(Exception e, Boolean needFileInfo)
   at System.Environment.get_StackTrace()
   at Engine.Log.A()
   at Engine.Log.Fatal(String text)
   at Engine.EntitySystem.Entities.A(Entity A, UInt32 a, UInt32 B)
   at Engine.EntitySystem.Entities._CreateInternal(EntityType type, Entity parent, UInt32 uin, UInt32 networkUIN)
   at Engine.EntitySystem.Entity.a(TextBlock A)
   at Engine.EntitySystem.Entities._LoadEntityTreeFromTextBlock(Entity entity, TextBlock block, Boolean loadRootEntity, List`1 loadedEntities)
   at Engine.MapSystem.MapSystemWorld.MapLoad(String virtualFileName)
   at Game.GameEngineApp.ServerOrSingle_MapLoad(String fileName, WorldType worldType, Boolean noChangeWindows) in C:\NeoAxis\NeoAxis Engine Non-Commercial SDK 0.852\Game - Copy (2)\Src\Game\GameEngineApp.cs:line 697
   at Game.GameWindow.OnTick(Single delta) in C:\NeoAxis\NeoAxis Engine Non-Commercial SDK 0.852\Game - Copy (2)\Src\Game\GameWindow.cs:line 107
   at Game.ActionGameWindow.OnTick(Single delta) in C:\NeoAxis\NeoAxis Engine Non-Commercial SDK 0.852\Game - Copy (2)\Src\Game\ActionGameWindow.cs:line 336
   at Engine.UISystem.EControl.OnTick(Single delta)
   at Engine.UISystem.ControlManager.DoTick(Single delta)
   at Game.GameEngineApp.OnTick(Single delta) in C:\NeoAxis\NeoAxis Engine Non-Commercial SDK 0.852\Game - Copy (2)\Src\Game\GameEngineApp.cs:line 574
   at Engine.EngineApp.DoTick()
   at Engine.EngineApp.A(Boolean A)
   at a.aH.RunMessageLoop()
   at Engine.EngineApp.Run()
   at Game.Program.Main2() in C:\NeoAxis\NeoAxis Engine Non-Commercial SDK 0.852\Game - Copy (2)\Src\Game\Program.cs:line 67
   at Game.Program.Main() in C:\NeoAxis\NeoAxis Engine Non-Commercial SDK 0.852\Game - Copy (2)\Src\Game\Program.cs:line 35