Log started: 8/9/2010 2:52:32 PM
Map Editor 0.852
Info: Operating System: Microsoft Windows NT 6.1.7600.0 (32-bit)
Info: Runtime Framework: Net 2.0.50727.4927
Info: Engine SDK: Non-Commercial SDK
Info: Engine 32-bit version
Info: Physics system is initialized (Driver: ODE 0.11.1)
Info: OGRE: Added resource location 'C:\NeoAxis\NeoAxis Engine Non-Commercial SDK 0.852\Game - Copy (2)\Bin\Data' of type 'VirtualFileSystem' to resource group 'General' with recursive option
Info: OGRE: Loading library RenderSystem_Direct3D9.dll
Info: OGRE: Installing plugin: D3D9 RenderSystem
Info: OGRE: D3D9 : Direct3D9 Rendering Subsystem created.
Info: OGRE: D3D9: Driver Detection Starts
Info: OGRE: D3D9: Driver Detection Ends
Info: OGRE: Plugin successfully installed
Info: OGRE: CPU Identifier & Features
Info: OGRE: -------------------------
Info: OGRE:  *   CPU ID: GenuineIntel: Intel(R) Core(TM)2 Duo CPU     T7700  @ 2.40GHz
Info: OGRE:  *      SSE: yes
Info: OGRE:  *     SSE2: yes
Info: OGRE:  *     SSE3: yes
Info: OGRE:  *      MMX: yes
Info: OGRE:  *   MMXEXT: yes
Info: OGRE:  *    3DNOW: no
Info: OGRE:  * 3DNOWEXT: no
Info: OGRE:  *     CMOV: yes
Info: OGRE:  *      TSC: yes
Info: OGRE:  *      FPU: yes
Info: OGRE:  *      PRO: yes
Info: OGRE:  *       HT: no
Info: OGRE: -------------------------
Info: OGRE: D3D9 : Subsystem Initialising
Info: OGRE: Driver name: nvd3dum.dll
Info: OGRE: Driver description: NVIDIA GeForce 8600M GT
Info: OGRE: ***************************************
Info: OGRE: *** D3D9 : Subsystem Initialised OK ***
Info: OGRE: ***************************************
Info: OGRE: D3D9RenderSystem::_createRenderWindow "MainWindow", 640x480 windowed  miscParams: colourDepth=32 externalWindowHandle=4588026 
Info: OGRE: D3D9 : Created D3D9 Rendering Window 'MainWindow' : 10x10, 32bpp
Info: OGRE: D3D9 : WARNING - disabling VSync in windowed mode can cause timing issues at lower frame rates, turn VSync on if you observe this problem.
Info: OGRE: Registering ResourceManager for type Texture
Info: OGRE: Registering ResourceManager for type GpuProgram
Info: OGRE: D3D9: Vertex texture format supported - PF_FLOAT16_RGB
Info: OGRE: D3D9: Vertex texture format supported - PF_FLOAT16_RGBA
Info: OGRE: D3D9: Vertex texture format supported - PF_FLOAT32_RGB
Info: OGRE: D3D9: Vertex texture format supported - PF_FLOAT32_RGBA
Info: OGRE: D3D9: Vertex texture format supported - PF_FLOAT16_R
Info: OGRE: D3D9: Vertex texture format supported - PF_FLOAT32_R
Info: OGRE: D3D9: Vertex texture format supported - PF_FLOAT16_GR
Info: OGRE: D3D9: Vertex texture format supported - PF_FLOAT32_GR
Info: OGRE: RenderSystem capabilities
Info: OGRE: -------------------------
Info: OGRE: RenderSystem Name: Direct3D9 Rendering Subsystem
Info: OGRE: GPU Vendor: nvidia
Info: OGRE: Device Name: NVIDIA GeForce 8600M GT
Info: OGRE: Driver Version: 8.16.11.8861
Info: OGRE:  * Fixed function pipeline: yes
Info: OGRE:  * Hardware generation of mipmaps: yes
Info: OGRE:  * Texture blending: yes
Info: OGRE:  * Anisotropic texture filtering: yes
Info: OGRE:  * Dot product texture operation: yes
Info: OGRE:  * Cube mapping: yes
Info: OGRE:  * Hardware stencil buffer: yes
Info: OGRE:    - Stencil depth: 8
Info: OGRE:    - Two sided stencil support: yes
Info: OGRE:    - Wrap stencil values: yes
Info: OGRE:  * Hardware vertex / index buffers: yes
Info: OGRE:  * Vertex programs: yes
Info: OGRE:  * Fragment programs: yes
Info: OGRE:  * Geometry programs: no
Info: OGRE:  * Supported Shader Profiles: hlsl ps_1_1 ps_1_2 ps_1_3 ps_1_4 ps_2_0 ps_2_a ps_2_b ps_2_x ps_3_0 vs_1_1 vs_2_0 vs_2_a vs_2_x vs_3_0
Info: OGRE:  * Texture Compression: yes
Info: OGRE:    - DXT: yes
Info: OGRE:    - VTC: no
Info: OGRE:    - 3Dc: yes
Info: OGRE:  * Scissor Rectangle: yes
Info: OGRE:  * Hardware Occlusion Query: yes
Info: OGRE:  * User clip planes: yes
Info: OGRE:  * VET_UBYTE4 vertex element type: yes
Info: OGRE:  * Infinite far plane projection: yes
Info: OGRE:  * Hardware render-to-texture: yes
Info: OGRE:  * Floating point textures: yes
Info: OGRE:  * Non-power-of-two textures: yes
Info: OGRE:  * Volume textures: yes
Info: OGRE:  * Multiple Render Targets: 4
Info: OGRE:    - With different bit depths: yes
Info: OGRE:  * Point Sprites: yes
Info: OGRE:  * Extended point parameters: yes
Info: OGRE:  * Max Point Size: 8192
Info: OGRE:  * Vertex texture fetch: yes
Info: OGRE:    - Max vertex textures: 4
Info: OGRE:    - Vertex textures shared: no
Info: OGRE:  * Render to Vertex Buffer : no
Info: OGRE:  * Alpha to coverage: yes
Info: OGRE:  * Fetch4: no
Info: OGRE:  * Hardware Instancing: yes
Info: OGRE:  * DirectX per stage constants: yes
Info: OGRE:  * Max texture size: 8192
Info: OGRE: ResourceBackgroundQueue - threading disabled
Info: OGRE: Particle Renderer Type 'billboard' registered
Info: Renderer: GPU description: NVIDIA GeForce 8600M GT
Info: Renderer: GPU codename: GeForce_G80
Info: Renderer: Shader model 2.0: yes
Info: Renderer: Shader model 3.0: yes
Info: 2D texture render target pixel formats: ByteL ByteL R5G6B5 A8R8G8B8 A2R10G10B10 A2B10G10R10 Float16RGBA Float32RGBA X8R8G8B8 Depth24 ShortRGBA Float16R Float32R ShortGR Float16GR Float32GR
Info: OGRE: Parsing scripts for resource group Autodetect
Info: OGRE: Finished parsing scripts for resource group Autodetect
Info: OGRE: Parsing scripts for resource group General
Info: OGRE: Parsing script Materials\Common\AmbientOneTexture.program
Info: OGRE: Parsing script Materials\Common\GuiRendering.program
Info: OGRE: Parsing script Materials\Common\StdQuad_vp.program
Info: OGRE: Parsing script Materials\Common\DepthShadowmapDefaultCaster.material
Info: OGRE: Parsing script Materials\Common\DepthShadowmapDefaultCaster_ATI.material
Info: OGRE: Parsing script Materials\Common\DepthShadowmapDefaultCaster_nVidia.material
Info: OGRE: Parsing script Materials\PostEffects\Blur\Blur.material
Info: OGRE: Parsing script Materials\PostEffects\Glass\Glass.material
Info: OGRE: Parsing script Materials\PostEffects\Grayscale\Grayscale.material
Info: OGRE: Parsing script Materials\PostEffects\HDR\hdr_Bloom.material
Info: OGRE: Parsing script Materials\PostEffects\HDR\hdr_BrightPass.material
Info: OGRE: Parsing script Materials\PostEffects\HDR\hdr_CalculateAdaptedLuminance.material
Info: OGRE: Parsing script Materials\PostEffects\HDR\hdr_CopyLastAdaptedLuminance.material
Info: OGRE: Parsing script Materials\PostEffects\HDR\hdr_FinalToneMapping.material
Info: OGRE: Parsing script Materials\PostEffects\HDR\hdr_GaussianBlur5x5.material
Info: OGRE: Parsing script Materials\PostEffects\HDR\hdr_SampleLuminanceFinal.material
Info: OGRE: Parsing script Materials\PostEffects\HDR\hdr_SampleLuminanceInitial.material
Info: OGRE: Parsing script Materials\PostEffects\HDR\hdr_SampleLuminanceIterative.material
Info: OGRE: Parsing script Materials\PostEffects\HeatVision\HaatVision_LightToHeat.material
Info: OGRE: Parsing script Materials\PostEffects\HeatVision\HeatVision_Blur.material
Info: OGRE: Parsing script Materials\PostEffects\Invert\Invert.material
Info: OGRE: Parsing script Materials\PostEffects\LDRBloom\LDRBloom_Bloom.material
Info: OGRE: Parsing script Materials\PostEffects\LDRBloom\LDRBloom_BrightPass.material
Info: OGRE: Parsing script Materials\PostEffects\LDRBloom\LDRBloom_Final.material
Info: OGRE: Parsing script Materials\PostEffects\LDRBloom\LDRBloom_GaussianBlur5x5.material
Info: OGRE: Parsing script Materials\PostEffects\MotionBlur\MotionBlur_Combine.material
Info: OGRE: Parsing script Materials\PostEffects\MotionBlur\MotionBlur_Copyback.material
Info: OGRE: Parsing script Materials\PostEffects\MotionBlur\MotionBlur_Display.material
Info: OGRE: Parsing script Materials\PostEffects\OldTV\OldTV.material
Info: OGRE: Parsing script Materials\PostEffects\RadialBlur\RadialBlur.material
Info: OGRE: Parsing script Materials\PostEffects\Tiling\Tiling.material
Info: OGRE: Parsing script Materials\PostEffects\Blur\Blur.compositor
Info: OGRE: Parsing script Materials\PostEffects\Glass\Glass.compositor
Info: OGRE: Parsing script Materials\PostEffects\Grayscale\Grayscale.compositor
Info: OGRE: Parsing script Materials\PostEffects\HDR\hdr.compositor
Info: OGRE: Parsing script Materials\PostEffects\HeatVision\HeatVision.compositor
Info: OGRE: Parsing script Materials\PostEffects\Invert\Invert.compositor
Info: OGRE: Parsing script Materials\PostEffects\LDRBloom\LDRBloom.compositor
Info: OGRE: Parsing script Materials\PostEffects\MotionBlur\MotionBlur.compositor
Info: OGRE: Parsing script Materials\PostEffects\OldTV\OldTV.compositor
Info: OGRE: Parsing script Materials\PostEffects\RadialBlur\RadialBlur.compositor
Info: OGRE: Parsing script Materials\PostEffects\Tiling\Tiling.compositor
Info: OGRE: Parsing script _Tests\ParticleSystem\EmittersTest.particle
Info: OGRE: Parsing script Effects\ExplosionParticle\ExplosionParticle.particle
Info: OGRE: Parsing script Effects\FireParticle\BigFireParticle.particle
Info: OGRE: Parsing script Effects\FireParticle\FireParticle.particle
Info: OGRE: Parsing script Effects\GreenyNimbusParticle\GreenyNimbusParticle.particle
Info: OGRE: Parsing script Effects\ItemParticle\ItemParticle.particle
Info: OGRE: Parsing script Effects\SmallSmokeParticle\SmallSmokeParticle.particle
Info: OGRE: Parsing script Effects\SmallSmokeParticle2\SmallSmokeParticle2.particle
Info: OGRE: Parsing script Effects\SmokeParticle\SmokeParticle.particle
Info: OGRE: Parsing script Types\Bullets\ShotgunBullet\ShotgunBullet.particle
Info: OGRE: Parsing script Types\Bullets\ShotgunBullet\ShotgunBulletHit.particle
Info: OGRE: Parsing script Types\Bullets\SubmachineGunBullet\SubmachineGunBulletHit.particle
Info: OGRE: Parsing script Types\Bullets\SubmachineGunGrenade\SubmachineGunGrenadeParticle.particle
Info: OGRE: Parsing script Types\Dynamic\DestructibleHouse\DestructibleHouseFileParticle.particle
Info: OGRE: Parsing script Types\Dynamic\Fan\FanParticle\FanParticle.particle
Info: OGRE: Parsing script Types\Dynamic\Firework\FireworkBullet\FireworkBulletHit.particle
Info: OGRE: Parsing script Types\Dynamic\GasFlamePipe\GasFlamePipeParticle\GasFlamePipe.particle
Info: OGRE: Parsing script Types\Dynamic\Pipe\PipeLeak\PipeLeakFlameParticle\PipeLeakFlame.particle
Info: OGRE: Parsing script Types\Dynamic\Pipe\PipeLeak\PipeLeakSteamParticle\PipeLeakSteam.particle
Info: OGRE: Parsing script Types\RTSSpecific\Dynamic\RTSGeyser\RTSGeyserParticle.particle
Info: OGRE: Parsing script Types\RTSSpecific\Units\RTSConstructor\RTSConstructorBullet\RTSConstructorBulletHit.particle
Info: OGRE: Parsing script Types\RTSSpecific\Units\RTSRobot\RTSRobotBullet\RTSRobotBulletHit.particle
Info: OGRE: Parsing script Types\Special\WaterPlane\WaterSplash\WaterSplash.particle
Info: OGRE: Parsing script Types\Special\WaterPlane\WaterSplashWave\WaterSplashWave.particle
Info: OGRE: Parsing script Types\Units\Robot\RobotBullet\RobotBulletHit.particle
Info: OGRE: Parsing script Types\Units\Turret\TurretBullet\TurretBulletHit.particle
Info: OGRE: Parsing script Types\Units\Zombie\ZombieBullet\ZombieBulletHit.particle
Info: OGRE: Finished parsing scripts for resource group General
Info: OGRE: Parsing scripts for resource group Internal
Info: OGRE: Finished parsing scripts for resource group Internal
Info: Initializing high level material: _Tests\ParticleSystem\TestPointParticle.highMaterial
Info: Initializing high level material: Effects\DefaultFlare\DefaultFlare.highMaterial
Info: Initializing high level material: Effects\ExplosionParticle\ExplosionParticle.highMaterial
Info: Initializing high level material: Effects\FireParticle\FireParticle.highMaterial
Info: Initializing high level material: Effects\ItemParticle\ItemParticle.highMaterial
Info: Initializing high level material: Effects\SmokeParticle\SmokeParticle.highMaterial
Info: Initializing high level material: JigsawPuzzleGame\JigsawPuzzleImage.highMaterial
Info: Initializing high level material: JigsawPuzzleGame\JigsawPuzzleImageBackground.highMaterial
Info: Initializing high level material: Maps\PortalSystemDemo\StaticGeometry\Garage\FpsDemoGarage_Celling.highMaterial
Info: Initializing high level material: Maps\PortalSystemDemo\StaticGeometry\Garage\FpsDemoGarage_Floor.highMaterial
Info: Initializing high level material: Maps\PortalSystemDemo\StaticGeometry\Garage\FpsDemoGarage_OuterWall.highMaterial
Info: Initializing high level material: Maps\PortalSystemDemo\StaticGeometry\Garage\FpsDemoGarage_Roof.highMaterial
Info: Initializing high level material: Maps\PortalSystemDemo\StaticGeometry\Garage\FpsDemoGarage_Wall.highMaterial
Info: Initializing high level material: Maps\PortalSystemDemo\StaticGeometry\House\FpsDemoHouse_BrickWall.highMaterial
Info: Initializing high level material: Maps\PortalSystemDemo\StaticGeometry\House\FpsDemoHouse_Celling.highMaterial
Info: Initializing high level material: Maps\PortalSystemDemo\StaticGeometry\House\FpsDemoHouse_Floor.highMaterial
Info: Initializing high level material: Maps\PortalSystemDemo\StaticGeometry\House\FpsDemoHouse_LargeBricks.highMaterial
Info: Initializing high level material: Maps\PortalSystemDemo\StaticGeometry\House\FpsDemoHouse_WallMetal.highMaterial
Info: Initializing high level material: Maps\PortalSystemDemo\StaticGeometry\House\FpsDemoHouse_WallPainted.highMaterial
Info: Initializing high level material: Maps\RenderDemo\Materials\RenderDemoCelling.highMaterial
Info: Initializing high level material: Maps\RenderDemo\Materials\RenderDemoCorridorFloor.highMaterial
Info: Initializing high level material: Maps\RenderDemo\Materials\RenderDemoDoor.highMaterial
Info: Initializing high level material: Maps\RenderDemo\Materials\RenderDemoLamp.highMaterial
Info: Initializing high level material: Maps\RenderDemo\Materials\RenderDemoRoomFloor.highMaterial
Info: Initializing high level material: Maps\RenderDemo\Materials\RenderDemoTrims.highMaterial
Info: Initializing high level material: Maps\RenderDemo\Materials\RenderDemoWall.highMaterial
Info: Initializing high level material: Maps\RTSDemo\Models\RTSConcreteBlock\RTSConcreteBlock.highMaterial
Info: Initializing high level material: Maps\TankDemo\Resources\Meshes\FakeTrees\TankDemoFakeTrees.highMaterial
Info: Initializing high level material: Maps\TankDemo\Resources\Meshes\Stone\TankDemoStone.highMaterial
Info: Initializing high level material: Maps\TankDemo\Resources\Meshes\Trees\TankDemoTree_Bark.highMaterial
Info: Initializing high level material: Maps\TankDemo\Resources\Meshes\Trees\TankDemoTree_Leafs.highMaterial
Info: Initializing high level material: Maps\TPSArcadeDemo\Resources\Models\TPSDemoRock.highMaterial
Info: Initializing high level material: Maps\TPSArcadeDemo\Resources\Models\TPSDemoRockStone.highMaterial
Info: Initializing high level material: Maps\TurretDemo\Resources\Models\TurretDemoRock.highMaterial
Info: Initializing high level material: Maps\TurretDemo\Resources\Models\TurretDemoRockStone.highMaterial
Info: Initializing high level material: Maps\TurretDemo\Resources\Models\TurretDemoRockStone2.highMaterial
Info: Initializing high level material: Materials\Simple\Black.highMaterial
Info: Initializing high level material: Materials\Simple\Blue.highMaterial
Info: Initializing high level material: Materials\Simple\DarkBlue.highMaterial
Info: Initializing high level material: Materials\Simple\DarkGray.highMaterial
Info: Initializing high level material: Materials\Simple\DarkGreen.highMaterial
Info: Initializing high level material: Materials\Simple\DarkRed.highMaterial
Info: Initializing high level material: Materials\Simple\DarkYellow.highMaterial
Info: Initializing high level material: Materials\Simple\Gray.highMaterial
Info: Initializing high level material: Materials\Simple\Green.highMaterial
Info: Initializing high level material: Materials\Simple\Red.highMaterial
Info: Initializing high level material: Materials\Simple\White.highMaterial
Info: Initializing high level material: Materials\Simple\Yellow.highMaterial
Info: Initializing high level material: Models\Beam\Beam.highMaterial
Info: Initializing high level material: Models\RockBig\RockBig.highMaterial
Info: Initializing high level material: Models\Rooms\Rooms_Celling.highMaterial
Info: Initializing high level material: Models\Rooms\Rooms_Cells.highMaterial
Info: Initializing high level material: Models\Rooms\Rooms_ConcreteWall.highMaterial
Info: Initializing high level material: Models\Rooms\Rooms_FloorHall.highMaterial
Info: Initializing high level material: Models\Rooms\Rooms_PassageWall.highMaterial
Info: Initializing high level material: Models\SandBags\SandBags.highMaterial
Info: Initializing high level material: Types\Base\Light\LightFlare.highMaterial
Info: Initializing high level material: Types\Bullets\ShotgunBullet\ShotgunBulletHitParticle.highMaterial
Info: Initializing high level material: Types\Bullets\ShotgunBullet\ShotgunBulletRibbonTrail.highMaterial
Info: Initializing high level material: Types\Bullets\SubmachineGunBullet\SubmachineGunBulletHit.highMaterial
Info: Initializing high level material: Types\Decals\DefaultBulletDecal\DefaultBulletDecal.highMaterial
Info: Initializing high level material: Types\Decals\DefaultExplosionDecal\DefaultExplosionDecal.highMaterial
Info: Initializing high level material: Types\Decals\ZombieBulletDecal\ZombieBulletDecal.highMaterial
Info: Initializing high level material: Types\DecorativeObjects\DecorativeStones\DecorativeStones.highMaterial
Info: Initializing high level material: Types\DecorativeObjects\Ear\Ear.highMaterial
Info: Initializing high level material: Types\DecorativeObjects\FlowerWhite\FlowerWhite.highMaterial
Info: Initializing high level material: Types\DecorativeObjects\FlowerYellow\FlowerYellow.highMaterial
Info: Initializing high level material: Types\DecorativeObjects\GrassBrown\GrassBrown.highMaterial
Info: Initializing high level material: Types\DecorativeObjects\GrassGreen\GrassGreen.highMaterial
Info: Initializing high level material: Types\Dynamic\Ball\Ball.highMaterial
Info: Initializing high level material: Types\Dynamic\BooleanSwitch\BooleanSwitch.highMaterial
Info: Initializing high level material: Types\Dynamic\BooleanSwitch\BooleanSwitchOff.highMaterial
Info: Initializing high level material: Types\Dynamic\BooleanSwitch\BooleanSwitchOn.highMaterial
Info: Initializing high level material: Types\Dynamic\Box\Box.highMaterial
Info: Initializing high level material: Types\Dynamic\CubemapReflectedBall\CubemapReflectedBall.highMaterial
Info: Initializing high level material: Types\Dynamic\DestructibleHouse\DestructibleHouse.highMaterial
Info: Initializing high level material: Types\Dynamic\DestructibleHouse\DestructibleHouseWinDoor.highMaterial
Info: Initializing high level material: Types\Dynamic\Door\Door.highMaterial
Info: Initializing high level material: Types\Dynamic\ExampleMagicBall\ExampleMagicBallBlinkMaterial.highMaterial
Info: Initializing high level material: Types\Dynamic\ExplosionBarrel\ExplosionBarrel.highMaterial
Info: Initializing high level material: Types\Dynamic\Fan\Fan.highMaterial
Info: Initializing high level material: Types\Dynamic\Fan\FanParticle\FanParticle.highMaterial
Info: Initializing high level material: Types\Dynamic\Firework\FireworkBullet\FireworkBulletRibbonTrail.highMaterial
Info: Initializing high level material: Types\Dynamic\FlareTest\FlareTest.highMaterial
Info: Initializing high level material: Types\Dynamic\GasFlamePipe\GasFlamePipeParticle\GasFlamePipeParticle.highMaterial
Info: Initializing high level material: Types\Dynamic\HangingCable\HangingCable.highMaterial
Info: Initializing high level material: Types\Dynamic\HangingLamp\HangingLampBase.highMaterial
Info: Initializing high level material: Types\Dynamic\HangingLamp\HangingLampLamps.highMaterial
Info: Initializing high level material: Types\Dynamic\LightBall\LightBall.highMaterial
Info: Initializing high level material: Types\Dynamic\Pipe\PipeLeak\PipeLeakFlameParticle\PipeLeakFlameParticle.highMaterial
Info: Initializing high level material: Types\Dynamic\Pipe\PipeLeak\PipeLeakSteamParticle\PipeLeakSteamParticle.highMaterial
Info: Initializing high level material: Types\Dynamic\Pipe\PipeSwitch\PipeSwitch.highMaterial
Info: Initializing high level material: Types\Dynamic\Placard\Placard.highMaterial
Info: Initializing high level material: Types\Dynamic\Placard\Placard_Holders.highMaterial
Info: Initializing high level material: Types\Dynamic\Teleporter\Teleporter.highMaterial
Info: Initializing high level material: Types\Dynamic\Terminal\Terminal.highMaterial
Info: Initializing high level material: Types\Dynamic\Terminal\TerminalClientNotSupportedInfo.highMaterial
Info: Initializing high level material: Types\Dynamic\WindMill\WindMill.highMaterial
Info: Initializing high level material: Types\Dynamic\WindMill\WindMillFan.highMaterial
Info: Initializing high level material: Types\Dynamic\WoodBox\WoodBox.highMaterial
Info: Initializing high level material: Types\Dynamic\YellowBlinkGridObject\BlueBlinkGrid.highMaterial
Info: Initializing high level material: Types\Items\AccessCard\AccessCard.highMaterial
Info: Initializing high level material: Types\Items\BulletItems\ShotgunBulletsItem\ShotgunBulletsItem.highMaterial
Info: Initializing high level material: Types\Items\BulletItems\SubmachineGunBulletsItem\SubmachineGunBulletsItem.highMaterial
Info: Initializing high level material: Types\Items\Dynamite\Dynamite.highMaterial
Info: Initializing high level material: Types\Items\HealthItems\SmallHealthItem\SmallHealthItem.highMaterial
Info: Initializing high level material: Types\RTSSpecific\Special\RTSBuildMaterial\RTSBuildMaterial.highMaterial
Info: Initializing high level material: Types\RTSSpecific\Units\RTSConstructor\RTSConstructorBullet\RTSConstructorBulletHit.highMaterial
Info: Initializing high level material: Types\RTSSpecific\Units\RTSFactory\RTSFactory.highMaterial
Info: Initializing high level material: Types\RTSSpecific\Units\RTSFactory\RTSFactory2.highMaterial
Info: Initializing high level material: Types\RTSSpecific\Units\RTSFactory\RTSFactoryGlass.highMaterial
Info: Initializing high level material: Types\RTSSpecific\Units\RTSHeadquaters\RTSHeadquaters.highMaterial
Info: Initializing high level material: Types\RTSSpecific\Units\RTSHeadquaters\RTSHeadquaters2.highMaterial
Info: Initializing high level material: Types\RTSSpecific\Units\RTSMine\RTSMine.highMaterial
Info: Initializing high level material: Types\RTSSpecific\Units\RTSMine\RTSMine2.highMaterial
Info: Initializing high level material: Types\RTSSpecific\Units\RTSRobot\RTSRobotBullet\RTSRobotBulletHit.highMaterial
Info: Initializing high level material: Types\Sky\BlueDaySky\BlueDaySky.highMaterial
Info: Initializing high level material: Types\Special\WaterPlane\WaterSplash\WaterSplash.highMaterial
Info: Initializing high level material: Types\Special\WaterPlane\WaterSplashWave\WaterSplashWave.highMaterial
Info: Initializing high level material: Types\StaticObjects\EngineLogoPlacard\EngineLogoPlacard.highMaterial
Info: Initializing high level material: Types\StaticObjects\Eyes\Eyes.highMaterial
Info: Initializing high level material: Types\StaticObjects\Fir\Fir.highMaterial
Info: Initializing high level material: Types\StaticObjects\Maple\Maple.highMaterial
Info: Initializing high level material: Types\StaticObjects\Maple\MapleLOD1.highMaterial
Info: Initializing high level material: Types\StaticObjects\MineBoard\MineBoard.highMaterial
Info: Initializing high level material: Types\StaticObjects\OgreHead\BumpMappingExample\BumpMappingExample.highMaterial
Info: Initializing high level material: Types\StaticObjects\OgreHead\OgreHead.highMaterial
Info: Initializing high level material: Types\StaticObjects\OgreHead\OgreHeadAnimated.highMaterial
Info: Initializing high level material: Types\StaticObjects\OgreHead\OgreHeadDynamicDiffuseScale.highMaterial
Info: Initializing high level material: Types\StaticObjects\OgreHead\OgreHeadEyes.highMaterial
Info: Initializing high level material: Types\StaticObjects\OgreHead\OgreHeadFangs.highMaterial
Info: Initializing high level material: Types\StaticObjects\OgreHead\OgreHeadTransparentExample\OgreHeadTransparentExample.highMaterial
Info: Initializing high level material: Types\StaticObjects\OgreHead\PerPixelLightingExample\PerPixelLightingExample.highMaterial
Info: Initializing high level material: Types\StaticObjects\Palette\Palette.highMaterial
Info: Initializing high level material: Types\StaticObjects\Palm\Palm.highMaterial
Info: Initializing high level material: Types\StaticObjects\ParkingBarrier\ParkingBarrier.highMaterial
Info: Initializing high level material: Types\StaticObjects\Pipe\Pipe.highMaterial
Info: Initializing high level material: Types\StaticObjects\RabbitHead\RabbitHead.highMaterial
Info: Initializing high level material: Types\StaticObjects\StaticBox\StaticBox.highMaterial
Info: Initializing high level material: Types\StaticObjects\Stone\Stone.highMaterial
Info: Initializing high level material: Types\StaticObjects\StopSign\StopSign.highMaterial
Info: Initializing high level material: Types\StaticObjects\SwitchBox\SwitchBox.highMaterial
Info: Initializing high level material: Types\StaticObjects\WallLamp\WallLamp.highMaterial
Info: Initializing high level material: Types\Units\AwesomeAircraft\AircraftMat_Mat01.highMaterial
Info: Initializing high level material: Types\Units\AwesomeAircraft\AircraftMat_Mat02.highMaterial
Info: Initializing high level material: Types\Units\AwesomeAircraft\AircraftMat_Mat03.highMaterial
Info: Initializing high level material: Types\Units\AwesomeAircraft\AircraftMat_Mat04.highMaterial
Info: Initializing high level material: Types\Units\AwesomeAircraft\AircraftMat_Mat05.highMaterial
Info: Initializing high level material: Types\Units\AwesomeAircraft\AircraftMat_Mat06.highMaterial
Info: Initializing high level material: Types\Units\AwesomeAircraft\AircraftMat_Mat07.highMaterial
Info: Initializing high level material: Types\Units\AwesomeAircraft\AircraftMat_Mat08.highMaterial
Info: Initializing high level material: Types\Units\AwesomeAircraft\AircraftMat_Mat09.highMaterial
Info: Initializing high level material: Types\Units\AwesomeAircraft\AircraftMat_Mat10.highMaterial
Info: Initializing high level material: Types\Units\AwesomeAircraft\AircraftMat_Mat11.highMaterial
Info: Initializing high level material: Types\Units\AwesomeAircraft\AircraftMat_Mat12.highMaterial
Info: Initializing high level material: Types\Units\AwesomeAircraft\AwesomeAircraftWheelMat.highMaterial
Info: Initializing high level material: Types\Units\Bug\Bug.highMaterial
Info: Initializing high level material: Types\Units\Crane\CraneBase\CraneBase_ConcreteCleanColor.highMaterial
Info: Initializing high level material: Types\Units\Crane\CraneBase\CraneBase_MetalPaintedColor.highMaterial
Info: Initializing high level material: Types\Units\Crane\CraneBase\CraneBase_MetalPatern01Color.highMaterial
Info: Initializing high level material: Types\Units\Crane\CraneBase\CraneBase_MetalPatern02Color.highMaterial
Info: Initializing high level material: Types\Units\Crane\CraneGibbet\CraneGibbet_MetalPattern01Color.highMaterial
Info: Initializing high level material: Types\Units\Crane\CraneMagnet\CraneMagnet_MetalPatern02Color.highMaterial
Info: Initializing high level material: Types\Units\Crane\CraneTower\CraneTower_ConcreteBlockColor.highMaterial
Info: Initializing high level material: Types\Units\Crane\CraneTower\CraneTower_MetalPaintedColor.highMaterial
Info: Initializing high level material: Types\Units\Crane\CraneTower\CraneTower_MetalPatern_01Color.highMaterial
Info: Initializing high level material: Types\Units\Crane\CraneTower\CraneTower_MetalPatern02Color.highMaterial
Info: Initializing high level material: Types\Units\Crane\CraneTower\CraneTower_ObjectColor.highMaterial
Info: Initializing high level material: Types\Units\Girl\GirlBody.highMaterial
Info: Initializing high level material: Types\Units\Girl\GirlHairs.highMaterial
Info: Initializing high level material: Types\Units\Helicopter\Helicopter.highMaterial
Info: Initializing high level material: Types\Units\Rabbit\Rabbit.highMaterial
Info: Initializing high level material: Types\Units\Robot\Robot.highMaterial
Info: Initializing high level material: Types\Units\Robot\Robot2.highMaterial
Info: Initializing high level material: Types\Units\Robot\RobotBullet\RobotBulletHit.highMaterial
Info: Initializing high level material: Types\Units\TigerTank\TigerTank_Base.highMaterial
Info: Initializing high level material: Types\Units\TigerTank\TigerTank_LeftTrack.highMaterial
Info: Initializing high level material: Types\Units\TigerTank\TigerTank_RightTrack.highMaterial
Info: Initializing high level material: Types\Units\Turret\Turret.highMaterial
Info: Initializing high level material: Types\Units\Turret\TurretBullet\TurretBulletHit.highMaterial
Info: Initializing high level material: Types\Units\Zombie\Zombie.highMaterial
Info: Initializing high level material: Types\Units\Zombie\ZombieBullet\ZombieBullet.highMaterial
Info: Initializing high level material: Types\Units\Zombie\ZombieBullet\ZombieBulletHitParticle.highMaterial
Info: Initializing high level material: Types\Weapons\Hammer\Hammer.highMaterial
Info: Initializing high level material: Types\Weapons\Shotgun\Shotgun.highMaterial
Info: Initializing high level material: Types\Weapons\Shotgun\Shotgun_FPS.highMaterial
Info: Initializing high level material: Types\Weapons\SubmachineGun\SubmachineGun.highMaterial
Info: Initializing high level material: Types\Weapons\SubmachineGun\SubmachineGun_FPS.highMaterial
Info: Initializing high level material: Types\Weapons\SubmachineGun\SubmachineGunFire.highMaterial
Info: Initializing high level material: Utils\ResourceEditorGrid\ResourceEditorGrid_1.highMaterial
Info: Initializing high level material: Utils\ResourceEditorGrid\ResourceEditorGrid_2.highMaterial
Info: Sound system is initialized (Driver: DirectSound8)
Info: OGRE: Mesh: Loading Types\Dynamic\Fan\Base.mesh.
Info: OGRE: D3D9 : Loading 2D Texture, image name : 'Types\Dynamic\Fan\Fan.dds' with 2147483647 mip map levels
Info: OGRE: Mesh: Loading Types\Dynamic\Fan\Fan.mesh.
Info: OGRE: Mesh: Loading Types\Weapons\SubmachineGun\SubmachineGun.mesh.
Info: OGRE: D3D9 : Loading 2D Texture, image name : 'Types\Weapons\SubmachineGun\SubmachineGun.dds' with 2147483647 mip map levels
Info: OGRE: Mesh: Loading Types\Dynamic\Terminal\Terminal.mesh.
Info: OGRE: D3D9 : Loading 2D Texture, image name : 'Types\Dynamic\Terminal\Terminal.dds' with 2147483647 mip map levels
Info: OGRE: Mesh: Loading Types\Dynamic\Terminal\TerminalBack.mesh.
Info: OGRE: Mesh: Loading Types\Dynamic\Terminal\TerminalClientNotSupportedInfo.mesh.
Info: OGRE: Texture: Types\Dynamic\Terminal\TerminalClientNotSupportedInfo.jpg: Loading 1 faces(PF_R8G8B8,256x256x1) with  hardware generated mipmaps from Image. Internal format is PF_X8R8G8B8,256x256x1.
Info: OGRE: Texture: Gui\Textures\MenuWindowBackground.png: Loading 1 faces(PF_A8R8G8B8,32x32x1) with  hardware generated mipmaps from Image. Internal format is PF_A8R8G8B8,32x32x1.
Info: OGRE: Texture: Gui\Textures\MenuWindowBorder.png: Loading 1 faces(PF_A8R8G8B8,16x16x1) with  hardware generated mipmaps from Image. Internal format is PF_A8R8G8B8,16x16x1.
Info: OGRE: Texture: Gui\Textures\MenuTitleBackground.png: Loading 1 faces(PF_A8R8G8B8,473x31x1) with 8 generated mipmaps from Image. Internal format is PF_A8R8G8B8,473x31x1.
Info: OGRE: Texture: Gui\Textures\MenuButton.png: Loading 1 faces(PF_A8R8G8B8,230x160x1) with 7 generated mipmaps from Image. Internal format is PF_A8R8G8B8,230x160x1.
Info: OGRE: Texture: Gui\Textures\MenuHScroll.png: Loading 1 faces(PF_A8R8G8B8,64x64x1) with  hardware generated mipmaps from Image. Internal format is PF_A8R8G8B8,64x64x1.
Info: OGRE: Texture: Gui\Textures\MenuCheckBox.png: Loading 1 faces(PF_A8R8G8B8,64x96x1) with 6 generated mipmaps from Image. Internal format is PF_A8R8G8B8,64x96x1.
Info: OGRE: Mesh: Loading Types\Base\InvisiblePoint.mesh.
Info: OGRE: Mesh: Loading Types\Dynamic\Door\Door.mesh.
Info: OGRE: D3D9 : Loading 2D Texture, image name : 'Types\Dynamic\Door\Door.dds' with 2147483647 mip map levels
Info: OGRE: Mesh: Loading Types\Items\HealthItems\SmallHealthItem\SmallHealthItem.mesh.
Info: OGRE: D3D9 : Loading 2D Texture, image name : 'Types\Items\HealthItems\SmallHealthItem\SmallHealthItem.dds' with 2147483647 mip map levels
Info: OGRE: D3D9 : Loading 2D Texture, image name : 'Types\Items\HealthItems\SmallHealthItem\SmallHealthItem_Normals.dds' with 2147483647 mip map levels
Info: OGRE: Mesh: Loading Types\Weapons\Shotgun\Shotgun.mesh.
Info: OGRE: D3D9 : Loading 2D Texture, image name : 'Types\Weapons\Shotgun\Shotgun.dds' with 2147483647 mip map levels
Info: OGRE: Texture: Types\Weapons\Shotgun\ShotgunEmission.png: Loading 1 faces(PF_R8G8B8,128x128x1) with  hardware generated mipmaps from Image. Internal format is PF_X8R8G8B8,128x128x1.
Info: OGRE: Texture: Types\Base\Light\LightFlare.jpg: Loading 1 faces(PF_R8G8B8,256x256x1) with  hardware generated mipmaps from Image. Internal format is PF_X8R8G8B8,256x256x1.
Info: OGRE: Mesh: Loading Models\Rooms\Rooms.mesh.
Info: OGRE: Mesh: Loading user:Caches\Maps\PhysicsDemo\StaticMeshCache\TileItem00000.mesh.
Info: OGRE: Mesh: Loading user:Caches\Maps\PhysicsDemo\StaticMeshCache\TileItem00001.mesh.
Info: OGRE: Mesh: Loading user:Caches\Maps\PhysicsDemo\StaticMeshCache\TileItem00002.mesh.
Info: OGRE: Mesh: Loading user:Caches\Maps\PhysicsDemo\StaticMeshCache\TileItem00003.mesh.
Info: OGRE: Mesh: Loading user:Caches\Maps\PhysicsDemo\StaticMeshCache\TileItem00004.mesh.
Info: OGRE: Mesh: Loading user:Caches\Maps\PhysicsDemo\StaticMeshCache\TileItem00005.mesh.
Info: OGRE: Mesh: Loading user:Caches\Maps\PhysicsDemo\StaticMeshCache\TileItem00006.mesh.
Info: OGRE: Mesh: Loading user:Caches\Maps\PhysicsDemo\StaticMeshCache\TileItem00007.mesh.
Info: OGRE: Mesh: Loading user:Caches\Maps\PhysicsDemo\StaticMeshCache\TileItem00008.mesh.
Info: OGRE: Mesh: Loading user:Caches\Maps\PhysicsDemo\StaticMeshCache\TileItem00009.mesh.
Info: OGRE: Mesh: Loading user:Caches\Maps\PhysicsDemo\StaticMeshCache\TileItem00010.mesh.
Info: OGRE: Mesh: Loading user:Caches\Maps\PhysicsDemo\StaticMeshCache\TileItem00011.mesh.
Info: OGRE: Mesh: Loading user:Caches\Maps\PhysicsDemo\StaticMeshCache\TileItem00012.mesh.
Info: OGRE: Mesh: Loading user:Caches\Maps\PhysicsDemo\StaticMeshCache\TileItem00013.mesh.
Info: OGRE: Mesh: Loading user:Caches\Maps\PhysicsDemo\StaticMeshCache\TileItem00014.mesh.
Info: OGRE: Texture: Types/Dynamic/Fan/FanParticle/fire.png: Loading 1 faces(PF_R8G8B8,64x64x1) with  hardware generated mipmaps from Image. Internal format is PF_X8R8G8B8,64x64x1.
Info: OGRE: Texture: Effects/ItemParticle/Object.tga: Loading 1 faces(PF_R8G8B8,64x64x1) with  hardware generated mipmaps from Image. Internal format is PF_X8R8G8B8,64x64x1.
Info: OGRE: D3D9 : Loading 2D Texture, image name : 'Models\Rooms\FloorHall.dds' with 2147483647 mip map levels
Info: OGRE: D3D9 : Loading 2D Texture, image name : 'Models\Rooms\ConcreteWall.dds' with 2147483647 mip map levels
Info: OGRE: D3D9 : Loading 2D Texture, image name : 'Models\Rooms\PassageWall.dds' with 2147483647 mip map levels
Info: OGRE: D3D9 : Loading 2D Texture, image name : 'Models\Rooms\CellingDiffuse.dds' with 2147483647 mip map levels
Info: OGRE: D3D9 : Loading 2D Texture, image name : 'Models\Rooms\CellingSpecular.dds' with 2147483647 mip map levels
Info: OGRE: D3D9 : Loading 2D Texture, image name : 'Models\Rooms\CellingNormals.dds' with 2147483647 mip map levels
Info: OGRE: D3D9 : Loading 2D Texture, image name : 'Models\Rooms\CellsDiffuse.dds' with 2147483647 mip map levels
Info: OGRE: D3D9 : Loading 2D Texture, image name : 'Models\Rooms\CellsSpecular.dds' with 2147483647 mip map levels
Info: OGRE: Texture: Models\Rooms\CellsNormals.jpg: Loading 1 faces(PF_R8G8B8,512x512x1) with  hardware generated mipmaps from Image. Internal format is PF_X8R8G8B8,512x512x1.
Info: OGRE: !!! Direct3D Device Lost!
Info: OGRE: Releasing D3D9 default pool texture: c11/rt_lastAdaptedLuminance/MainWindow
Info: OGRE: Released D3D9 default pool texture: c11/rt_lastAdaptedLuminance/MainWindow
Info: OGRE: Releasing D3D9 default pool texture: c10/rt_adaptedLuminance/MainWindow
Info: OGRE: Released D3D9 default pool texture: c10/rt_adaptedLuminance/MainWindow
Info: OGRE: Releasing D3D9 default pool texture: c9/rt_bloomVertical/MainWindow
Info: OGRE: Released D3D9 default pool texture: c9/rt_bloomVertical/MainWindow
Info: OGRE: Releasing D3D9 default pool texture: c8/rt_bloomHorizontal/MainWindow
Info: OGRE: Released D3D9 default pool texture: c8/rt_bloomHorizontal/MainWindow
Info: OGRE: Releasing D3D9 default pool texture: c7/rt_bloomBlur/MainWindow
Info: OGRE: Released D3D9 default pool texture: c7/rt_bloomBlur/MainWindow
Info: OGRE: Releasing D3D9 default pool texture: c6/rt_brightPass/MainWindow
Info: OGRE: Released D3D9 default pool texture: c6/rt_brightPass/MainWindow
Info: OGRE: Releasing D3D9 default pool texture: c5/rt_luminance4/MainWindow
Info: OGRE: Released D3D9 default pool texture: c5/rt_luminance4/MainWindow
Info: OGRE: Releasing D3D9 default pool texture: c4/rt_luminance3/MainWindow
Info: OGRE: Released D3D9 default pool texture: c4/rt_luminance3/MainWindow
Info: OGRE: Releasing D3D9 default pool texture: c3/rt_luminance2/MainWindow
Info: OGRE: Released D3D9 default pool texture: c3/rt_luminance2/MainWindow
Info: OGRE: Releasing D3D9 default pool texture: c2/rt_luminance1/MainWindow
Info: OGRE: Released D3D9 default pool texture: c2/rt_luminance1/MainWindow
Info: OGRE: Releasing D3D9 default pool texture: c1/rt_luminance0/MainWindow
Info: OGRE: Released D3D9 default pool texture: c1/rt_luminance0/MainWindow
Info: OGRE: Releasing D3D9 default pool texture: c0/rt_full/MainWindow
Info: OGRE: Released D3D9 default pool texture: c0/rt_full/MainWindow
Info: OGRE: D3D9TextureManager released:
Info: OGRE: 12 unmanaged textures
Info: OGRE: D3D9HardwareBufferManager released:
Info: OGRE: 0 unmanaged vertex buffers
Info: OGRE: 0 unmanaged index buffers
Info: OGRE: Releasing D3D9 default pool texture: c11/rt_lastAdaptedLuminance/MainWindow
Info: OGRE: Released D3D9 default pool texture: c11/rt_lastAdaptedLuminance/MainWindow
Info: OGRE: Releasing D3D9 default pool texture: c10/rt_adaptedLuminance/MainWindow
Info: OGRE: Released D3D9 default pool texture: c10/rt_adaptedLuminance/MainWindow
Info: OGRE: Releasing D3D9 default pool texture: c9/rt_bloomVertical/MainWindow
Info: OGRE: Released D3D9 default pool texture: c9/rt_bloomVertical/MainWindow
Info: OGRE: Releasing D3D9 default pool texture: c8/rt_bloomHorizontal/MainWindow
Info: OGRE: Released D3D9 default pool texture: c8/rt_bloomHorizontal/MainWindow
Info: OGRE: Releasing D3D9 default pool texture: c7/rt_bloomBlur/MainWindow
Info: OGRE: Released D3D9 default pool texture: c7/rt_bloomBlur/MainWindow
Info: OGRE: Releasing D3D9 default pool texture: c6/rt_brightPass/MainWindow
Info: OGRE: Released D3D9 default pool texture: c6/rt_brightPass/MainWindow
Info: OGRE: Releasing D3D9 default pool texture: c5/rt_luminance4/MainWindow
Info: OGRE: Released D3D9 default pool texture: c5/rt_luminance4/MainWindow
Info: OGRE: Releasing D3D9 default pool texture: c4/rt_luminance3/MainWindow
Info: OGRE: Released D3D9 default pool texture: c4/rt_luminance3/MainWindow
Info: OGRE: Releasing D3D9 default pool texture: c3/rt_luminance2/MainWindow
Info: OGRE: Released D3D9 default pool texture: c3/rt_luminance2/MainWindow
Info: OGRE: Releasing D3D9 default pool texture: c2/rt_luminance1/MainWindow
Info: OGRE: Released D3D9 default pool texture: c2/rt_luminance1/MainWindow
Info: OGRE: Releasing D3D9 default pool texture: c1/rt_luminance0/MainWindow
Info: OGRE: Released D3D9 default pool texture: c1/rt_luminance0/MainWindow
Info: OGRE: Releasing D3D9 default pool texture: c0/rt_full/MainWindow
Info: OGRE: Released D3D9 default pool texture: c0/rt_full/MainWindow
Info: OGRE: D3D9TextureManager released:
Info: OGRE: 12 unmanaged textures
Info: OGRE: D3D9HardwareBufferManager released:
Info: OGRE: 0 unmanaged vertex buffers
Info: OGRE: 0 unmanaged index buffers
Info: OGRE: Reset device ok w:1103 h:752
Info: OGRE: Recreating D3D9 default pool texture: c11/rt_lastAdaptedLuminance/MainWindow
Info: OGRE: Recreated D3D9 default pool texture: c11/rt_lastAdaptedLuminance/MainWindow
Info: OGRE: Recreating D3D9 default pool texture: c10/rt_adaptedLuminance/MainWindow
Info: OGRE: Recreated D3D9 default pool texture: c10/rt_adaptedLuminance/MainWindow
Info: OGRE: Recreating D3D9 default pool texture: c9/rt_bloomVertical/MainWindow
Info: OGRE: Recreated D3D9 default pool texture: c9/rt_bloomVertical/MainWindow
Info: OGRE: Recreating D3D9 default pool texture: c8/rt_bloomHorizontal/MainWindow
Info: OGRE: Recreated D3D9 default pool texture: c8/rt_bloomHorizontal/MainWindow
Info: OGRE: Recreating D3D9 default pool texture: c7/rt_bloomBlur/MainWindow
Info: OGRE: Recreated D3D9 default pool texture: c7/rt_bloomBlur/MainWindow
Info: OGRE: Recreating D3D9 default pool texture: c6/rt_brightPass/MainWindow
Info: OGRE: Recreated D3D9 default pool texture: c6/rt_brightPass/MainWindow
Info: OGRE: Recreating D3D9 default pool texture: c5/rt_luminance4/MainWindow
Info: OGRE: Recreated D3D9 default pool texture: c5/rt_luminance4/MainWindow
Info: OGRE: Recreating D3D9 default pool texture: c4/rt_luminance3/MainWindow
Info: OGRE: Recreated D3D9 default pool texture: c4/rt_luminance3/MainWindow
Info: OGRE: Recreating D3D9 default pool texture: c3/rt_luminance2/MainWindow
Info: OGRE: Recreated D3D9 default pool texture: c3/rt_luminance2/MainWindow
Info: OGRE: Recreating D3D9 default pool texture: c2/rt_luminance1/MainWindow
Info: OGRE: Recreated D3D9 default pool texture: c2/rt_luminance1/MainWindow
Info: OGRE: Recreating D3D9 default pool texture: c1/rt_luminance0/MainWindow
Info: OGRE: Recreated D3D9 default pool texture: c1/rt_luminance0/MainWindow
Info: OGRE: Recreating D3D9 default pool texture: c0/rt_full/MainWindow
Info: OGRE: Recreated D3D9 default pool texture: c0/rt_full/MainWindow
Info: OGRE: D3D9TextureManager recreated:
Info: OGRE: 12 unmanaged textures
Info: OGRE: D3D9HardwareBufferManager recreated:
Info: OGRE: 0 unmanaged vertex buffers
Info: OGRE: 0 unmanaged index buffers
Info: OGRE: !!! Direct3D Device successfully restored.
Info: Initializing high level material: _Tests\ParticleSystem\TestPointParticle.highMaterial
Info: Initializing high level material: Effects\DefaultFlare\DefaultFlare.highMaterial
Info: Initializing high level material: Effects\ExplosionParticle\ExplosionParticle.highMaterial
Info: Initializing high level material: Effects\FireParticle\FireParticle.highMaterial
Info: Initializing high level material: Effects\ItemParticle\ItemParticle.highMaterial
Info: Initializing high level material: Effects\SmokeParticle\SmokeParticle.highMaterial
Info: Initializing high level material: JigsawPuzzleGame\JigsawPuzzleImage.highMaterial
Info: Initializing high level material: JigsawPuzzleGame\JigsawPuzzleImageBackground.highMaterial
Info: Initializing high level material: Maps\PortalSystemDemo\StaticGeometry\Garage\FpsDemoGarage_Celling.highMaterial
Info: Initializing high level material: Maps\PortalSystemDemo\StaticGeometry\Garage\FpsDemoGarage_Floor.highMaterial
Info: Initializing high level material: Maps\PortalSystemDemo\StaticGeometry\Garage\FpsDemoGarage_OuterWall.highMaterial
Info: Initializing high level material: Maps\PortalSystemDemo\StaticGeometry\Garage\FpsDemoGarage_Roof.highMaterial
Info: Initializing high level material: Maps\PortalSystemDemo\StaticGeometry\Garage\FpsDemoGarage_Wall.highMaterial
Info: Initializing high level material: Maps\PortalSystemDemo\StaticGeometry\House\FpsDemoHouse_BrickWall.highMaterial
Info: Initializing high level material: Maps\PortalSystemDemo\StaticGeometry\House\FpsDemoHouse_Celling.highMaterial
Info: Initializing high level material: Maps\PortalSystemDemo\StaticGeometry\House\FpsDemoHouse_Floor.highMaterial
Info: Initializing high level material: Maps\PortalSystemDemo\StaticGeometry\House\FpsDemoHouse_LargeBricks.highMaterial
Info: Initializing high level material: Maps\PortalSystemDemo\StaticGeometry\House\FpsDemoHouse_WallMetal.highMaterial
Info: Initializing high level material: Maps\PortalSystemDemo\StaticGeometry\House\FpsDemoHouse_WallPainted.highMaterial
Info: Initializing high level material: Maps\RenderDemo\Materials\RenderDemoCelling.highMaterial
Info: Initializing high level material: Maps\RenderDemo\Materials\RenderDemoCorridorFloor.highMaterial
Info: Initializing high level material: Maps\RenderDemo\Materials\RenderDemoDoor.highMaterial
Info: Initializing high level material: Maps\RenderDemo\Materials\RenderDemoLamp.highMaterial
Info: Initializing high level material: Maps\RenderDemo\Materials\RenderDemoRoomFloor.highMaterial
Info: Initializing high level material: Maps\RenderDemo\Materials\RenderDemoTrims.highMaterial
Info: Initializing high level material: Maps\RenderDemo\Materials\RenderDemoWall.highMaterial
Info: Initializing high level material: Maps\RTSDemo\Models\RTSConcreteBlock\RTSConcreteBlock.highMaterial
Info: Initializing high level material: Maps\TankDemo\Resources\Meshes\FakeTrees\TankDemoFakeTrees.highMaterial
Info: Initializing high level material: Maps\TankDemo\Resources\Meshes\Stone\TankDemoStone.highMaterial
Info: Initializing high level material: Maps\TankDemo\Resources\Meshes\Trees\TankDemoTree_Bark.highMaterial
Info: Initializing high level material: Maps\TankDemo\Resources\Meshes\Trees\TankDemoTree_Leafs.highMaterial
Info: Initializing high level material: Maps\TPSArcadeDemo\Resources\Models\TPSDemoRock.highMaterial
Info: Initializing high level material: Maps\TPSArcadeDemo\Resources\Models\TPSDemoRockStone.highMaterial
Info: Initializing high level material: Maps\TurretDemo\Resources\Models\TurretDemoRock.highMaterial
Info: Initializing high level material: Maps\TurretDemo\Resources\Models\TurretDemoRockStone.highMaterial
Info: Initializing high level material: Maps\TurretDemo\Resources\Models\TurretDemoRockStone2.highMaterial
Info: Initializing high level material: Materials\Simple\Black.highMaterial
Info: Initializing high level material: Materials\Simple\Blue.highMaterial
Info: Initializing high level material: Materials\Simple\DarkBlue.highMaterial
Info: Initializing high level material: Materials\Simple\DarkGray.highMaterial
Info: Initializing high level material: Materials\Simple\DarkGreen.highMaterial
Info: Initializing high level material: Materials\Simple\DarkRed.highMaterial
Info: Initializing high level material: Materials\Simple\DarkYellow.highMaterial
Info: Initializing high level material: Materials\Simple\Gray.highMaterial
Info: Initializing high level material: Materials\Simple\Green.highMaterial
Info: Initializing high level material: Materials\Simple\Red.highMaterial
Info: Initializing high level material: Materials\Simple\White.highMaterial
Info: Initializing high level material: Materials\Simple\Yellow.highMaterial
Info: Initializing high level material: Models\Beam\Beam.highMaterial
Info: Initializing high level material: Models\RockBig\RockBig.highMaterial
Info: Initializing high level material: Models\Rooms\Rooms_Celling.highMaterial
Info: Initializing high level material: Models\Rooms\Rooms_Cells.highMaterial
Info: Initializing high level material: Models\Rooms\Rooms_ConcreteWall.highMaterial
Info: Initializing high level material: Models\Rooms\Rooms_FloorHall.highMaterial
Info: Initializing high level material: Models\Rooms\Rooms_PassageWall.highMaterial
Info: Initializing high level material: Models\SandBags\SandBags.highMaterial
Info: Initializing high level material: Types\Base\Light\LightFlare.highMaterial
Info: Initializing high level material: Types\Bullets\ShotgunBullet\ShotgunBulletHitParticle.highMaterial
Info: Initializing high level material: Types\Bullets\ShotgunBullet\ShotgunBulletRibbonTrail.highMaterial
Info: Initializing high level material: Types\Bullets\SubmachineGunBullet\SubmachineGunBulletHit.highMaterial
Info: Initializing high level material: Types\Decals\DefaultBulletDecal\DefaultBulletDecal.highMaterial
Info: Initializing high level material: Types\Decals\DefaultExplosionDecal\DefaultExplosionDecal.highMaterial
Info: Initializing high level material: Types\Decals\ZombieBulletDecal\ZombieBulletDecal.highMaterial
Info: Initializing high level material: Types\DecorativeObjects\DecorativeStones\DecorativeStones.highMaterial
Info: Initializing high level material: Types\DecorativeObjects\Ear\Ear.highMaterial
Info: Initializing high level material: Types\DecorativeObjects\FlowerWhite\FlowerWhite.highMaterial
Info: Initializing high level material: Types\DecorativeObjects\FlowerYellow\FlowerYellow.highMaterial
Info: Initializing high level material: Types\DecorativeObjects\GrassBrown\GrassBrown.highMaterial
Info: Initializing high level material: Types\DecorativeObjects\GrassGreen\GrassGreen.highMaterial
Info: Initializing high level material: Types\Dynamic\Ball\Ball.highMaterial
Info: Initializing high level material: Types\Dynamic\BooleanSwitch\BooleanSwitch.highMaterial
Info: Initializing high level material: Types\Dynamic\BooleanSwitch\BooleanSwitchOff.highMaterial
Info: Initializing high level material: Types\Dynamic\BooleanSwitch\BooleanSwitchOn.highMaterial
Info: Initializing high level material: Types\Dynamic\Box\Box.highMaterial
Info: Initializing high level material: Types\Dynamic\CubemapReflectedBall\CubemapReflectedBall.highMaterial
Info: Initializing high level material: Types\Dynamic\DestructibleHouse\DestructibleHouse.highMaterial
Info: Initializing high level material: Types\Dynamic\DestructibleHouse\DestructibleHouseWinDoor.highMaterial
Info: Initializing high level material: Types\Dynamic\Door\Door.highMaterial
Info: Initializing high level material: Types\Dynamic\ExampleMagicBall\ExampleMagicBallBlinkMaterial.highMaterial
Info: Initializing high level material: Types\Dynamic\ExplosionBarrel\ExplosionBarrel.highMaterial
Info: Initializing high level material: Types\Dynamic\Fan\Fan.highMaterial
Info: Initializing high level material: Types\Dynamic\Fan\FanParticle\FanParticle.highMaterial
Info: Initializing high level material: Types\Dynamic\Firework\FireworkBullet\FireworkBulletRibbonTrail.highMaterial
Info: Initializing high level material: Types\Dynamic\FlareTest\FlareTest.highMaterial
Info: Initializing high level material: Types\Dynamic\GasFlamePipe\GasFlamePipeParticle\GasFlamePipeParticle.highMaterial
Info: Initializing high level material: Types\Dynamic\HangingCable\HangingCable.highMaterial
Info: Initializing high level material: Types\Dynamic\HangingLamp\HangingLampBase.highMaterial
Info: Initializing high level material: Types\Dynamic\HangingLamp\HangingLampLamps.highMaterial
Info: Initializing high level material: Types\Dynamic\LightBall\LightBall.highMaterial
Info: Initializing high level material: Types\Dynamic\Pipe\PipeLeak\PipeLeakFlameParticle\PipeLeakFlameParticle.highMaterial
Info: Initializing high level material: Types\Dynamic\Pipe\PipeLeak\PipeLeakSteamParticle\PipeLeakSteamParticle.highMaterial
Info: Initializing high level material: Types\Dynamic\Pipe\PipeSwitch\PipeSwitch.highMaterial
Info: Initializing high level material: Types\Dynamic\Placard\Placard.highMaterial
Info: Initializing high level material: Types\Dynamic\Placard\Placard_Holders.highMaterial
Info: Initializing high level material: Types\Dynamic\Teleporter\Teleporter.highMaterial
Info: Initializing high level material: Types\Dynamic\Terminal\Terminal.highMaterial
Info: Initializing high level material: Types\Dynamic\Terminal\TerminalClientNotSupportedInfo.highMaterial
Info: Initializing high level material: Types\Dynamic\WindMill\WindMill.highMaterial
Info: Initializing high level material: Types\Dynamic\WindMill\WindMillFan.highMaterial
Info: Initializing high level material: Types\Dynamic\WoodBox\WoodBox.highMaterial
Info: Initializing high level material: Types\Dynamic\YellowBlinkGridObject\BlueBlinkGrid.highMaterial
Info: Initializing high level material: Types\Items\AccessCard\AccessCard.highMaterial
Info: Initializing high level material: Types\Items\BulletItems\ShotgunBulletsItem\ShotgunBulletsItem.highMaterial
Info: Initializing high level material: Types\Items\BulletItems\SubmachineGunBulletsItem\SubmachineGunBulletsItem.highMaterial
Info: Initializing high level material: Types\Items\Dynamite\Dynamite.highMaterial
Info: Initializing high level material: Types\Items\HealthItems\SmallHealthItem\SmallHealthItem.highMaterial
Info: Initializing high level material: Types\RTSSpecific\Special\RTSBuildMaterial\RTSBuildMaterial.highMaterial
Info: Initializing high level material: Types\RTSSpecific\Units\RTSConstructor\RTSConstructorBullet\RTSConstructorBulletHit.highMaterial
Info: Initializing high level material: Types\RTSSpecific\Units\RTSFactory\RTSFactory.highMaterial
Info: Initializing high level material: Types\RTSSpecific\Units\RTSFactory\RTSFactory2.highMaterial
Info: Initializing high level material: Types\RTSSpecific\Units\RTSFactory\RTSFactoryGlass.highMaterial
Info: Initializing high level material: Types\RTSSpecific\Units\RTSHeadquaters\RTSHeadquaters.highMaterial
Info: Initializing high level material: Types\RTSSpecific\Units\RTSHeadquaters\RTSHeadquaters2.highMaterial
Info: Initializing high level material: Types\RTSSpecific\Units\RTSMine\RTSMine.highMaterial
Info: Initializing high level material: Types\RTSSpecific\Units\RTSMine\RTSMine2.highMaterial
Info: Initializing high level material: Types\RTSSpecific\Units\RTSRobot\RTSRobotBullet\RTSRobotBulletHit.highMaterial
Info: Initializing high level material: Types\Sky\BlueDaySky\BlueDaySky.highMaterial
Info: Initializing high level material: Types\Special\WaterPlane\WaterSplash\WaterSplash.highMaterial
Info: Initializing high level material: Types\Special\WaterPlane\WaterSplashWave\WaterSplashWave.highMaterial
Info: Initializing high level material: Types\StaticObjects\EngineLogoPlacard\EngineLogoPlacard.highMaterial
Info: Initializing high level material: Types\StaticObjects\Eyes\Eyes.highMaterial
Info: Initializing high level material: Types\StaticObjects\Fir\Fir.highMaterial
Info: Initializing high level material: Types\StaticObjects\Maple\Maple.highMaterial
Info: Initializing high level material: Types\StaticObjects\Maple\MapleLOD1.highMaterial
Info: Initializing high level material: Types\StaticObjects\MineBoard\MineBoard.highMaterial
Info: Initializing high level material: Types\StaticObjects\OgreHead\BumpMappingExample\BumpMappingExample.highMaterial
Info: Initializing high level material: Types\StaticObjects\OgreHead\OgreHead.highMaterial
Info: Initializing high level material: Types\StaticObjects\OgreHead\OgreHeadAnimated.highMaterial
Info: Initializing high level material: Types\StaticObjects\OgreHead\OgreHeadDynamicDiffuseScale.highMaterial
Info: Initializing high level material: Types\StaticObjects\OgreHead\OgreHeadEyes.highMaterial
Info: Initializing high level material: Types\StaticObjects\OgreHead\OgreHeadFangs.highMaterial
Info: Initializing high level material: Types\StaticObjects\OgreHead\OgreHeadTransparentExample\OgreHeadTransparentExample.highMaterial
Info: Initializing high level material: Types\StaticObjects\OgreHead\PerPixelLightingExample\PerPixelLightingExample.highMaterial
Info: Initializing high level material: Types\StaticObjects\Palette\Palette.highMaterial
Info: Initializing high level material: Types\StaticObjects\Palm\Palm.highMaterial
Info: Initializing high level material: Types\StaticObjects\ParkingBarrier\ParkingBarrier.highMaterial
Info: Initializing high level material: Types\StaticObjects\Pipe\Pipe.highMaterial
Info: Initializing high level material: Types\StaticObjects\RabbitHead\RabbitHead.highMaterial
Info: Initializing high level material: Types\StaticObjects\StaticBox\StaticBox.highMaterial
Info: Initializing high level material: Types\StaticObjects\Stone\Stone.highMaterial
Info: Initializing high level material: Types\StaticObjects\StopSign\StopSign.highMaterial
Info: Initializing high level material: Types\StaticObjects\SwitchBox\SwitchBox.highMaterial
Info: Initializing high level material: Types\StaticObjects\WallLamp\WallLamp.highMaterial
Info: Initializing high level material: Types\Units\AwesomeAircraft\AircraftMat_Mat01.highMaterial
Info: Initializing high level material: Types\Units\AwesomeAircraft\AircraftMat_Mat02.highMaterial
Info: Initializing high level material: Types\Units\AwesomeAircraft\AircraftMat_Mat03.highMaterial
Info: Initializing high level material: Types\Units\AwesomeAircraft\AircraftMat_Mat04.highMaterial
Info: Initializing high level material: Types\Units\AwesomeAircraft\AircraftMat_Mat05.highMaterial
Info: Initializing high level material: Types\Units\AwesomeAircraft\AircraftMat_Mat06.highMaterial
Info: Initializing high level material: Types\Units\AwesomeAircraft\AircraftMat_Mat07.highMaterial
Info: Initializing high level material: Types\Units\AwesomeAircraft\AircraftMat_Mat08.highMaterial
Info: Initializing high level material: Types\Units\AwesomeAircraft\AircraftMat_Mat09.highMaterial
Info: Initializing high level material: Types\Units\AwesomeAircraft\AircraftMat_Mat10.highMaterial
Info: Initializing high level material: Types\Units\AwesomeAircraft\AircraftMat_Mat11.highMaterial
Info: Initializing high level material: Types\Units\AwesomeAircraft\AircraftMat_Mat12.highMaterial
Info: Initializing high level material: Types\Units\AwesomeAircraft\AwesomeAircraftWheelMat.highMaterial
Info: Initializing high level material: Types\Units\Bug\Bug.highMaterial
Info: Initializing high level material: Types\Units\Crane\CraneBase\CraneBase_ConcreteCleanColor.highMaterial
Info: Initializing high level material: Types\Units\Crane\CraneBase\CraneBase_MetalPaintedColor.highMaterial
Info: Initializing high level material: Types\Units\Crane\CraneBase\CraneBase_MetalPatern01Color.highMaterial
Info: Initializing high level material: Types\Units\Crane\CraneBase\CraneBase_MetalPatern02Color.highMaterial
Info: Initializing high level material: Types\Units\Crane\CraneGibbet\CraneGibbet_MetalPattern01Color.highMaterial
Info: Initializing high level material: Types\Units\Crane\CraneMagnet\CraneMagnet_MetalPatern02Color.highMaterial
Info: Initializing high level material: Types\Units\Crane\CraneTower\CraneTower_ConcreteBlockColor.highMaterial
Info: Initializing high level material: Types\Units\Crane\CraneTower\CraneTower_MetalPaintedColor.highMaterial
Info: Initializing high level material: Types\Units\Crane\CraneTower\CraneTower_MetalPatern_01Color.highMaterial
Info: Initializing high level material: Types\Units\Crane\CraneTower\CraneTower_MetalPatern02Color.highMaterial
Info: Initializing high level material: Types\Units\Crane\CraneTower\CraneTower_ObjectColor.highMaterial
Info: Initializing high level material: Types\Units\Girl\GirlBody.highMaterial
Info: Initializing high level material: Types\Units\Girl\GirlHairs.highMaterial
Info: Initializing high level material: Types\Units\Helicopter\Helicopter.highMaterial
Info: Initializing high level material: Types\Units\Rabbit\Rabbit.highMaterial
Info: Initializing high level material: Types\Units\Robot\Robot.highMaterial
Info: Initializing high level material: Types\Units\Robot\Robot2.highMaterial
Info: Initializing high level material: Types\Units\Robot\RobotBullet\RobotBulletHit.highMaterial
Info: Initializing high level material: Types\Units\TigerTank\TigerTank_Base.highMaterial
Info: Initializing high level material: Types\Units\TigerTank\TigerTank_LeftTrack.highMaterial
Info: Initializing high level material: Types\Units\TigerTank\TigerTank_RightTrack.highMaterial
Info: Initializing high level material: Types\Units\Turret\Turret.highMaterial
Info: Initializing high level material: Types\Units\Turret\TurretBullet\TurretBulletHit.highMaterial
Info: Initializing high level material: Types\Units\Zombie\Zombie.highMaterial
Info: Initializing high level material: Types\Units\Zombie\ZombieBullet\ZombieBullet.highMaterial
Info: Initializing high level material: Types\Units\Zombie\ZombieBullet\ZombieBulletHitParticle.highMaterial
Info: Initializing high level material: Types\Weapons\Hammer\Hammer.highMaterial
Info: Initializing high level material: Types\Weapons\Shotgun\Shotgun.highMaterial
Info: Initializing high level material: Types\Weapons\Shotgun\Shotgun_FPS.highMaterial
Info: Initializing high level material: Types\Weapons\SubmachineGun\SubmachineGun.highMaterial
Info: Initializing high level material: Types\Weapons\SubmachineGun\SubmachineGun_FPS.highMaterial
Info: Initializing high level material: Types\Weapons\SubmachineGun\SubmachineGunFire.highMaterial
Info: Initializing high level material: Utils\ResourceEditorGrid\ResourceEditorGrid_1.highMaterial
Info: Initializing high level material: Utils\ResourceEditorGrid\ResourceEditorGrid_2.highMaterial
Info: OGRE: Texture: spot_shadow_fade.png: Loading 1 faces(PF_R8G8B8,128x128x1) with  hardware generated mipmaps from Image. Internal format is PF_X8R8G8B8,128x128x1.
Fatal: Entities: AddToSystem: Internal error: entitiesUINDictionary.ContainsKey( entity.UIN ).
   at System.Environment.GetStackTrace(Exception e, Boolean needFileInfo)
   at System.Environment.get_StackTrace()
   at Engine.Log.A()
   at Engine.Log.Fatal(String text)
   at Engine.EntitySystem.Entities.A(Entity A, UInt32 a, UInt32 B)
   at Engine.EntitySystem.Entities._CreateInternal(EntityType type, Entity parent, UInt32 uin, UInt32 networkUIN)
   at Engine.EntitySystem.Entity.a(TextBlock A)
   at Engine.EntitySystem.Entities._LoadEntityTreeFromTextBlock(Entity entity, TextBlock block, Boolean loadRootEntity, List`1 loadedEntities)
   at Engine.MapSystem.MapSystemWorld.MapLoad(String virtualFileName)
   at E.Ee.a(String A)
   at E.Ee.e(Object A, EventArgs a)
   at System.Windows.Forms.ToolStripItem.RaiseEvent(Object key, EventArgs e)
   at System.Windows.Forms.ToolStripMenuItem.OnClick(EventArgs e)
   at System.Windows.Forms.ToolStripItem.HandleClick(EventArgs e)
   at System.Windows.Forms.ToolStripItem.HandleMouseUp(MouseEventArgs e)
   at System.Windows.Forms.ToolStripItem.FireEventInteractive(EventArgs e, ToolStripItemEventType met)
   at System.Windows.Forms.ToolStripItem.FireEvent(EventArgs e, ToolStripItemEventType met)
   at System.Windows.Forms.ToolStrip.OnMouseUp(MouseEventArgs mea)
   at System.Windows.Forms.ToolStripDropDown.OnMouseUp(MouseEventArgs mea)
   at System.Windows.Forms.Control.WmMouseUp(Message& m, MouseButtons button, Int32 clicks)
   at System.Windows.Forms.Control.WndProc(Message& m)
   at System.Windows.Forms.ScrollableControl.WndProc(Message& m)
   at System.Windows.Forms.ToolStrip.WndProc(Message& m)
   at System.Windows.Forms.ToolStripDropDown.WndProc(Message& m)
   at System.Windows.Forms.Control.ControlNativeWindow.OnMessage(Message& m)
   at System.Windows.Forms.Control.ControlNativeWindow.WndProc(Message& m)
   at System.Windows.Forms.NativeWindow.Callback(IntPtr hWnd, Int32 msg, IntPtr wparam, IntPtr lparam)
   at System.Windows.Forms.UnsafeNativeMethods.DispatchMessageW(MSG& msg)
   at System.Windows.Forms.Application.ComponentManager.System.Windows.Forms.UnsafeNativeMethods.IMsoComponentManager.FPushMessageLoop(Int32 dwComponentID, Int32 reason, Int32 pvLoopData)
   at System.Windows.Forms.Application.ThreadContext.RunMessageLoopInner(Int32 reason, ApplicationContext context)
   at System.Windows.Forms.Application.ThreadContext.RunMessageLoop(Int32 reason, ApplicationContext context)
   at System.Windows.Forms.Application.DoEvents()
   at d.dw.a()
   at d.dw.A()