Log started: 8/22/2010 8:00:28 PM
Game 0.852
Info: Operating System: Microsoft Windows NT 5.1.2600 Service Pack 3 (32-bit)
Info: Runtime Framework: Net 2.0.50727.3615
Info: Engine SDK: Non-Commercial SDK
Info: Engine 32-bit version
Info: Physics system is initialized (Driver: ODE 0.11.1)
Info: OGRE: Added resource location 'D:\Fariborz\FlightGame\Bin\Data' of type 'VirtualFileSystem' to resource group 'General' with recursive option
Info: OGRE: Loading library RenderSystem_Direct3D9.dll
Info: OGRE: Installing plugin: D3D9 RenderSystem
Info: OGRE: D3D9 : Direct3D9 Rendering Subsystem created.
Info: OGRE: D3D9: Driver Detection Starts
Info: OGRE: D3D9: Driver Detection Ends
Info: OGRE: Plugin successfully installed
Info: OGRE: CPU Identifier & Features
Info: OGRE: -------------------------
Info: OGRE:  *   CPU ID: GenuineIntel: Intel(R) Pentium(R) D CPU 3.40GHz
Info: OGRE:  *      SSE: yes
Info: OGRE:  *     SSE2: yes
Info: OGRE:  *     SSE3: yes
Info: OGRE:  *      MMX: yes
Info: OGRE:  *   MMXEXT: yes
Info: OGRE:  *    3DNOW: no
Info: OGRE:  * 3DNOWEXT: no
Info: OGRE:  *     CMOV: yes
Info: OGRE:  *      TSC: yes
Info: OGRE:  *      FPU: yes
Info: OGRE:  *      PRO: yes
Info: OGRE:  *       HT: yes
Info: OGRE: -------------------------
Info: OGRE: D3D9 : Subsystem Initialising
Info: OGRE: Driver name: vtdisp.dll
Info: OGRE: Driver description: VIA/S3G UniChrome Pro IGP
Info: OGRE: ***************************************
Info: OGRE: *** D3D9 : Subsystem Initialised OK ***
Info: OGRE: ***************************************
Info: OGRE: D3D9RenderSystem::_createRenderWindow "MainWindow", 640x480 fullscreen  miscParams: colourDepth=32 externalWindowHandle=197728 
Info: OGRE: D3D9 : Created D3D9 Rendering Window 'MainWindow' : 1024x768, 32bpp
Info: OGRE: Registering ResourceManager for type Texture
Info: OGRE: Registering ResourceManager for type GpuProgram
Info: OGRE: RenderSystem capabilities
Info: OGRE: -------------------------
Info: OGRE: RenderSystem Name: Direct3D9 Rendering Subsystem
Info: OGRE: GPU Vendor: unknown
Info: OGRE: Device Name: VIA/S3G UniChrome Pro IGP
Info: OGRE: Driver Version: 6.14.10.226
Info: OGRE:  * Fixed function pipeline: yes
Info: OGRE:  * Hardware generation of mipmaps: no
Info: OGRE:  * Texture blending: yes
Info: OGRE:  * Anisotropic texture filtering: yes
Info: OGRE:  * Dot product texture operation: yes
Info: OGRE:  * Cube mapping: yes
Info: OGRE:  * Hardware stencil buffer: yes
Info: OGRE:    - Stencil depth: 8
Info: OGRE:    - Two sided stencil support: no
Info: OGRE:    - Wrap stencil values: yes
Info: OGRE:  * Hardware vertex / index buffers: yes
Info: OGRE:  * Vertex programs: yes
Info: OGRE:  * Fragment programs: no
Info: OGRE:  * Geometry programs: no
Info: OGRE:  * Supported Shader Profiles: hlsl vs_1_1 vs_2_0 vs_2_a vs_2_x vs_3_0
Info: OGRE:  * Texture Compression: yes
Info: OGRE:    - DXT: yes
Info: OGRE:    - VTC: no
Info: OGRE:    - 3Dc: no
Info: OGRE:  * Scissor Rectangle: yes
Info: OGRE:  * Hardware Occlusion Query: no
Info: OGRE:  * User clip planes: yes
Info: OGRE:  * VET_UBYTE4 vertex element type: yes
Info: OGRE:  * Infinite far plane projection: yes
Info: OGRE:  * Hardware render-to-texture: yes
Info: OGRE:  * Floating point textures: no
Info: OGRE:  * Non-power-of-two textures: yes (limited)
Info: OGRE:  * Volume textures: no
Info: OGRE:  * Multiple Render Targets: 1
Info: OGRE:    - With different bit depths: no
Info: OGRE:  * Point Sprites: yes
Info: OGRE:  * Extended point parameters: yes
Info: OGRE:  * Max Point Size: 64
Info: OGRE:  * Vertex texture fetch: no
Info: OGRE:  * Render to Vertex Buffer : no
Info: OGRE:  * Alpha to coverage: no
Info: OGRE:  * Fetch4: no
Info: OGRE:  * Hardware Instancing: yes
Info: OGRE:  * DirectX per stage constants: no
Info: OGRE:  * Max texture size: 2048
Info: OGRE: ResourceBackgroundQueue - threading disabled
Info: OGRE: Particle Renderer Type 'billboard' registered
Info: Renderer: GPU description: VIA/S3G UniChrome Pro IGP
Info: Renderer: GPU codename: Unknown
Info: Renderer: Shader model 2.0: no
Info: Renderer: Shader model 3.0: no
Info: 2D texture render target pixel formats: R5G6B5 A4R4G4B4 A1R5G5B5 A8R8G8B8 X8R8G8B8
Info: OGRE: Parsing scripts for resource group Autodetect
Info: OGRE: Finished parsing scripts for resource group Autodetect
Info: OGRE: Parsing scripts for resource group General
Info: OGRE: Parsing script Materials\Common\AmbientOneTexture.program
Info: OGRE: Parsing script Materials\Common\GuiRendering.program
Info: OGRE: Parsing script Materials\Common\StdQuad_vp.program
Info: OGRE: Parsing script Materials\Common\DepthShadowmapDefaultCaster.material
Info: OGRE: Parsing script Materials\Common\DepthShadowmapDefaultCaster_ATI.material
Info: OGRE: Parsing script Materials\Common\DepthShadowmapDefaultCaster_nVidia.material
Info: OGRE: Parsing script Materials\PostEffects\Blur\Blur.material
Info: OGRE: Parsing script Materials\PostEffects\Glass\Glass.material
Info: OGRE: Parsing script Materials\PostEffects\Grayscale\Grayscale.material
Info: OGRE: Parsing script Materials\PostEffects\HDR\hdr_Bloom.material
Info: OGRE: Parsing script Materials\PostEffects\HDR\hdr_BrightPass.material
Info: OGRE: Parsing script Materials\PostEffects\HDR\hdr_CalculateAdaptedLuminance.material
Info: OGRE: Parsing script Materials\PostEffects\HDR\hdr_CopyLastAdaptedLuminance.material
Info: OGRE: Parsing script Materials\PostEffects\HDR\hdr_FinalToneMapping.material
Info: OGRE: Parsing script Materials\PostEffects\HDR\hdr_GaussianBlur5x5.material
Info: OGRE: Parsing script Materials\PostEffects\HDR\hdr_SampleLuminanceFinal.material
Info: OGRE: Parsing script Materials\PostEffects\HDR\hdr_SampleLuminanceInitial.material
Info: OGRE: Parsing script Materials\PostEffects\HDR\hdr_SampleLuminanceIterative.material
Info: OGRE: Parsing script Materials\PostEffects\HeatVision\HaatVision_LightToHeat.material
Info: OGRE: Parsing script Materials\PostEffects\HeatVision\HeatVision_Blur.material
Info: OGRE: Parsing script Materials\PostEffects\Invert\Invert.material
Info: OGRE: Parsing script Materials\PostEffects\LDRBloom\LDRBloom_Bloom.material
Info: OGRE: Parsing script Materials\PostEffects\LDRBloom\LDRBloom_BrightPass.material
Info: OGRE: Parsing script Materials\PostEffects\LDRBloom\LDRBloom_Final.material
Info: OGRE: Parsing script Materials\PostEffects\LDRBloom\LDRBloom_GaussianBlur5x5.material
Info: OGRE: Parsing script Materials\PostEffects\MotionBlur\MotionBlur_Combine.material
Info: OGRE: Parsing script Materials\PostEffects\MotionBlur\MotionBlur_Copyback.material
Info: OGRE: Parsing script Materials\PostEffects\MotionBlur\MotionBlur_Display.material
Info: OGRE: Parsing script Materials\PostEffects\OldTV\OldTV.material
Info: OGRE: Parsing script Materials\PostEffects\RadialBlur\RadialBlur.material
Info: OGRE: Parsing script Materials\PostEffects\Tiling\Tiling.material
Info: OGRE: Parsing script Scene.material
Info: OGRE: Parsing script Types\Units\AwesomeAircraft\Scene.material
Info: OGRE: Parsing script Materials\PostEffects\Blur\Blur.compositor
Info: OGRE: Parsing script Materials\PostEffects\Glass\Glass.compositor
Info: OGRE: Parsing script Materials\PostEffects\Grayscale\Grayscale.compositor
Info: OGRE: Parsing script Materials\PostEffects\HDR\hdr.compositor
Info: OGRE: Parsing script Materials\PostEffects\HeatVision\HeatVision.compositor
Info: OGRE: Parsing script Materials\PostEffects\Invert\Invert.compositor
Info: OGRE: Parsing script Materials\PostEffects\LDRBloom\LDRBloom.compositor
Info: OGRE: Parsing script Materials\PostEffects\MotionBlur\MotionBlur.compositor
Info: OGRE: Parsing script Materials\PostEffects\OldTV\OldTV.compositor
Info: OGRE: Parsing script Materials\PostEffects\RadialBlur\RadialBlur.compositor
Info: OGRE: Parsing script Materials\PostEffects\Tiling\Tiling.compositor
Info: OGRE: Parsing script _Tests\ParticleSystem\EmittersTest.particle
Info: OGRE: Parsing script Effects\ExplosionParticle\ExplosionParticle.particle
Info: OGRE: Parsing script Effects\FireParticle\BigFireParticle.particle
Info: OGRE: Parsing script Effects\FireParticle\FireParticle.particle
Info: OGRE: Parsing script Effects\GreenyNimbusParticle\GreenyNimbusParticle.particle
Info: OGRE: Parsing script Effects\ItemParticle\ItemParticle.particle
Info: OGRE: Parsing script Effects\SmallSmokeParticle\SmallSmokeParticle.particle
Info: OGRE: Parsing script Effects\SmallSmokeParticle2\SmallSmokeParticle2.particle
Info: OGRE: Parsing script Effects\SmokeParticle\SmokeParticle.particle
Info: OGRE: Parsing script Types\Bullets\ShotgunBullet\ShotgunBullet.particle
Info: OGRE: Parsing script Types\Bullets\ShotgunBullet\ShotgunBulletHit.particle
Info: OGRE: Parsing script Types\Bullets\SubmachineGunBullet\SubmachineGunBulletHit.particle
Info: OGRE: Parsing script Types\Bullets\SubmachineGunGrenade\SubmachineGunGrenadeParticle.particle
Info: OGRE: Parsing script Types\Dynamic\DestructibleHouse\DestructibleHouseFileParticle.particle
Info: OGRE: Parsing script Types\Dynamic\Fan\FanParticle\FanParticle.particle
Info: OGRE: Parsing script Types\Dynamic\Firework\FireworkBullet\FireworkBulletHit.particle
Info: OGRE: Parsing script Types\Dynamic\GasFlamePipe\GasFlamePipeParticle\GasFlamePipe.particle
Info: OGRE: Parsing script Types\Dynamic\Pipe\PipeLeak\PipeLeakFlameParticle\PipeLeakFlame.particle
Info: OGRE: Parsing script Types\Dynamic\Pipe\PipeLeak\PipeLeakSteamParticle\PipeLeakSteam.particle
Info: OGRE: Parsing script Types\RTSSpecific\Dynamic\RTSGeyser\RTSGeyserParticle.particle
Info: OGRE: Parsing script Types\RTSSpecific\Units\RTSConstructor\RTSConstructorBullet\RTSConstructorBulletHit.particle
Info: OGRE: Parsing script Types\RTSSpecific\Units\RTSRobot\RTSRobotBullet\RTSRobotBulletHit.particle
Info: OGRE: Parsing script Types\Special\WaterPlane\WaterSplash\WaterSplash.particle
Info: OGRE: Parsing script Types\Special\WaterPlane\WaterSplashWave\WaterSplashWave.particle
Info: OGRE: Parsing script Types\Units\Robot\RobotBullet\RobotBulletHit.particle
Info: OGRE: Parsing script Types\Units\Turret\TurretBullet\TurretBulletHit.particle
Info: OGRE: Parsing script Types\Units\Zombie\ZombieBullet\ZombieBulletHit.particle
Info: OGRE: Finished parsing scripts for resource group General
Info: OGRE: Parsing scripts for resource group Internal
Info: OGRE: Finished parsing scripts for resource group Internal
Info: Initializing high level material: _Tests\ParticleSystem\TestPointParticle.highMaterial
Info: Initializing high level material: Effects\DefaultFlare\DefaultFlare.highMaterial
Info: Initializing high level material: Effects\ExplosionParticle\ExplosionParticle.highMaterial
Info: Initializing high level material: Effects\FireParticle\FireParticle.highMaterial
Info: Initializing high level material: Effects\ItemParticle\ItemParticle.highMaterial
Info: Initializing high level material: Effects\SmokeParticle\SmokeParticle.highMaterial
Info: Initializing high level material: JigsawPuzzleGame\JigsawPuzzleImage.highMaterial
Info: Initializing high level material: JigsawPuzzleGame\JigsawPuzzleImageBackground.highMaterial
Info: Initializing high level material: Maps\PortalSystemDemo\StaticGeometry\Garage\FpsDemoGarage_Celling.highMaterial
Info: Initializing high level material: Maps\PortalSystemDemo\StaticGeometry\Garage\FpsDemoGarage_Floor.highMaterial
Info: Initializing high level material: Maps\PortalSystemDemo\StaticGeometry\Garage\FpsDemoGarage_OuterWall.highMaterial
Info: Initializing high level material: Maps\PortalSystemDemo\StaticGeometry\Garage\FpsDemoGarage_Roof.highMaterial
Info: Initializing high level material: Maps\PortalSystemDemo\StaticGeometry\Garage\FpsDemoGarage_Wall.highMaterial
Info: Initializing high level material: Maps\PortalSystemDemo\StaticGeometry\House\FpsDemoHouse_BrickWall.highMaterial
Info: Initializing high level material: Maps\PortalSystemDemo\StaticGeometry\House\FpsDemoHouse_Celling.highMaterial
Info: Initializing high level material: Maps\PortalSystemDemo\StaticGeometry\House\FpsDemoHouse_Floor.highMaterial
Info: Initializing high level material: Maps\PortalSystemDemo\StaticGeometry\House\FpsDemoHouse_LargeBricks.highMaterial
Info: Initializing high level material: Maps\PortalSystemDemo\StaticGeometry\House\FpsDemoHouse_WallMetal.highMaterial
Info: Initializing high level material: Maps\PortalSystemDemo\StaticGeometry\House\FpsDemoHouse_WallPainted.highMaterial
Info: Initializing high level material: Maps\RenderDemo\Materials\RenderDemoCelling.highMaterial
Info: Initializing high level material: Maps\RenderDemo\Materials\RenderDemoCorridorFloor.highMaterial
Info: Initializing high level material: Maps\RenderDemo\Materials\RenderDemoDoor.highMaterial
Info: Initializing high level material: Maps\RenderDemo\Materials\RenderDemoLamp.highMaterial
Info: Initializing high level material: Maps\RenderDemo\Materials\RenderDemoRoomFloor.highMaterial
Info: Initializing high level material: Maps\RenderDemo\Materials\RenderDemoTrims.highMaterial
Info: Initializing high level material: Maps\RenderDemo\Materials\RenderDemoWall.highMaterial
Info: Initializing high level material: Maps\RTSDemo\Models\RTSConcreteBlock\RTSConcreteBlock.highMaterial
Info: Initializing high level material: Maps\TankDemo\Resources\Meshes\FakeTrees\TankDemoFakeTrees.highMaterial
Info: Initializing high level material: Maps\TankDemo\Resources\Meshes\Stone\TankDemoStone.highMaterial
Info: Initializing high level material: Maps\TankDemo\Resources\Meshes\Trees\TankDemoTree_Bark.highMaterial
Info: Initializing high level material: Maps\TankDemo\Resources\Meshes\Trees\TankDemoTree_Leafs.highMaterial
Info: Initializing high level material: Maps\TPSArcadeDemo\Resources\Models\TPSDemoRock.highMaterial
Info: Initializing high level material: Maps\TPSArcadeDemo\Resources\Models\TPSDemoRockStone.highMaterial
Info: Initializing high level material: Maps\TurretDemo\Resources\Models\TurretDemoRock.highMaterial
Info: Initializing high level material: Maps\TurretDemo\Resources\Models\TurretDemoRockStone.highMaterial
Info: Initializing high level material: Maps\TurretDemo\Resources\Models\TurretDemoRockStone2.highMaterial
Info: Initializing high level material: Materials\Simple\Black.highMaterial
Info: Initializing high level material: Materials\Simple\Blue.highMaterial
Info: Initializing high level material: Materials\Simple\DarkBlue.highMaterial
Info: Initializing high level material: Materials\Simple\DarkGray.highMaterial
Info: Initializing high level material: Materials\Simple\DarkGreen.highMaterial
Info: Initializing high level material: Materials\Simple\DarkRed.highMaterial
Info: Initializing high level material: Materials\Simple\DarkYellow.highMaterial
Info: Initializing high level material: Materials\Simple\Gray.highMaterial
Info: Initializing high level material: Materials\Simple\Green.highMaterial
Info: Initializing high level material: Materials\Simple\Red.highMaterial
Info: Initializing high level material: Materials\Simple\White.highMaterial
Info: Initializing high level material: Materials\Simple\Yellow.highMaterial
Info: Initializing high level material: Models\Beam\Beam.highMaterial
Info: Initializing high level material: Models\RockBig\RockBig.highMaterial
Info: Initializing high level material: Models\Rooms\Rooms_Celling.highMaterial
Info: Initializing high level material: Models\Rooms\Rooms_Cells.highMaterial
Info: Initializing high level material: Models\Rooms\Rooms_ConcreteWall.highMaterial
Info: Initializing high level material: Models\Rooms\Rooms_FloorHall.highMaterial
Info: Initializing high level material: Models\Rooms\Rooms_PassageWall.highMaterial
Info: Initializing high level material: Models\SandBags\SandBags.highMaterial
Info: Initializing high level material: Types\Base\Light\LightFlare.highMaterial
Info: Initializing high level material: Types\Bullets\ShotgunBullet\ShotgunBulletHitParticle.highMaterial
Info: Initializing high level material: Types\Bullets\ShotgunBullet\ShotgunBulletRibbonTrail.highMaterial
Info: Initializing high level material: Types\Bullets\SubmachineGunBullet\SubmachineGunBulletHit.highMaterial
Info: Initializing high level material: Types\Decals\DefaultBulletDecal\DefaultBulletDecal.highMaterial
Info: Initializing high level material: Types\Decals\DefaultExplosionDecal\DefaultExplosionDecal.highMaterial
Info: Initializing high level material: Types\Decals\ZombieBulletDecal\ZombieBulletDecal.highMaterial
Info: Initializing high level material: Types\DecorativeObjects\DecorativeStones\DecorativeStones.highMaterial
Info: Initializing high level material: Types\DecorativeObjects\Ear\Ear.highMaterial
Info: Initializing high level material: Types\DecorativeObjects\FlowerWhite\FlowerWhite.highMaterial
Info: Initializing high level material: Types\DecorativeObjects\FlowerYellow\FlowerYellow.highMaterial
Info: Initializing high level material: Types\DecorativeObjects\GrassBrown\GrassBrown.highMaterial
Info: Initializing high level material: Types\DecorativeObjects\GrassGreen\GrassGreen.highMaterial
Info: Initializing high level material: Types\Dynamic\Ball\Ball.highMaterial
Info: Initializing high level material: Types\Dynamic\BooleanSwitch\BooleanSwitch.highMaterial
Info: Initializing high level material: Types\Dynamic\BooleanSwitch\BooleanSwitchOff.highMaterial
Info: Initializing high level material: Types\Dynamic\BooleanSwitch\BooleanSwitchOn.highMaterial
Info: Initializing high level material: Types\Dynamic\Box\Box.highMaterial
Info: Initializing high level material: Types\Dynamic\CubemapReflectedBall\CubemapReflectedBall.highMaterial
Info: Initializing high level material: Types\Dynamic\DestructibleHouse\DestructibleHouse.highMaterial
Info: Initializing high level material: Types\Dynamic\DestructibleHouse\DestructibleHouseWinDoor.highMaterial
Info: Initializing high level material: Types\Dynamic\Door\Door.highMaterial
Info: Initializing high level material: Types\Dynamic\ExampleMagicBall\ExampleMagicBallBlinkMaterial.highMaterial
Info: Initializing high level material: Types\Dynamic\ExplosionBarrel\ExplosionBarrel.highMaterial
Info: Initializing high level material: Types\Dynamic\Fan\Fan.highMaterial
Info: Initializing high level material: Types\Dynamic\Fan\FanParticle\FanParticle.highMaterial
Info: Initializing high level material: Types\Dynamic\Firework\FireworkBullet\FireworkBulletRibbonTrail.highMaterial
Info: Initializing high level material: Types\Dynamic\FlareTest\FlareTest.highMaterial
Info: Initializing high level material: Types\Dynamic\GasFlamePipe\GasFlamePipeParticle\GasFlamePipeParticle.highMaterial
Info: Initializing high level material: Types\Dynamic\HangingCable\HangingCable.highMaterial
Info: Initializing high level material: Types\Dynamic\HangingLamp\HangingLampBase.highMaterial
Info: Initializing high level material: Types\Dynamic\HangingLamp\HangingLampLamps.highMaterial
Info: Initializing high level material: Types\Dynamic\LightBall\LightBall.highMaterial
Info: Initializing high level material: Types\Dynamic\Pipe\PipeLeak\PipeLeakFlameParticle\PipeLeakFlameParticle.highMaterial
Info: Initializing high level material: Types\Dynamic\Pipe\PipeLeak\PipeLeakSteamParticle\PipeLeakSteamParticle.highMaterial
Info: Initializing high level material: Types\Dynamic\Pipe\PipeSwitch\PipeSwitch.highMaterial
Info: Initializing high level material: Types\Dynamic\Placard\Placard.highMaterial
Info: Initializing high level material: Types\Dynamic\Placard\Placard_Holders.highMaterial
Info: Initializing high level material: Types\Dynamic\Teleporter\Teleporter.highMaterial
Info: Initializing high level material: Types\Dynamic\Terminal\Terminal.highMaterial
Info: Initializing high level material: Types\Dynamic\Terminal\TerminalClientNotSupportedInfo.highMaterial
Info: Initializing high level material: Types\Dynamic\WindMill\WindMill.highMaterial
Info: Initializing high level material: Types\Dynamic\WindMill\WindMillFan.highMaterial
Info: Initializing high level material: Types\Dynamic\WoodBox\WoodBox.highMaterial
Info: Initializing high level material: Types\Dynamic\YellowBlinkGridObject\BlueBlinkGrid.highMaterial
Info: Initializing high level material: Types\Items\AccessCard\AccessCard.highMaterial
Info: Initializing high level material: Types\Items\BulletItems\ShotgunBulletsItem\ShotgunBulletsItem.highMaterial
Info: Initializing high level material: Types\Items\BulletItems\SubmachineGunBulletsItem\SubmachineGunBulletsItem.highMaterial
Info: Initializing high level material: Types\Items\Dynamite\Dynamite.highMaterial
Info: Initializing high level material: Types\Items\HealthItems\SmallHealthItem\SmallHealthItem.highMaterial
Info: Initializing high level material: Types\RTSSpecific\Special\RTSBuildMaterial\RTSBuildMaterial.highMaterial
Info: Initializing high level material: Types\RTSSpecific\Units\RTSConstructor\RTSConstructorBullet\RTSConstructorBulletHit.highMaterial
Info: Initializing high level material: Types\RTSSpecific\Units\RTSFactory\RTSFactory.highMaterial
Info: Initializing high level material: Types\RTSSpecific\Units\RTSFactory\RTSFactory2.highMaterial
Info: Initializing high level material: Types\RTSSpecific\Units\RTSFactory\RTSFactoryGlass.highMaterial
Info: Initializing high level material: Types\RTSSpecific\Units\RTSHeadquaters\RTSHeadquaters.highMaterial
Info: Initializing high level material: Types\RTSSpecific\Units\RTSHeadquaters\RTSHeadquaters2.highMaterial
Info: Initializing high level material: Types\RTSSpecific\Units\RTSMine\RTSMine.highMaterial
Info: Initializing high level material: Types\RTSSpecific\Units\RTSMine\RTSMine2.highMaterial
Info: Initializing high level material: Types\RTSSpecific\Units\RTSRobot\RTSRobotBullet\RTSRobotBulletHit.highMaterial
Info: Initializing high level material: Types\Sky\BlueDaySky\BlueDaySky.highMaterial
Info: Initializing high level material: Types\Special\WaterPlane\WaterSplash\WaterSplash.highMaterial
Info: Initializing high level material: Types\Special\WaterPlane\WaterSplashWave\WaterSplashWave.highMaterial
Info: Initializing high level material: Types\StaticObjects\EngineLogoPlacard\EngineLogoPlacard.highMaterial
Info: Initializing high level material: Types\StaticObjects\Eyes\Eyes.highMaterial
Info: Initializing high level material: Types\StaticObjects\Fir\Fir.highMaterial
Info: Initializing high level material: Types\StaticObjects\Maple\Maple.highMaterial
Info: Initializing high level material: Types\StaticObjects\Maple\MapleLOD1.highMaterial
Info: Initializing high level material: Types\StaticObjects\MineBoard\MineBoard.highMaterial
Info: Initializing high level material: Types\StaticObjects\OgreHead\BumpMappingExample\BumpMappingExample.highMaterial
Info: Initializing high level material: Types\StaticObjects\OgreHead\OgreHead.highMaterial
Info: Initializing high level material: Types\StaticObjects\OgreHead\OgreHeadAnimated.highMaterial
Info: Initializing high level material: Types\StaticObjects\OgreHead\OgreHeadDynamicDiffuseScale.highMaterial
Info: Initializing high level material: Types\StaticObjects\OgreHead\OgreHeadEyes.highMaterial
Info: Initializing high level material: Types\StaticObjects\OgreHead\OgreHeadFangs.highMaterial
Info: Initializing high level material: Types\StaticObjects\OgreHead\OgreHeadTransparentExample\OgreHeadTransparentExample.highMaterial
Info: Initializing high level material: Types\StaticObjects\OgreHead\PerPixelLightingExample\PerPixelLightingExample.highMaterial
Info: Initializing high level material: Types\StaticObjects\Palette\Palette.highMaterial
Info: Initializing high level material: Types\StaticObjects\Palm\Palm.highMaterial
Info: Initializing high level material: Types\StaticObjects\ParkingBarrier\ParkingBarrier.highMaterial
Info: Initializing high level material: Types\StaticObjects\Pipe\Pipe.highMaterial
Info: Initializing high level material: Types\StaticObjects\RabbitHead\RabbitHead.highMaterial
Info: Initializing high level material: Types\StaticObjects\StaticBox\StaticBox.highMaterial
Info: Initializing high level material: Types\StaticObjects\Stone\Stone.highMaterial
Info: Initializing high level material: Types\StaticObjects\StopSign\StopSign.highMaterial
Info: Initializing high level material: Types\StaticObjects\SwitchBox\SwitchBox.highMaterial
Info: Initializing high level material: Types\StaticObjects\WallLamp\WallLamp.highMaterial
Info: Initializing high level material: Types\Units\AwesomeAircraft\AircraftMat_Mat01.highMaterial
Info: Initializing high level material: Types\Units\AwesomeAircraft\AircraftMat_Mat02.highMaterial
Info: Initializing high level material: Types\Units\AwesomeAircraft\AircraftMat_Mat03.highMaterial
Info: Initializing high level material: Types\Units\AwesomeAircraft\AircraftMat_Mat04.highMaterial
Info: Initializing high level material: Types\Units\AwesomeAircraft\AircraftMat_Mat05.highMaterial
Info: Initializing high level material: Types\Units\AwesomeAircraft\AircraftMat_Mat06.highMaterial
Info: Initializing high level material: Types\Units\AwesomeAircraft\AircraftMat_Mat07.highMaterial
Info: Initializing high level material: Types\Units\AwesomeAircraft\AircraftMat_Mat08.highMaterial
Info: Initializing high level material: Types\Units\AwesomeAircraft\AircraftMat_Mat09.highMaterial
Info: Initializing high level material: Types\Units\AwesomeAircraft\AircraftMat_Mat10.highMaterial
Info: Initializing high level material: Types\Units\AwesomeAircraft\AircraftMat_Mat11.highMaterial
Info: Initializing high level material: Types\Units\AwesomeAircraft\AircraftMat_Mat12.highMaterial
Info: Initializing high level material: Types\Units\AwesomeAircraft\AwesomeAircraftWheelMat.highMaterial
Info: Initializing high level material: Types\Units\Bug\Bug.highMaterial
Info: Initializing high level material: Types\Units\Crane\CraneBase\CraneBase_ConcreteCleanColor.highMaterial
Info: Initializing high level material: Types\Units\Crane\CraneBase\CraneBase_MetalPaintedColor.highMaterial
Info: Initializing high level material: Types\Units\Crane\CraneBase\CraneBase_MetalPatern01Color.highMaterial
Info: Initializing high level material: Types\Units\Crane\CraneBase\CraneBase_MetalPatern02Color.highMaterial
Info: Initializing high level material: Types\Units\Crane\CraneGibbet\CraneGibbet_MetalPattern01Color.highMaterial
Info: Initializing high level material: Types\Units\Crane\CraneMagnet\CraneMagnet_MetalPatern02Color.highMaterial
Info: Initializing high level material: Types\Units\Crane\CraneTower\CraneTower_ConcreteBlockColor.highMaterial
Info: Initializing high level material: Types\Units\Crane\CraneTower\CraneTower_MetalPaintedColor.highMaterial
Info: Initializing high level material: Types\Units\Crane\CraneTower\CraneTower_MetalPatern_01Color.highMaterial
Info: Initializing high level material: Types\Units\Crane\CraneTower\CraneTower_MetalPatern02Color.highMaterial
Info: Initializing high level material: Types\Units\Crane\CraneTower\CraneTower_ObjectColor.highMaterial
Info: Initializing high level material: Types\Units\Girl\GirlBody.highMaterial
Info: Initializing high level material: Types\Units\Girl\GirlHairs.highMaterial
Info: Initializing high level material: Types\Units\Helicopter\Helicopter.highMaterial
Info: Initializing high level material: Types\Units\Rabbit\Rabbit.highMaterial
Info: Initializing high level material: Types\Units\Robot\Robot.highMaterial
Info: Initializing high level material: Types\Units\Robot\Robot2.highMaterial
Info: Initializing high level material: Types\Units\Robot\RobotBullet\RobotBulletHit.highMaterial
Info: Initializing high level material: Types\Units\TigerTank\TigerTank_Base.highMaterial
Info: Initializing high level material: Types\Units\TigerTank\TigerTank_LeftTrack.highMaterial
Info: Initializing high level material: Types\Units\TigerTank\TigerTank_RightTrack.highMaterial
Info: Initializing high level material: Types\Units\Turret\Turret.highMaterial
Info: Initializing high level material: Types\Units\Turret\TurretBullet\TurretBulletHit.highMaterial
Info: Initializing high level material: Types\Units\Zombie\Zombie.highMaterial
Info: Initializing high level material: Types\Units\Zombie\ZombieBullet\ZombieBullet.highMaterial
Info: Initializing high level material: Types\Units\Zombie\ZombieBullet\ZombieBulletHitParticle.highMaterial
Info: Initializing high level material: Types\Weapons\Hammer\Hammer.highMaterial
Info: Initializing high level material: Types\Weapons\Shotgun\Shotgun.highMaterial
Info: Initializing high level material: Types\Weapons\Shotgun\Shotgun_FPS.highMaterial
Info: Initializing high level material: Types\Weapons\SubmachineGun\SubmachineGun.highMaterial
Info: Initializing high level material: Types\Weapons\SubmachineGun\SubmachineGun_FPS.highMaterial
Info: Initializing high level material: Types\Weapons\SubmachineGun\SubmachineGunFire.highMaterial
Info: Initializing high level material: Utils\ResourceEditorGrid\ResourceEditorGrid_1.highMaterial
Info: Initializing high level material: Utils\ResourceEditorGrid\ResourceEditorGrid_2.highMaterial
Info: Sound system is initialized (Driver: DirectSound8)
Info: OGRE: WARNING: material Compositor/HDR/FinalToneMapping has no supportable Techniques and will be blank. Explanation: 
Pass 0: Fragment program Compositor/HDR/FinalToneMapping cannot be used - not supported.

Info: OGRE: WARNING: material Compositor/HDR/FinalToneMapping has no supportable Techniques and will be blank. Explanation: 
Pass 0: Fragment program Compositor/HDR/FinalToneMapping cannot be used - not supported.

Info: OGRE: Texture: Gui\Textures\MenuWindowBorder.png: Loading 1 faces(PF_A8R8G8B8,16x16x1) with 4 generated mipmaps from Image. Internal format is PF_A8R8G8B8,16x16x1.
Info: OGRE: Texture: Gui\Textures\MenuWindowBackground.png: Loading 1 faces(PF_A8R8G8B8,32x32x1) with 5 generated mipmaps from Image. Internal format is PF_A8R8G8B8,32x32x1.
Info: OGRE: Texture: Cursors\Default.png: Loading 1 faces(PF_A8R8G8B8,64x64x1) with 0 generated mipmaps from Image. Internal format is PF_A8R8G8B8,64x64x1.
Info: OGRE: Texture: __internal_w__.png: Loading 1 faces(PF_A8R8G8B8,128x128x1) with 0 generated mipmaps from Image. Internal format is PF_A8R8G8B8,128x128x1.
Info: OGRE: Mesh: Loading Types\Weapons\SubmachineGun\SubmachineGun.mesh.
Info: OGRE: D3D9 : Loading 2D Texture, image name : 'Types\Weapons\SubmachineGun\SubmachineGun.dds' with 2147483647 mip map levels
Info: OGRE: Mesh: Loading Types\Dynamic\Door\Door.mesh.
Info: OGRE: D3D9 : Loading 2D Texture, image name : 'Types\Dynamic\Door\Door.dds' with 2147483647 mip map levels
Info: OGRE: Mesh: Loading Types\Dynamic\ExplosionBarrel\ExplosionBarrel.mesh.
Info: OGRE: D3D9 : Loading 2D Texture, image name : 'Types\Dynamic\ExplosionBarrel\ExplosionBarrelDiffuse.dds' with 2147483647 mip map levels
Info: OGRE: Mesh: Loading Types\Dynamic\Box\Box.mesh.
Info: OGRE: D3D9 : Loading 2D Texture, image name : 'Types\Dynamic\Box\BoxDiffuse.dds' with 2147483647 mip map levels
Info: OGRE: D3D9 : Loading 2D Texture, image name : 'Types\Dynamic\Box\BoxEmission.dds' with 2147483647 mip map levels
Info: OGRE: Texture: Effects\DefaultFlare\DefaultFlare.jpg: Loading 1 faces(PF_R8G8B8,256x256x1) with 8 generated mipmaps from Image. Internal format is PF_X8R8G8B8,256x256x1.
Info: OGRE: Mesh: Loading Types\Units\Turret\Base.mesh.
Info: OGRE: Mesh: Loading Types\Units\Turret\Turret.mesh.
Info: OGRE: D3D9 : Loading 2D Texture, image name : 'Types\Units\Turret\Turret.dds' with 2147483647 mip map levels
Info: OGRE: Mesh: Loading Types\Units\Turret\TurretGun\TurretGun.mesh.
Info: OGRE: Mesh: Loading Types\Dynamic\Placard\PlacardHolders.mesh.
Info: OGRE: Mesh: Loading Types\Dynamic\Placard\Placard.mesh.
Info: OGRE: D3D9 : Loading 2D Texture, image name : 'Models\Rooms\CellingDiffuse.dds' with 2147483647 mip map levels
Info: OGRE: Mesh: Loading Types\Dynamic\Ball\Ball.mesh.
Info: OGRE: D3D9 : Loading 2D Texture, image name : 'Types\Dynamic\Ball\Ball.dds' with 2147483647 mip map levels
Info: OGRE: Texture: Types\Dynamic\FlareTest\FlareTest.jpg: Loading 1 faces(PF_R8G8B8,32x32x1) with 5 generated mipmaps from Image. Internal format is PF_X8R8G8B8,32x32x1.
Info: OGRE: Mesh: Loading Types\StaticObjects\StopSign\StopSign.mesh.
Info: OGRE: D3D9 : Loading 2D Texture, image name : 'Types\StaticObjects\StopSign\StopSign.dds' with 2147483647 mip map levels
Info: OGRE: Mesh: Loading Types\Dynamic\WoodBox\WoodBox.mesh.
Info: OGRE: D3D9 : Loading 2D Texture, image name : 'Types/Dynamic/WoodBox/WoodBox.dds' with 2147483647 mip map levels
Info: OGRE: Mesh: Loading Models\CorridorExit\CorridorExit.mesh.
Info: Initializing high level material: _Tests\ParticleSystem\TestPointParticle.highMaterial
Info: Initializing high level material: Effects\DefaultFlare\DefaultFlare.highMaterial
Info: Initializing high level material: Effects\ExplosionParticle\ExplosionParticle.highMaterial
Info: Initializing high level material: Effects\FireParticle\FireParticle.highMaterial
Info: Initializing high level material: Effects\ItemParticle\ItemParticle.highMaterial
Info: Initializing high level material: Effects\SmokeParticle\SmokeParticle.highMaterial
Info: Initializing high level material: JigsawPuzzleGame\JigsawPuzzleImage.highMaterial
Info: Initializing high level material: JigsawPuzzleGame\JigsawPuzzleImageBackground.highMaterial
Info: Initializing high level material: Maps\PortalSystemDemo\StaticGeometry\Garage\FpsDemoGarage_Celling.highMaterial
Info: Initializing high level material: Maps\PortalSystemDemo\StaticGeometry\Garage\FpsDemoGarage_Floor.highMaterial
Info: Initializing high level material: Maps\PortalSystemDemo\StaticGeometry\Garage\FpsDemoGarage_OuterWall.highMaterial
Info: Initializing high level material: Maps\PortalSystemDemo\StaticGeometry\Garage\FpsDemoGarage_Roof.highMaterial
Info: Initializing high level material: Maps\PortalSystemDemo\StaticGeometry\Garage\FpsDemoGarage_Wall.highMaterial
Info: Initializing high level material: Maps\PortalSystemDemo\StaticGeometry\House\FpsDemoHouse_BrickWall.highMaterial
Info: Initializing high level material: Maps\PortalSystemDemo\StaticGeometry\House\FpsDemoHouse_Celling.highMaterial
Info: Initializing high level material: Maps\PortalSystemDemo\StaticGeometry\House\FpsDemoHouse_Floor.highMaterial
Info: Initializing high level material: Maps\PortalSystemDemo\StaticGeometry\House\FpsDemoHouse_LargeBricks.highMaterial
Info: Initializing high level material: Maps\PortalSystemDemo\StaticGeometry\House\FpsDemoHouse_WallMetal.highMaterial
Info: Initializing high level material: Maps\PortalSystemDemo\StaticGeometry\House\FpsDemoHouse_WallPainted.highMaterial
Info: Initializing high level material: Maps\RenderDemo\Materials\RenderDemoCelling.highMaterial
Info: Initializing high level material: Maps\RenderDemo\Materials\RenderDemoCorridorFloor.highMaterial
Info: Initializing high level material: Maps\RenderDemo\Materials\RenderDemoDoor.highMaterial
Info: Initializing high level material: Maps\RenderDemo\Materials\RenderDemoLamp.highMaterial
Info: Initializing high level material: Maps\RenderDemo\Materials\RenderDemoRoomFloor.highMaterial
Info: Initializing high level material: Maps\RenderDemo\Materials\RenderDemoTrims.highMaterial
Info: Initializing high level material: Maps\RenderDemo\Materials\RenderDemoWall.highMaterial
Info: Initializing high level material: Maps\RTSDemo\Models\RTSConcreteBlock\RTSConcreteBlock.highMaterial
Info: Initializing high level material: Maps\TankDemo\Resources\Meshes\FakeTrees\TankDemoFakeTrees.highMaterial
Info: Initializing high level material: Maps\TankDemo\Resources\Meshes\Stone\TankDemoStone.highMaterial
Info: Initializing high level material: Maps\TankDemo\Resources\Meshes\Trees\TankDemoTree_Bark.highMaterial
Info: Initializing high level material: Maps\TankDemo\Resources\Meshes\Trees\TankDemoTree_Leafs.highMaterial
Info: Initializing high level material: Maps\TPSArcadeDemo\Resources\Models\TPSDemoRock.highMaterial
Info: Initializing high level material: Maps\TPSArcadeDemo\Resources\Models\TPSDemoRockStone.highMaterial
Info: Initializing high level material: Maps\TurretDemo\Resources\Models\TurretDemoRock.highMaterial
Info: Initializing high level material: Maps\TurretDemo\Resources\Models\TurretDemoRockStone.highMaterial
Info: Initializing high level material: Maps\TurretDemo\Resources\Models\TurretDemoRockStone2.highMaterial
Info: Initializing high level material: Materials\Simple\Black.highMaterial
Info: Initializing high level material: Materials\Simple\Blue.highMaterial
Info: Initializing high level material: Materials\Simple\DarkBlue.highMaterial
Info: Initializing high level material: Materials\Simple\DarkGray.highMaterial
Info: Initializing high level material: Materials\Simple\DarkGreen.highMaterial
Info: Initializing high level material: Materials\Simple\DarkRed.highMaterial
Info: Initializing high level material: Materials\Simple\DarkYellow.highMaterial
Info: Initializing high level material: Materials\Simple\Gray.highMaterial
Info: Initializing high level material: Materials\Simple\Green.highMaterial
Info: Initializing high level material: Materials\Simple\Red.highMaterial
Info: Initializing high level material: Materials\Simple\White.highMaterial
Info: Initializing high level material: Materials\Simple\Yellow.highMaterial
Info: Initializing high level material: Models\Beam\Beam.highMaterial
Info: Initializing high level material: Models\RockBig\RockBig.highMaterial
Info: Initializing high level material: Models\Rooms\Rooms_Celling.highMaterial
Info: Initializing high level material: Models\Rooms\Rooms_Cells.highMaterial
Info: Initializing high level material: Models\Rooms\Rooms_ConcreteWall.highMaterial
Info: Initializing high level material: Models\Rooms\Rooms_FloorHall.highMaterial
Info: Initializing high level material: Models\Rooms\Rooms_PassageWall.highMaterial
Info: Initializing high level material: Models\SandBags\SandBags.highMaterial
Info: Initializing high level material: Types\Base\Light\LightFlare.highMaterial
Info: Initializing high level material: Types\Bullets\ShotgunBullet\ShotgunBulletHitParticle.highMaterial
Info: Initializing high level material: Types\Bullets\ShotgunBullet\ShotgunBulletRibbonTrail.highMaterial
Info: Initializing high level material: Types\Bullets\SubmachineGunBullet\SubmachineGunBulletHit.highMaterial
Info: Initializing high level material: Types\Decals\DefaultBulletDecal\DefaultBulletDecal.highMaterial
Info: Initializing high level material: Types\Decals\DefaultExplosionDecal\DefaultExplosionDecal.highMaterial
Info: Initializing high level material: Types\Decals\ZombieBulletDecal\ZombieBulletDecal.highMaterial
Info: Initializing high level material: Types\DecorativeObjects\DecorativeStones\DecorativeStones.highMaterial
Info: Initializing high level material: Types\DecorativeObjects\Ear\Ear.highMaterial
Info: Initializing high level material: Types\DecorativeObjects\FlowerWhite\FlowerWhite.highMaterial
Info: Initializing high level material: Types\DecorativeObjects\FlowerYellow\FlowerYellow.highMaterial
Info: Initializing high level material: Types\DecorativeObjects\GrassBrown\GrassBrown.highMaterial
Info: Initializing high level material: Types\DecorativeObjects\GrassGreen\GrassGreen.highMaterial
Info: Initializing high level material: Types\Dynamic\Ball\Ball.highMaterial
Info: Initializing high level material: Types\Dynamic\BooleanSwitch\BooleanSwitch.highMaterial
Info: Initializing high level material: Types\Dynamic\BooleanSwitch\BooleanSwitchOff.highMaterial
Info: Initializing high level material: Types\Dynamic\BooleanSwitch\BooleanSwitchOn.highMaterial
Info: Initializing high level material: Types\Dynamic\Box\Box.highMaterial
Info: Initializing high level material: Types\Dynamic\CubemapReflectedBall\CubemapReflectedBall.highMaterial
Info: Initializing high level material: Types\Dynamic\DestructibleHouse\DestructibleHouse.highMaterial
Info: Initializing high level material: Types\Dynamic\DestructibleHouse\DestructibleHouseWinDoor.highMaterial
Info: Initializing high level material: Types\Dynamic\Door\Door.highMaterial
Info: Initializing high level material: Types\Dynamic\ExampleMagicBall\ExampleMagicBallBlinkMaterial.highMaterial
Info: Initializing high level material: Types\Dynamic\ExplosionBarrel\ExplosionBarrel.highMaterial
Info: Initializing high level material: Types\Dynamic\Fan\Fan.highMaterial
Info: Initializing high level material: Types\Dynamic\Fan\FanParticle\FanParticle.highMaterial
Info: Initializing high level material: Types\Dynamic\Firework\FireworkBullet\FireworkBulletRibbonTrail.highMaterial
Info: Initializing high level material: Types\Dynamic\FlareTest\FlareTest.highMaterial
Info: Initializing high level material: Types\Dynamic\GasFlamePipe\GasFlamePipeParticle\GasFlamePipeParticle.highMaterial
Info: Initializing high level material: Types\Dynamic\HangingCable\HangingCable.highMaterial
Info: Initializing high level material: Types\Dynamic\HangingLamp\HangingLampBase.highMaterial
Info: Initializing high level material: Types\Dynamic\HangingLamp\HangingLampLamps.highMaterial
Info: Initializing high level material: Types\Dynamic\LightBall\LightBall.highMaterial
Info: Initializing high level material: Types\Dynamic\Pipe\PipeLeak\PipeLeakFlameParticle\PipeLeakFlameParticle.highMaterial
Info: Initializing high level material: Types\Dynamic\Pipe\PipeLeak\PipeLeakSteamParticle\PipeLeakSteamParticle.highMaterial
Info: Initializing high level material: Types\Dynamic\Pipe\PipeSwitch\PipeSwitch.highMaterial
Info: Initializing high level material: Types\Dynamic\Placard\Placard.highMaterial
Info: Initializing high level material: Types\Dynamic\Placard\Placard_Holders.highMaterial
Info: Initializing high level material: Types\Dynamic\Teleporter\Teleporter.highMaterial
Info: Initializing high level material: Types\Dynamic\Terminal\Terminal.highMaterial
Info: Initializing high level material: Types\Dynamic\Terminal\TerminalClientNotSupportedInfo.highMaterial
Info: Initializing high level material: Types\Dynamic\WindMill\WindMill.highMaterial
Info: Initializing high level material: Types\Dynamic\WindMill\WindMillFan.highMaterial
Info: Initializing high level material: Types\Dynamic\WoodBox\WoodBox.highMaterial
Info: Initializing high level material: Types\Dynamic\YellowBlinkGridObject\BlueBlinkGrid.highMaterial
Info: Initializing high level material: Types\Items\AccessCard\AccessCard.highMaterial
Info: Initializing high level material: Types\Items\BulletItems\ShotgunBulletsItem\ShotgunBulletsItem.highMaterial
Info: Initializing high level material: Types\Items\BulletItems\SubmachineGunBulletsItem\SubmachineGunBulletsItem.highMaterial
Info: Initializing high level material: Types\Items\Dynamite\Dynamite.highMaterial
Info: Initializing high level material: Types\Items\HealthItems\SmallHealthItem\SmallHealthItem.highMaterial
Info: Initializing high level material: Types\RTSSpecific\Special\RTSBuildMaterial\RTSBuildMaterial.highMaterial
Info: Initializing high level material: Types\RTSSpecific\Units\RTSConstructor\RTSConstructorBullet\RTSConstructorBulletHit.highMaterial
Info: Initializing high level material: Types\RTSSpecific\Units\RTSFactory\RTSFactory.highMaterial
Info: Initializing high level material: Types\RTSSpecific\Units\RTSFactory\RTSFactory2.highMaterial
Info: Initializing high level material: Types\RTSSpecific\Units\RTSFactory\RTSFactoryGlass.highMaterial
Info: Initializing high level material: Types\RTSSpecific\Units\RTSHeadquaters\RTSHeadquaters.highMaterial
Info: Initializing high level material: Types\RTSSpecific\Units\RTSHeadquaters\RTSHeadquaters2.highMaterial
Info: Initializing high level material: Types\RTSSpecific\Units\RTSMine\RTSMine.highMaterial
Info: Initializing high level material: Types\RTSSpecific\Units\RTSMine\RTSMine2.highMaterial
Info: Initializing high level material: Types\RTSSpecific\Units\RTSRobot\RTSRobotBullet\RTSRobotBulletHit.highMaterial
Info: Initializing high level material: Types\Sky\BlueDaySky\BlueDaySky.highMaterial
Info: Initializing high level material: Types\Special\WaterPlane\WaterSplash\WaterSplash.highMaterial
Info: Initializing high level material: Types\Special\WaterPlane\WaterSplashWave\WaterSplashWave.highMaterial
Info: Initializing high level material: Types\StaticObjects\EngineLogoPlacard\EngineLogoPlacard.highMaterial
Info: Initializing high level material: Types\StaticObjects\Eyes\Eyes.highMaterial
Info: Initializing high level material: Types\StaticObjects\Fir\Fir.highMaterial
Info: Initializing high level material: Types\StaticObjects\Maple\Maple.highMaterial
Info: Initializing high level material: Types\StaticObjects\Maple\MapleLOD1.highMaterial
Info: Initializing high level material: Types\StaticObjects\MineBoard\MineBoard.highMaterial
Info: Initializing high level material: Types\StaticObjects\OgreHead\BumpMappingExample\BumpMappingExample.highMaterial
Info: Initializing high level material: Types\StaticObjects\OgreHead\OgreHead.highMaterial
Info: Initializing high level material: Types\StaticObjects\OgreHead\OgreHeadAnimated.highMaterial
Info: Initializing high level material: Types\StaticObjects\OgreHead\OgreHeadDynamicDiffuseScale.highMaterial
Info: Initializing high level material: Types\StaticObjects\OgreHead\OgreHeadEyes.highMaterial
Info: Initializing high level material: Types\StaticObjects\OgreHead\OgreHeadFangs.highMaterial
Info: Initializing high level material: Types\StaticObjects\OgreHead\OgreHeadTransparentExample\OgreHeadTransparentExample.highMaterial
Info: Initializing high level material: Types\StaticObjects\OgreHead\PerPixelLightingExample\PerPixelLightingExample.highMaterial
Info: Initializing high level material: Types\StaticObjects\Palette\Palette.highMaterial
Info: Initializing high level material: Types\StaticObjects\Palm\Palm.highMaterial
Info: Initializing high level material: Types\StaticObjects\ParkingBarrier\ParkingBarrier.highMaterial
Info: Initializing high level material: Types\StaticObjects\Pipe\Pipe.highMaterial
Info: Initializing high level material: Types\StaticObjects\RabbitHead\RabbitHead.highMaterial
Info: Initializing high level material: Types\StaticObjects\StaticBox\StaticBox.highMaterial
Info: Initializing high level material: Types\StaticObjects\Stone\Stone.highMaterial
Info: Initializing high level material: Types\StaticObjects\StopSign\StopSign.highMaterial
Info: Initializing high level material: Types\StaticObjects\SwitchBox\SwitchBox.highMaterial
Info: Initializing high level material: Types\StaticObjects\WallLamp\WallLamp.highMaterial
Info: Initializing high level material: Types\Units\AwesomeAircraft\AircraftMat_Mat01.highMaterial
Info: Initializing high level material: Types\Units\AwesomeAircraft\AircraftMat_Mat02.highMaterial
Info: Initializing high level material: Types\Units\AwesomeAircraft\AircraftMat_Mat03.highMaterial
Info: Initializing high level material: Types\Units\AwesomeAircraft\AircraftMat_Mat04.highMaterial
Info: Initializing high level material: Types\Units\AwesomeAircraft\AircraftMat_Mat05.highMaterial
Info: Initializing high level material: Types\Units\AwesomeAircraft\AircraftMat_Mat06.highMaterial
Info: Initializing high level material: Types\Units\AwesomeAircraft\AircraftMat_Mat07.highMaterial
Info: Initializing high level material: Types\Units\AwesomeAircraft\AircraftMat_Mat08.highMaterial
Info: Initializing high level material: Types\Units\AwesomeAircraft\AircraftMat_Mat09.highMaterial
Info: Initializing high level material: Types\Units\AwesomeAircraft\AircraftMat_Mat10.highMaterial
Info: Initializing high level material: Types\Units\AwesomeAircraft\AircraftMat_Mat11.highMaterial
Info: Initializing high level material: Types\Units\AwesomeAircraft\AircraftMat_Mat12.highMaterial
Info: Initializing high level material: Types\Units\AwesomeAircraft\AwesomeAircraftWheelMat.highMaterial
Info: Initializing high level material: Types\Units\Bug\Bug.highMaterial
Info: Initializing high level material: Types\Units\Crane\CraneBase\CraneBase_ConcreteCleanColor.highMaterial
Info: Initializing high level material: Types\Units\Crane\CraneBase\CraneBase_MetalPaintedColor.highMaterial
Info: Initializing high level material: Types\Units\Crane\CraneBase\CraneBase_MetalPatern01Color.highMaterial
Info: Initializing high level material: Types\Units\Crane\CraneBase\CraneBase_MetalPatern02Color.highMaterial
Info: Initializing high level material: Types\Units\Crane\CraneGibbet\CraneGibbet_MetalPattern01Color.highMaterial
Info: Initializing high level material: Types\Units\Crane\CraneMagnet\CraneMagnet_MetalPatern02Color.highMaterial
Info: Initializing high level material: Types\Units\Crane\CraneTower\CraneTower_ConcreteBlockColor.highMaterial
Info: Initializing high level material: Types\Units\Crane\CraneTower\CraneTower_MetalPaintedColor.highMaterial
Info: Initializing high level material: Types\Units\Crane\CraneTower\CraneTower_MetalPatern_01Color.highMaterial
Info: Initializing high level material: Types\Units\Crane\CraneTower\CraneTower_MetalPatern02Color.highMaterial
Info: Initializing high level material: Types\Units\Crane\CraneTower\CraneTower_ObjectColor.highMaterial
Info: Initializing high level material: Types\Units\Girl\GirlBody.highMaterial
Info: Initializing high level material: Types\Units\Girl\GirlHairs.highMaterial
Info: Initializing high level material: Types\Units\Helicopter\Helicopter.highMaterial
Info: Initializing high level material: Types\Units\Rabbit\Rabbit.highMaterial
Info: Initializing high level material: Types\Units\Robot\Robot.highMaterial
Info: Initializing high level material: Types\Units\Robot\Robot2.highMaterial
Info: Initializing high level material: Types\Units\Robot\RobotBullet\RobotBulletHit.highMaterial
Info: Initializing high level material: Types\Units\TigerTank\TigerTank_Base.highMaterial
Info: Initializing high level material: Types\Units\TigerTank\TigerTank_LeftTrack.highMaterial
Info: Initializing high level material: Types\Units\TigerTank\TigerTank_RightTrack.highMaterial
Info: Initializing high level material: Types\Units\Turret\Turret.highMaterial
Info: Initializing high level material: Types\Units\Turret\TurretBullet\TurretBulletHit.highMaterial
Info: Initializing high level material: Types\Units\Zombie\Zombie.highMaterial
Info: Initializing high level material: Types\Units\Zombie\ZombieBullet\ZombieBullet.highMaterial
Info: Initializing high level material: Types\Units\Zombie\ZombieBullet\ZombieBulletHitParticle.highMaterial
Info: Initializing high level material: Types\Weapons\Hammer\Hammer.highMaterial
Info: Initializing high level material: Types\Weapons\Shotgun\Shotgun.highMaterial
Info: Initializing high level material: Types\Weapons\Shotgun\Shotgun_FPS.highMaterial
Info: Initializing high level material: Types\Weapons\SubmachineGun\SubmachineGun.highMaterial
Info: Initializing high level material: Types\Weapons\SubmachineGun\SubmachineGun_FPS.highMaterial
Info: Initializing high level material: Types\Weapons\SubmachineGun\SubmachineGunFire.highMaterial
Info: Initializing high level material: Utils\ResourceEditorGrid\ResourceEditorGrid_1.highMaterial
Info: Initializing high level material: Utils\ResourceEditorGrid\ResourceEditorGrid_2.highMaterial
Info: OGRE: Mesh: Loading Maps\TurretDemo\Resources\Models\TurretDemoRock.mesh.
Info: OGRE: Mesh: Loading Maps\TurretDemo\Resources\Models\TurretDemoRockStone.mesh.
Info: OGRE: Mesh: Loading Models\SandBags\SandBags.mesh.
Info: OGRE: Mesh: Loading Types\Units\AwesomeAircraft\AwesomeAircraft.mesh.
Info: OGRE: Skeleton: Loading Types\Units\AwesomeAircraft\AwesomeAircraft.skeleton
Info: OGRE: D3D9 : ***** Dimensions altered by the render system
Info: OGRE: D3D9 : ***** Source image dimensions : 304x453
Info: OGRE: D3D9 : ***** Texture dimensions : 512x512
Info: OGRE: Texture: Types\Units\AwesomeAircraft\WMR.JPG: Loading 1 faces(PF_R8G8B8,304x453x1) with 9 generated mipmaps from Image. Internal format is PF_X8R8G8B8,512x512x1.
Info: OGRE: D3D9 : ***** Dimensions altered by the render system
Info: OGRE: D3D9 : ***** Source image dimensions : 304x453
Info: OGRE: D3D9 : ***** Texture dimensions : 512x512
Info: OGRE: Texture: Types\Units\AwesomeAircraft\WML.JPG: Loading 1 faces(PF_R8G8B8,304x453x1) with 9 generated mipmaps from Image. Internal format is PF_X8R8G8B8,512x512x1.
Info: OGRE: Can't assign material AircraftMat/Material04 to SubEntity of RenderMeshObject 68 0 because this Material does not exist. Have you forgotten to define it in a .material script?
Info: OGRE: D3D9 : ***** Dimensions altered by the render system
Info: OGRE: D3D9 : ***** Source image dimensions : 750x247
Info: OGRE: D3D9 : ***** Texture dimensions : 1024x256
Info: OGRE: Texture: Types\Units\AwesomeAircraft\BL.JPG: Loading 1 faces(PF_R8G8B8,750x247x1) with 10 generated mipmaps from Image. Internal format is PF_X8R8G8B8,1024x256x1.
Info: OGRE: D3D9 : ***** Dimensions altered by the render system
Info: OGRE: D3D9 : ***** Source image dimensions : 750x247
Info: OGRE: D3D9 : ***** Texture dimensions : 1024x256
Info: OGRE: Texture: Types\Units\AwesomeAircraft\BR.JPG: Loading 1 faces(PF_R8G8B8,750x247x1) with 10 generated mipmaps from Image. Internal format is PF_X8R8G8B8,1024x256x1.
Info: OGRE: D3D9 : ***** Dimensions altered by the render system
Info: OGRE: D3D9 : ***** Source image dimensions : 107x267
Info: OGRE: D3D9 : ***** Texture dimensions : 128x512
Info: OGRE: Texture: Types\Units\AwesomeAircraft\WBK.JPG: Loading 1 faces(PF_R8G8B8,107x267x1) with 9 generated mipmaps from Image. Internal format is PF_X8R8G8B8,128x512x1.
Info: OGRE: Mesh: Loading Plane.mesh.
Info: OGRE: Mesh: Loading Types/Units/AwesomeAircraft/AwesomeAircraftWheel.mesh.
Info: OGRE: Can't assign material AircraftMat/Material04 to SubEntity of RenderMeshObject 72 0 because this Material does not exist. Have you forgotten to define it in a .material script?
Info: OGRE: Mesh: Loading Types\Base\InvisiblePoint.mesh.
Info: OGRE: D3D9 : Loading 2D Texture, image name : 'Types\Dynamic\ExplosionBarrel\ExplosionBarrelSpecular.dds' with 2147483647 mip map levels
Info: OGRE: D3D9 : Loading 2D Texture, image name : 'Types\Dynamic\ExplosionBarrel\ExplosionBarrelNormal.dds' with 2147483647 mip map levels
Info: OGRE: Texture: Effects/FireParticle/fire.png: Loading 1 faces(PF_R8G8B8,128x128x1) with 7 generated mipmaps from Image. Internal format is PF_X8R8G8B8,128x128x1.
Info: OGRE: Texture: Effects/ExplosionParticle/Fire.png: Loading 1 faces(PF_R8G8B8,64x64x1) with 6 generated mipmaps from Image. Internal format is PF_X8R8G8B8,64x64x1.
Info: OGRE: D3D9 : Loading 2D Texture, image name : 'Types\Dynamic\Box\BoxSpecular.dds' with 2147483647 mip map levels
Info: OGRE: D3D9 : Loading 2D Texture, image name : 'Types\Dynamic\Box\BoxNormal.dds' with 2147483647 mip map levels
Info: OGRE: Mesh: Loading Models\DefaultBox\DefaultBox.mesh.
Info: OGRE: D3D9 : Loading 2D Texture, image name : 'Types\Units\Turret\Turret_Specular.dds' with 2147483647 mip map levels
Info: OGRE: D3D9 : Loading 2D Texture, image name : 'Types\Units\Turret\Turret_Normals.dds' with 2147483647 mip map levels
Info: OGRE: D3D9 : Loading 2D Texture, image name : 'Maps\RenderDemo\Textures\FloorNormals.dds' with 2147483647 mip map levels
Info: OGRE: Mesh: Loading Types\Dynamic\WoodBox\WoodBoxPiece1\WoodBoxPiece1.mesh.
Info: OGRE: Mesh: Loading Types\Dynamic\WoodBox\WoodBoxChip1\WoodBoxChip1.mesh.
Info: OGRE: Mesh: Loading Types\Dynamic\WoodBox\WoodBoxChip2\WoodBoxChip2.mesh.
Info: OGRE: Mesh: Loading Types\Dynamic\WoodBox\WoodBoxPiece2\WoodBoxPiece2.mesh.
Info: OGRE: D3D9 : Loading 2D Texture, image name : 'Models\Rooms\CellingSpecular.dds' with 2147483647 mip map levels
Info: OGRE: D3D9 : Loading 2D Texture, image name : 'Models\Rooms\CellingNormals.dds' with 2147483647 mip map levels
Info: OGRE: D3D9 : Loading 2D Texture, image name : 'Models\Rooms\PassageWall.dds' with 2147483647 mip map levels
Info: OGRE: D3D9 : Loading 2D Texture, image name : 'Models\Rooms\ConcreteWall.dds' with 2147483647 mip map levels
Info: OGRE: D3D9 : Loading 2D Texture, image name : 'Models\Rooms\CellsDiffuse.dds' with 2147483647 mip map levels
Info: OGRE: D3D9 : Loading 2D Texture, image name : 'Models\Rooms\CellsSpecular.dds' with 2147483647 mip map levels
Info: OGRE: Texture: Models\Rooms\CellsNormals.jpg: Loading 1 faces(PF_R8G8B8,512x512x1) with 9 generated mipmaps from Image. Internal format is PF_X8R8G8B8,512x512x1.
Info: OGRE: D3D9 : Loading 2D Texture, image name : 'Maps\TurretDemo\Resources\Textures\hnpsand52.dds' with 2147483647 mip map levels
Info: OGRE: D3D9 : Loading 2D Texture, image name : 'Maps\TurretDemo\Resources\Textures\hnpsand52_Normal.dds' with 2147483647 mip map levels
Info: OGRE: D3D9 : Loading 2D Texture, image name : 'Maps\TurretDemo\Resources\Textures\hnprock13.dds' with 2147483647 mip map levels
Info: OGRE: D3D9 : Loading 2D Texture, image name : 'Maps\TurretDemo\Resources\Textures\hnprock13_Normal.dds' with 2147483647 mip map levels
Info: OGRE: D3D9 : Loading 2D Texture, image name : 'Maps\TurretDemo\Resources\Textures\Rock2_Diffuse.dds' with 2147483647 mip map levels
Info: OGRE: D3D9 : Loading 2D Texture, image name : 'Maps\TurretDemo\Resources\Textures\Rock2_Normal.dds' with 2147483647 mip map levels
Info: OGRE: Texture: Types\Base\Light\LightFlare.jpg: Loading 1 faces(PF_R8G8B8,256x256x1) with 8 generated mipmaps from Image. Internal format is PF_X8R8G8B8,256x256x1.
Info: OGRE: D3D9 : Loading 2D Texture, image name : 'Maps\TurretDemo\Resources\Textures\TurretDemoRock.dds' with 2147483647 mip map levels
Info: OGRE: D3D9 : Loading 2D Texture, image name : 'Maps\TurretDemo\Resources\Textures\TurretDemoRock_Specular.dds' with 2147483647 mip map levels
Info: OGRE: Mesh: Loading Types\Sky\BlueDaySky\BlueDaySky.mesh.
Info: OGRE: D3D9 : Loading 2D Texture, image name : 'Types\Sky\BlueDaySky\Sky.dds' with 2147483647 mip map levels
Info: OGRE: D3D9 : Loading 2D Texture, image name : 'Types\Sky\BlueDaySky\Clouds.dds' with 2147483647 mip map levels
Info: OGRE: D3D9 : Loading 2D Texture, image name : 'Maps\TurretDemo\Resources\Textures\Rock2_Specular.dds' with 2147483647 mip map levels
Info: OGRE: D3D9 : Loading 2D Texture, image name : 'Models\SandBags\SandBags.dds' with 2147483647 mip map levels
Info: OGRE: D3D9 : Loading 2D Texture, image name : 'Models\SandBags\SandBags_Normal.dds' with 2147483647 mip map levels
Info: OGRE: Mesh: Loading Types\Units\Helicopter\Main.mesh.
Info: OGRE: Mesh: Loading Types\Units\Helicopter\MainPropeller.mesh.
Info: OGRE: Mesh: Loading Types\Units\Helicopter\BackPropeller.mesh.
Info: OGRE: Texture: Effects\SmokeParticle\SmokeParticle.tga: Loading 1 faces(PF_A8R8G8B8,128x128x1) with 7 generated mipmaps from Image. Internal format is PF_A8R8G8B8,128x128x1.
Info: OGRE: Texture: Types\Bullets\ShotgunBullet\ShotgunBulletHit.tga: Loading 1 faces(PF_R8G8B8,64x64x1) with 6 generated mipmaps from Image. Internal format is PF_X8R8G8B8,64x64x1.
Info: OGRE: Mesh: Loading Types\Units\Rabbit\Rabbit.mesh.
Info: OGRE: Skeleton: Loading Types\Units\Rabbit\Rabbit.skeleton
Info: OGRE: Texture: Gui/HUD/PlayerUnitCirclePortrait.png: Loading 1 faces(PF_A8R8G8B8,128x128x1) with 7 generated mipmaps from Image. Internal format is PF_A8R8G8B8,128x128x1.
Info: OGRE: Texture: Gui/HUD/PlayerUnitCircle.png: Loading 1 faces(PF_A8R8G8B8,128x128x1) with 7 generated mipmaps from Image. Internal format is PF_A8R8G8B8,128x128x1.
Info: OGRE: Texture: Gui/HUD/HealthEnergyPanel.png: Loading 1 faces(PF_A8R8G8B8,256x64x1) with 8 generated mipmaps from Image. Internal format is PF_A8R8G8B8,256x64x1.
Info: OGRE: Texture: Gui/HUD/HealthBar.png: Loading 1 faces(PF_A8R8G8B8,256x32x1) with 8 generated mipmaps from Image. Internal format is PF_A8R8G8B8,256x32x1.
Info: OGRE: Texture: Gui/HUD/EnergyBar.png: Loading 1 faces(PF_A8R8G8B8,256x32x1) with 8 generated mipmaps from Image. Internal format is PF_A8R8G8B8,256x32x1.
Info: OGRE: Texture: Gui/HUD/WeaponsCircle.png: Loading 1 faces(PF_A8R8G8B8,128x128x1) with 7 generated mipmaps from Image. Internal format is PF_A8R8G8B8,128x128x1.
Info: OGRE: Texture: Gui/HUD/ItemsPanel.png: Loading 1 faces(PF_A8R8G8B8,256x64x1) with 8 generated mipmaps from Image. Internal format is PF_A8R8G8B8,256x64x1.
Info: OGRE: WARNING: material Compositor/MotionBlur/Combine has no supportable Techniques and will be blank. Explanation: 
Pass 0: Fragment program Compositor/MotionBlur/Combine_fp cannot be used - not supported.

Info: OGRE: WARNING: material Compositor/MotionBlur/Combine has no supportable Techniques and will be blank. Explanation: 
Pass 0: Fragment program Compositor/MotionBlur/Combine_fp cannot be used - not supported.

Info: OGRE: Texture: Gui\HUD\Icons\Rabbit.png: Loading 1 faces(PF_A8R8G8B8,128x128x1) with 0 generated mipmaps from Image. Internal format is PF_A8R8G8B8,128x128x1.
Info: Initializing high level material: _Tests\ParticleSystem\TestPointParticle.highMaterial
Info: Initializing high level material: Effects\DefaultFlare\DefaultFlare.highMaterial
Info: Initializing high level material: Effects\ExplosionParticle\ExplosionParticle.highMaterial
Info: Initializing high level material: Effects\FireParticle\FireParticle.highMaterial
Info: Initializing high level material: Effects\ItemParticle\ItemParticle.highMaterial
Info: Initializing high level material: Effects\SmokeParticle\SmokeParticle.highMaterial
Info: Initializing high level material: JigsawPuzzleGame\JigsawPuzzleImage.highMaterial
Info: Initializing high level material: JigsawPuzzleGame\JigsawPuzzleImageBackground.highMaterial
Info: Initializing high level material: Maps\PortalSystemDemo\StaticGeometry\Garage\FpsDemoGarage_Celling.highMaterial
Info: Initializing high level material: Maps\PortalSystemDemo\StaticGeometry\Garage\FpsDemoGarage_Floor.highMaterial
Info: Initializing high level material: Maps\PortalSystemDemo\StaticGeometry\Garage\FpsDemoGarage_OuterWall.highMaterial
Info: Initializing high level material: Maps\PortalSystemDemo\StaticGeometry\Garage\FpsDemoGarage_Roof.highMaterial
Info: Initializing high level material: Maps\PortalSystemDemo\StaticGeometry\Garage\FpsDemoGarage_Wall.highMaterial
Info: Initializing high level material: Maps\PortalSystemDemo\StaticGeometry\House\FpsDemoHouse_BrickWall.highMaterial
Info: Initializing high level material: Maps\PortalSystemDemo\StaticGeometry\House\FpsDemoHouse_Celling.highMaterial
Info: Initializing high level material: Maps\PortalSystemDemo\StaticGeometry\House\FpsDemoHouse_Floor.highMaterial
Info: Initializing high level material: Maps\PortalSystemDemo\StaticGeometry\House\FpsDemoHouse_LargeBricks.highMaterial
Info: Initializing high level material: Maps\PortalSystemDemo\StaticGeometry\House\FpsDemoHouse_WallMetal.highMaterial
Info: Initializing high level material: Maps\PortalSystemDemo\StaticGeometry\House\FpsDemoHouse_WallPainted.highMaterial
Info: Initializing high level material: Maps\RenderDemo\Materials\RenderDemoCelling.highMaterial
Info: Initializing high level material: Maps\RenderDemo\Materials\RenderDemoCorridorFloor.highMaterial
Info: Initializing high level material: Maps\RenderDemo\Materials\RenderDemoDoor.highMaterial
Info: Initializing high level material: Maps\RenderDemo\Materials\RenderDemoLamp.highMaterial
Info: Initializing high level material: Maps\RenderDemo\Materials\RenderDemoRoomFloor.highMaterial
Info: Initializing high level material: Maps\RenderDemo\Materials\RenderDemoTrims.highMaterial
Info: Initializing high level material: Maps\RenderDemo\Materials\RenderDemoWall.highMaterial
Info: Initializing high level material: Maps\RTSDemo\Models\RTSConcreteBlock\RTSConcreteBlock.highMaterial
Info: Initializing high level material: Maps\TankDemo\Resources\Meshes\FakeTrees\TankDemoFakeTrees.highMaterial
Info: Initializing high level material: Maps\TankDemo\Resources\Meshes\Stone\TankDemoStone.highMaterial
Info: Initializing high level material: Maps\TankDemo\Resources\Meshes\Trees\TankDemoTree_Bark.highMaterial
Info: Initializing high level material: Maps\TankDemo\Resources\Meshes\Trees\TankDemoTree_Leafs.highMaterial
Info: Initializing high level material: Maps\TPSArcadeDemo\Resources\Models\TPSDemoRock.highMaterial
Info: Initializing high level material: Maps\TPSArcadeDemo\Resources\Models\TPSDemoRockStone.highMaterial
Info: Initializing high level material: Maps\TurretDemo\Resources\Models\TurretDemoRock.highMaterial
Info: Initializing high level material: Maps\TurretDemo\Resources\Models\TurretDemoRockStone.highMaterial
Info: Initializing high level material: Maps\TurretDemo\Resources\Models\TurretDemoRockStone2.highMaterial
Info: Initializing high level material: Materials\Simple\Black.highMaterial
Info: Initializing high level material: Materials\Simple\Blue.highMaterial
Info: Initializing high level material: Materials\Simple\DarkBlue.highMaterial
Info: Initializing high level material: Materials\Simple\DarkGray.highMaterial
Info: Initializing high level material: Materials\Simple\DarkGreen.highMaterial
Info: Initializing high level material: Materials\Simple\DarkRed.highMaterial
Info: Initializing high level material: Materials\Simple\DarkYellow.highMaterial
Info: Initializing high level material: Materials\Simple\Gray.highMaterial
Info: Initializing high level material: Materials\Simple\Green.highMaterial
Info: Initializing high level material: Materials\Simple\Red.highMaterial
Info: Initializing high level material: Materials\Simple\White.highMaterial
Info: Initializing high level material: Materials\Simple\Yellow.highMaterial
Info: Initializing high level material: Models\Beam\Beam.highMaterial
Info: Initializing high level material: Models\RockBig\RockBig.highMaterial
Info: Initializing high level material: Models\Rooms\Rooms_Celling.highMaterial
Info: Initializing high level material: Models\Rooms\Rooms_Cells.highMaterial
Info: Initializing high level material: Models\Rooms\Rooms_ConcreteWall.highMaterial
Info: Initializing high level material: Models\Rooms\Rooms_FloorHall.highMaterial
Info: Initializing high level material: Models\Rooms\Rooms_PassageWall.highMaterial
Info: Initializing high level material: Models\SandBags\SandBags.highMaterial
Info: Initializing high level material: Types\Base\Light\LightFlare.highMaterial
Info: Initializing high level material: Types\Bullets\ShotgunBullet\ShotgunBulletHitParticle.highMaterial
Info: Initializing high level material: Types\Bullets\ShotgunBullet\ShotgunBulletRibbonTrail.highMaterial
Info: Initializing high level material: Types\Bullets\SubmachineGunBullet\SubmachineGunBulletHit.highMaterial
Info: Initializing high level material: Types\Decals\DefaultBulletDecal\DefaultBulletDecal.highMaterial
Info: Initializing high level material: Types\Decals\DefaultExplosionDecal\DefaultExplosionDecal.highMaterial
Info: Initializing high level material: Types\Decals\ZombieBulletDecal\ZombieBulletDecal.highMaterial
Info: Initializing high level material: Types\DecorativeObjects\DecorativeStones\DecorativeStones.highMaterial
Info: Initializing high level material: Types\DecorativeObjects\Ear\Ear.highMaterial
Info: Initializing high level material: Types\DecorativeObjects\FlowerWhite\FlowerWhite.highMaterial
Info: Initializing high level material: Types\DecorativeObjects\FlowerYellow\FlowerYellow.highMaterial
Info: Initializing high level material: Types\DecorativeObjects\GrassBrown\GrassBrown.highMaterial
Info: Initializing high level material: Types\DecorativeObjects\GrassGreen\GrassGreen.highMaterial
Info: Initializing high level material: Types\Dynamic\Ball\Ball.highMaterial
Info: Initializing high level material: Types\Dynamic\BooleanSwitch\BooleanSwitch.highMaterial
Info: Initializing high level material: Types\Dynamic\BooleanSwitch\BooleanSwitchOff.highMaterial
Info: Initializing high level material: Types\Dynamic\BooleanSwitch\BooleanSwitchOn.highMaterial
Info: Initializing high level material: Types\Dynamic\Box\Box.highMaterial
Info: Initializing high level material: Types\Dynamic\CubemapReflectedBall\CubemapReflectedBall.highMaterial
Info: Initializing high level material: Types\Dynamic\DestructibleHouse\DestructibleHouse.highMaterial
Info: Initializing high level material: Types\Dynamic\DestructibleHouse\DestructibleHouseWinDoor.highMaterial
Info: Initializing high level material: Types\Dynamic\Door\Door.highMaterial
Info: Initializing high level material: Types\Dynamic\ExampleMagicBall\ExampleMagicBallBlinkMaterial.highMaterial
Info: Initializing high level material: Types\Dynamic\ExplosionBarrel\ExplosionBarrel.highMaterial
Info: Initializing high level material: Types\Dynamic\Fan\Fan.highMaterial
Info: Initializing high level material: Types\Dynamic\Fan\FanParticle\FanParticle.highMaterial
Info: Initializing high level material: Types\Dynamic\Firework\FireworkBullet\FireworkBulletRibbonTrail.highMaterial
Info: Initializing high level material: Types\Dynamic\FlareTest\FlareTest.highMaterial
Info: Initializing high level material: Types\Dynamic\GasFlamePipe\GasFlamePipeParticle\GasFlamePipeParticle.highMaterial
Info: Initializing high level material: Types\Dynamic\HangingCable\HangingCable.highMaterial
Info: Initializing high level material: Types\Dynamic\HangingLamp\HangingLampBase.highMaterial
Info: Initializing high level material: Types\Dynamic\HangingLamp\HangingLampLamps.highMaterial
Info: Initializing high level material: Types\Dynamic\LightBall\LightBall.highMaterial
Info: Initializing high level material: Types\Dynamic\Pipe\PipeLeak\PipeLeakFlameParticle\PipeLeakFlameParticle.highMaterial
Info: Initializing high level material: Types\Dynamic\Pipe\PipeLeak\PipeLeakSteamParticle\PipeLeakSteamParticle.highMaterial
Info: Initializing high level material: Types\Dynamic\Pipe\PipeSwitch\PipeSwitch.highMaterial
Info: Initializing high level material: Types\Dynamic\Placard\Placard.highMaterial
Info: Initializing high level material: Types\Dynamic\Placard\Placard_Holders.highMaterial
Info: Initializing high level material: Types\Dynamic\Teleporter\Teleporter.highMaterial
Info: Initializing high level material: Types\Dynamic\Terminal\Terminal.highMaterial
Info: Initializing high level material: Types\Dynamic\Terminal\TerminalClientNotSupportedInfo.highMaterial
Info: Initializing high level material: Types\Dynamic\WindMill\WindMill.highMaterial
Info: Initializing high level material: Types\Dynamic\WindMill\WindMillFan.highMaterial
Info: Initializing high level material: Types\Dynamic\WoodBox\WoodBox.highMaterial
Info: Initializing high level material: Types\Dynamic\YellowBlinkGridObject\BlueBlinkGrid.highMaterial
Info: Initializing high level material: Types\Items\AccessCard\AccessCard.highMaterial
Info: Initializing high level material: Types\Items\BulletItems\ShotgunBulletsItem\ShotgunBulletsItem.highMaterial
Info: Initializing high level material: Types\Items\BulletItems\SubmachineGunBulletsItem\SubmachineGunBulletsItem.highMaterial
Info: Initializing high level material: Types\Items\Dynamite\Dynamite.highMaterial
Info: Initializing high level material: Types\Items\HealthItems\SmallHealthItem\SmallHealthItem.highMaterial
Info: Initializing high level material: Types\RTSSpecific\Special\RTSBuildMaterial\RTSBuildMaterial.highMaterial
Info: Initializing high level material: Types\RTSSpecific\Units\RTSConstructor\RTSConstructorBullet\RTSConstructorBulletHit.highMaterial
Info: Initializing high level material: Types\RTSSpecific\Units\RTSFactory\RTSFactory.highMaterial
Info: Initializing high level material: Types\RTSSpecific\Units\RTSFactory\RTSFactory2.highMaterial
Info: Initializing high level material: Types\RTSSpecific\Units\RTSFactory\RTSFactoryGlass.highMaterial
Info: Initializing high level material: Types\RTSSpecific\Units\RTSHeadquaters\RTSHeadquaters.highMaterial
Info: Initializing high level material: Types\RTSSpecific\Units\RTSHeadquaters\RTSHeadquaters2.highMaterial
Info: Initializing high level material: Types\RTSSpecific\Units\RTSMine\RTSMine.highMaterial
Info: Initializing high level material: Types\RTSSpecific\Units\RTSMine\RTSMine2.highMaterial
Info: Initializing high level material: Types\RTSSpecific\Units\RTSRobot\RTSRobotBullet\RTSRobotBulletHit.highMaterial
Info: Initializing high level material: Types\Sky\BlueDaySky\BlueDaySky.highMaterial
Info: Initializing high level material: Types\Special\WaterPlane\WaterSplash\WaterSplash.highMaterial
Info: Initializing high level material: Types\Special\WaterPlane\WaterSplashWave\WaterSplashWave.highMaterial
Info: Initializing high level material: Types\StaticObjects\EngineLogoPlacard\EngineLogoPlacard.highMaterial
Info: Initializing high level material: Types\StaticObjects\Eyes\Eyes.highMaterial
Info: Initializing high level material: Types\StaticObjects\Fir\Fir.highMaterial
Info: Initializing high level material: Types\StaticObjects\Maple\Maple.highMaterial
Info: Initializing high level material: Types\StaticObjects\Maple\MapleLOD1.highMaterial
Info: Initializing high level material: Types\StaticObjects\MineBoard\MineBoard.highMaterial
Info: Initializing high level material: Types\StaticObjects\OgreHead\BumpMappingExample\BumpMappingExample.highMaterial
Info: Initializing high level material: Types\StaticObjects\OgreHead\OgreHead.highMaterial
Info: Initializing high level material: Types\StaticObjects\OgreHead\OgreHeadAnimated.highMaterial
Info: Initializing high level material: Types\StaticObjects\OgreHead\OgreHeadDynamicDiffuseScale.highMaterial
Info: Initializing high level material: Types\StaticObjects\OgreHead\OgreHeadEyes.highMaterial
Info: Initializing high level material: Types\StaticObjects\OgreHead\OgreHeadFangs.highMaterial
Info: Initializing high level material: Types\StaticObjects\OgreHead\OgreHeadTransparentExample\OgreHeadTransparentExample.highMaterial
Info: Initializing high level material: Types\StaticObjects\OgreHead\PerPixelLightingExample\PerPixelLightingExample.highMaterial
Info: Initializing high level material: Types\StaticObjects\Palette\Palette.highMaterial
Info: Initializing high level material: Types\StaticObjects\Palm\Palm.highMaterial
Info: Initializing high level material: Types\StaticObjects\ParkingBarrier\ParkingBarrier.highMaterial
Info: Initializing high level material: Types\StaticObjects\Pipe\Pipe.highMaterial
Info: Initializing high level material: Types\StaticObjects\RabbitHead\RabbitHead.highMaterial
Info: Initializing high level material: Types\StaticObjects\StaticBox\StaticBox.highMaterial
Info: Initializing high level material: Types\StaticObjects\Stone\Stone.highMaterial
Info: Initializing high level material: Types\StaticObjects\StopSign\StopSign.highMaterial
Info: Initializing high level material: Types\StaticObjects\SwitchBox\SwitchBox.highMaterial
Info: Initializing high level material: Types\StaticObjects\WallLamp\WallLamp.highMaterial
Info: Initializing high level material: Types\Units\AwesomeAircraft\AircraftMat_Mat01.highMaterial
Info: Initializing high level material: Types\Units\AwesomeAircraft\AircraftMat_Mat02.highMaterial
Info: Initializing high level material: Types\Units\AwesomeAircraft\AircraftMat_Mat03.highMaterial
Info: Initializing high level material: Types\Units\AwesomeAircraft\AircraftMat_Mat04.highMaterial
Info: Initializing high level material: Types\Units\AwesomeAircraft\AircraftMat_Mat05.highMaterial
Info: Initializing high level material: Types\Units\AwesomeAircraft\AircraftMat_Mat06.highMaterial
Info: Initializing high level material: Types\Units\AwesomeAircraft\AircraftMat_Mat07.highMaterial
Info: Initializing high level material: Types\Units\AwesomeAircraft\AircraftMat_Mat08.highMaterial
Info: Initializing high level material: Types\Units\AwesomeAircraft\AircraftMat_Mat09.highMaterial
Info: Initializing high level material: Types\Units\AwesomeAircraft\AircraftMat_Mat10.highMaterial
Info: Initializing high level material: Types\Units\AwesomeAircraft\AircraftMat_Mat11.highMaterial
Info: Initializing high level material: Types\Units\AwesomeAircraft\AircraftMat_Mat12.highMaterial
Info: Initializing high level material: Types\Units\AwesomeAircraft\AwesomeAircraftWheelMat.highMaterial
Info: Initializing high level material: Types\Units\Bug\Bug.highMaterial
Info: Initializing high level material: Types\Units\Crane\CraneBase\CraneBase_ConcreteCleanColor.highMaterial
Info: Initializing high level material: Types\Units\Crane\CraneBase\CraneBase_MetalPaintedColor.highMaterial
Info: Initializing high level material: Types\Units\Crane\CraneBase\CraneBase_MetalPatern01Color.highMaterial
Info: Initializing high level material: Types\Units\Crane\CraneBase\CraneBase_MetalPatern02Color.highMaterial
Info: Initializing high level material: Types\Units\Crane\CraneGibbet\CraneGibbet_MetalPattern01Color.highMaterial
Info: Initializing high level material: Types\Units\Crane\CraneMagnet\CraneMagnet_MetalPatern02Color.highMaterial
Info: Initializing high level material: Types\Units\Crane\CraneTower\CraneTower_ConcreteBlockColor.highMaterial
Info: Initializing high level material: Types\Units\Crane\CraneTower\CraneTower_MetalPaintedColor.highMaterial
Info: Initializing high level material: Types\Units\Crane\CraneTower\CraneTower_MetalPatern_01Color.highMaterial
Info: Initializing high level material: Types\Units\Crane\CraneTower\CraneTower_MetalPatern02Color.highMaterial
Info: Initializing high level material: Types\Units\Crane\CraneTower\CraneTower_ObjectColor.highMaterial
Info: Initializing high level material: Types\Units\Girl\GirlBody.highMaterial
Info: Initializing high level material: Types\Units\Girl\GirlHairs.highMaterial
Info: Initializing high level material: Types\Units\Helicopter\Helicopter.highMaterial
Info: Initializing high level material: Types\Units\Rabbit\Rabbit.highMaterial
Info: Initializing high level material: Types\Units\Robot\Robot.highMaterial
Info: Initializing high level material: Types\Units\Robot\Robot2.highMaterial
Info: Initializing high level material: Types\Units\Robot\RobotBullet\RobotBulletHit.highMaterial
Info: Initializing high level material: Types\Units\TigerTank\TigerTank_Base.highMaterial
Info: Initializing high level material: Types\Units\TigerTank\TigerTank_LeftTrack.highMaterial
Info: Initializing high level material: Types\Units\TigerTank\TigerTank_RightTrack.highMaterial
Info: Initializing high level material: Types\Units\Turret\Turret.highMaterial
Info: Initializing high level material: Types\Units\Turret\TurretBullet\TurretBulletHit.highMaterial
Info: Initializing high level material: Types\Units\Zombie\Zombie.highMaterial
Info: Initializing high level material: Types\Units\Zombie\ZombieBullet\ZombieBullet.highMaterial
Info: Initializing high level material: Types\Units\Zombie\ZombieBullet\ZombieBulletHitParticle.highMaterial
Info: Initializing high level material: Types\Weapons\Hammer\Hammer.highMaterial
Info: Initializing high level material: Types\Weapons\Shotgun\Shotgun.highMaterial
Info: Initializing high level material: Types\Weapons\Shotgun\Shotgun_FPS.highMaterial
Info: Initializing high level material: Types\Weapons\SubmachineGun\SubmachineGun.highMaterial
Info: Initializing high level material: Types\Weapons\SubmachineGun\SubmachineGun_FPS.highMaterial
Info: Initializing high level material: Types\Weapons\SubmachineGun\SubmachineGunFire.highMaterial
Info: Initializing high level material: Utils\ResourceEditorGrid\ResourceEditorGrid_1.highMaterial
Info: Initializing high level material: Utils\ResourceEditorGrid\ResourceEditorGrid_2.highMaterial
Info: OGRE: Texture: spot_shadow_fade.png: Loading 1 faces(PF_R8G8B8,128x128x1) with 7 generated mipmaps from Image. Internal format is PF_X8R8G8B8,128x128x1.
Info: OGRE: Texture: Materials\Common\White.jpg: Loading 1 faces(PF_R8G8B8,32x32x1) with 5 generated mipmaps from Image. Internal format is PF_X8R8G8B8,32x32x1.
Info: OGRE: Texture: Gui\HUD\Icons\SubmachineGun.png: Loading 1 faces(PF_A8R8G8B8,256x256x1) with 0 generated mipmaps from Image. Internal format is PF_A8R8G8B8,256x256x1.
Info: OGRE: Texture: Cursors/Target.png: Loading 1 faces(PF_A8R8G8B8,64x64x1) with 6 generated mipmaps from Image. Internal format is PF_A8R8G8B8,64x64x1.
Info: OGRE: D3D9 : ***** Dimensions altered by the render system
Info: OGRE: D3D9 : ***** Source image dimensions : 473x31
Info: OGRE: D3D9 : ***** Texture dimensions : 512x32
Info: OGRE: Texture: Gui\Textures\MenuTitleBackground.png: Loading 1 faces(PF_A8R8G8B8,473x31x1) with 9 generated mipmaps from Image. Internal format is PF_A8R8G8B8,512x32x1.
Info: OGRE: D3D9 : ***** Dimensions altered by the render system
Info: OGRE: D3D9 : ***** Source image dimensions : 230x160
Info: OGRE: D3D9 : ***** Texture dimensions : 256x256
Info: OGRE: Texture: Gui\Textures\MenuButton.png: Loading 1 faces(PF_A8R8G8B8,230x160x1) with 8 generated mipmaps from Image. Internal format is PF_A8R8G8B8,256x256x1.
Info: OGRE: Texture: Gui\Textures\MenuControlBorder.png: Loading 1 faces(PF_A8R8G8B8,16x16x1) with 4 generated mipmaps from Image. Internal format is PF_A8R8G8B8,16x16x1.
Info: OGRE: Texture: Gui\Textures\MenuComboBoxButton.png: Loading 1 faces(PF_A8R8G8B8,32x32x1) with 5 generated mipmaps from Image. Internal format is PF_A8R8G8B8,32x32x1.
Info: OGRE: D3D9 : ***** Dimensions altered by the render system
Info: OGRE: D3D9 : ***** Source image dimensions : 64x96
Info: OGRE: D3D9 : ***** Texture dimensions : 64x128
Info: OGRE: Texture: Gui\Textures\MenuCheckBox.png: Loading 1 faces(PF_A8R8G8B8,64x96x1) with 7 generated mipmaps from Image. Internal format is PF_A8R8G8B8,64x128x1.
Info: OGRE: Texture: Gui\Textures\MenuHScroll.png: Loading 1 faces(PF_A8R8G8B8,64x64x1) with 6 generated mipmaps from Image. Internal format is PF_A8R8G8B8,64x64x1.
Info: OGRE: Mesh: Loading Types\Bullets\SubmachineGunGrenade\SubmachineGunGrenade.mesh.
Info: OGRE: Mesh: Loading Types\Units\Zombie\Zombie.mesh.
Info: OGRE: Skeleton: Loading Types\Units\Zombie\Zombie.skeleton
Info: OGRE: D3D9 : Loading 2D Texture, image name : 'Types\Units\Zombie\Zombie1.dds' with 2147483647 mip map levels
Info: OGRE: Mesh: Loading Types\Units\Zombie\ZombieBullet\ZombieBullet.mesh.
Info: OGRE: D3D9 : Loading 2D Texture, image name : 'Types\Units\Zombie\ZombieBullet\ZombieBullet.dds' with 2147483647 mip map levels
Info: OGRE: Texture: Types\Units\Zombie\ZombieBullet\ZombieBulletHit.png: Loading 1 faces(PF_R8G8B8,64x64x1) with 6 generated mipmaps from Image. Internal format is PF_X8R8G8B8,64x64x1.
Info: OGRE: D3D9 : Loading 2D Texture, image name : 'Types\Decals\ZombieBulletDecal\ZombieBulletDecal.dds' with 2147483647 mip map levels
Fatal: Entities: Create: type == null.
   at System.Environment.GetStackTrace(Exception e, Boolean needFileInfo)
   at System.Environment.get_StackTrace()
   at Engine.Log.A()
   at Engine.Log.Fatal(String text)
   at Engine.EntitySystem.Entities.Create(EntityType type, Entity parent)
   at GameEntities.Dynamic.AddInfluence(InfluenceType influenceType, Single time, Boolean checkSubstance) in H:\Project_Work\FlightGame\Src\GameEntities\Dynamic.cs:line 646
   at GameEntities.Dynamic.UpdateAutomaticInfluences() in H:\Project_Work\FlightGame\Src\GameEntities\Dynamic.cs:line 863
   at GameEntities.Dynamic.set_Life(Single value) in H:\Project_Work\FlightGame\Src\GameEntities\Dynamic.cs:line 289
   at GameEntities.Dynamic.OnDamage(MapObject prejudicial, Vec3 pos, Shape shape, Single damage, Boolean allowMoveDamageToParent) in H:\Project_Work\FlightGame\Src\GameEntities\Dynamic.cs:line 316
   at GameEntities.Dynamic.DoDamage(MapObject prejudicial, Vec3 pos, Shape shape, Single damage, Boolean allowMoveDamageToParent) in H:\Project_Work\FlightGame\Src\GameEntities\Dynamic.cs:line 339
   at GameEntities.Bullet.OnHit(Shape shape, Vec3 normal, MapObject obj) in H:\Project_Work\FlightGame\Src\GameEntities\Bullet.cs:line 261
   at GameEntities.Bullet.OnTick() in H:\Project_Work\FlightGame\Src\GameEntities\Bullet.cs:line 318
   at Engine.EntitySystem.Entity.B()
   at Engine.EntitySystem.Entities.A(Single A, Boolean a)
   at Engine.EntitySystem.EntitySystemWorld.B()
   at Engine.EntitySystem.EntitySystemWorld.Tick()
   at Game.GameWindow.OnTick(Single delta) in H:\Project_Work\FlightGame\Src\Game\GameWindow.cs:line 102
   at Game.ActionGameWindow.OnTick(Single delta) in H:\Project_Work\FlightGame\Src\Game\ActionGameWindow.cs:line 336
   at Engine.UISystem.EControl.OnTick(Single delta)
   at Engine.UISystem.ControlManager.DoTick(Single delta)
   at Game.GameEngineApp.OnTick(Single delta) in H:\Project_Work\FlightGame\Src\Game\GameEngineApp.cs:line 574
   at Engine.EngineApp.DoTick()
   at Engine.EngineApp.A(Boolean A)
   at a.aH.RunMessageLoop()
   at Engine.EngineApp.Run()
   at Game.Program.Main2() in H:\Project_Work\FlightGame\Src\Game\Program.cs:line 67
   at Game.Program.Main() in H:\Project_Work\FlightGame\Src\Game\Program.cs:line 35